Started by user [8mha:AAAAiR+LCAAAAAAAAABb85aBtbiIQSajNKU4P08vOT+vOD8nVc+jsiC1KCczL9svvyT1dMUiOWdZ/mImBiZPBrac1Lz0kgwfBubSopwSBiGfrMSyRP2cxLx0/eCSosy8dOuKIgYpNOOcITTIMAYIYGRiYKgoADJ4Sxg49UuLU4v0ixNzAWksXTqOAAAA[0mSam Robertson
Checkout:Automated Test Runs / /var/lib/jenkins/workspace/Automated Test Runs - hudson.remoting.LocalChannel@16acd4a
Using strategy: Default
Last Built Revision: Revision e017445c5a4aee150bfc9217e98ce11073c1cf06 (origin/master)
Checkout:Automated Test Runs / /var/lib/jenkins/workspace/Automated Test Runs - hudson.remoting.LocalChannel@16acd4a
Fetching changes from 1 remote Git repository
Fetching upstream changes from git@github.com:CloudStack/CloudStack.git
Commencing build of Revision 63ddf16e707fd8a78e660cd4d5f34a894d13a11b (origin/master)
Checking out Revision 63ddf16e707fd8a78e660cd4d5f34a894d13a11b (origin/master)
[Automated Test Runs] $ ant automated-test-run
Buildfile: /var/lib/jenkins/workspace/Automated Test Runs/build.xml
     [echo] Using build parameters from /var/lib/jenkins/workspace/Automated Test Runs/build/build-cloud.properties
     [echo] Using company info from /var/lib/jenkins/workspace/Automated Test Runs/build/cloud.properties
     [echo] Using override file from /var/lib/jenkins/workspace/Automated Test Runs/build/replace.properties

[8mha:AAAAYB+LCAAAAAAAAABb85aBtbiIQSGjNKU4P0+vJLE4u1gvPjGvRM8xr8S/tCQ5PzfVL78ktUuDM0uMry+HiYGhoohBCqo8OT+vOD8nVc8ZQoMUMkAAI0hhAQAUXUdTXgAAAA==[0mBUILD FAILED
Target "automated-test-run" does not exist in the project "Cloud.com Cloud Stack Build Dispatch". 

Total time: 1 second
Build step 'Invoke Ant' marked build as failure
Finished: FAILURE
