Started by timer
Checkout:Automated Test Runs / /var/lib/jenkins/workspace/Automated Test Runs - hudson.remoting.LocalChannel@d39ac
Using strategy: Default
Last Built Revision: Revision e43914ab58400b0e6b244b08fba5b95679fcba32 (origin/master)
Checkout:Automated Test Runs / /var/lib/jenkins/workspace/Automated Test Runs - hudson.remoting.LocalChannel@d39ac
Fetching changes from 1 remote Git repository
Fetching upstream changes from git@github.com:CloudStack/CloudStack.git
Commencing build of Revision 99000f5d6e3a137c69039988ae0d5a4d488e2b4c (origin/master)
Checking out Revision 99000f5d6e3a137c69039988ae0d5a4d488e2b4c (origin/master)
[Automated Test Runs] $ /bin/sh -xe /tmp/hudson9111517260305537109.sh
+ sh tools/testClient/automated/automated.sh
Copying /usr/share/tomcat6/conf files to /var/lib/jenkins/automated/conf...
Copying /usr/share/tomcat6/bin files to /var/lib/jenkins/automated/bin...
Copying /usr/share/tomcat6/lib files to /var/lib/jenkins/automated/lib...
Copying /usr/share/tomcat6/logs files to /var/lib/jenkins/automated/logs...
Copying /usr/share/tomcat6/temp files to /var/lib/jenkins/automated/temp...
cp: cannot stat `/usr/share/tomcat6/temp/*': No such file or directory
Copying /usr/share/tomcat6/webapps files to /var/lib/jenkins/automated/webapps...
cp: cannot stat `/usr/share/tomcat6/webapps/*': No such file or directory
Copying /usr/share/tomcat6/work files to /var/lib/jenkins/automated/work...
cp: cannot stat `/usr/share/tomcat6/work/*': No such file or directory
Buildfile: /var/lib/jenkins/workspace/Automated Test Runs/build.xml
     [echo] Using build parameters from /var/lib/jenkins/workspace/Automated Test Runs/build/build-cloud.properties
     [echo] Using company info from /var/lib/jenkins/workspace/Automated Test Runs/build/cloud.properties
     [echo] Using override file from /var/lib/jenkins/workspace/Automated Test Runs/build/replace.properties

clean:
   [delete] Deleting: /var/lib/jenkins/workspace/Automated Test Runs/target/ant_verbose.txt
   [delete] Deleting directory /var/lib/jenkins/workspace/Automated Test Runs/target/classes
   [delete] Deleting directory /var/lib/jenkins/workspace/Automated Test Runs/target/jar
   [delete] Deleting directory /var/lib/jenkins/workspace/Automated Test Runs/dist

clean-all:
   [delete] Deleting directory /var/lib/jenkins/workspace/Automated Test Runs/target

BUILD SUCCESSFUL
Total time: 3 seconds
Buildfile: /var/lib/jenkins/workspace/Automated Test Runs/build.xml
     [echo] Using build parameters from /var/lib/jenkins/workspace/Automated Test Runs/build/build-cloud.properties
     [echo] Using company info from /var/lib/jenkins/workspace/Automated Test Runs/build/cloud.properties
     [echo] Using override file from /var/lib/jenkins/workspace/Automated Test Runs/build/replace.properties

automated-test-run:
     [echo] Using build parameters from /var/lib/jenkins/workspace/Automated Test Runs/build/build-cloud.properties
     [echo] Using company info from /var/lib/jenkins/workspace/Automated Test Runs/build/cloud.properties
     [echo] Using override file from /var/lib/jenkins/workspace/Automated Test Runs/build/replace.properties

-init:
    [mkdir] Created dir: /var/lib/jenkins/workspace/Automated Test Runs/dist
    [mkdir] Created dir: /var/lib/jenkins/workspace/Automated Test Runs/target
     [echo] builder: jenkins at domU-12-31-39-15-22-2D, on 2012-03-21T10:01:39Z
     [echo] Build number is 3.0.1.2012-03-21T10:01:39Z
    [mkdir] Created dir: /var/lib/jenkins/workspace/Automated Test Runs/target/jar
    [mkdir] Created dir: /var/lib/jenkins/workspace/Automated Test Runs/target/docs
    [mkdir] Created dir: /var/lib/jenkins/workspace/Automated Test Runs/target/dep-cache

compile-utils:
    [mkdir] Created dir: /var/lib/jenkins/workspace/Automated Test Runs/target/classes/cloud-utils.jar
     [echo] Compiling /var/lib/jenkins/workspace/Automated Test Runs/utils/src
    [javac] Compiling 203 source files to /var/lib/jenkins/workspace/Automated Test Runs/target/classes/cloud-utils.jar
    [javac] Note: /var/lib/jenkins/workspace/Automated Test Runs/utils/src/com/cloud/utils/UriUtils.java uses or overrides a deprecated API.
    [javac] Note: Recompile with -Xlint:deprecation for details.
    [javac] Note: Some input files use unchecked or unsafe operations.
    [javac] Note: Recompile with -Xlint:unchecked for details.
      [jar] Building jar: /var/lib/jenkins/workspace/Automated Test Runs/target/jar/cloud-utils.jar

compile-api:
    [mkdir] Created dir: /var/lib/jenkins/workspace/Automated Test Runs/target/classes/cloud-api.jar
     [echo] Compiling /var/lib/jenkins/workspace/Automated Test Runs/api/src
    [javac] Compiling 705 source files to /var/lib/jenkins/workspace/Automated Test Runs/target/classes/cloud-api.jar
    [javac] Note: Some input files use unchecked or unsafe operations.
    [javac] Note: Recompile with -Xlint:unchecked for details.
      [jar] Building jar: /var/lib/jenkins/workspace/Automated Test Runs/target/jar/cloud-api.jar

compile-vmware-base:
    [mkdir] Created dir: /var/lib/jenkins/workspace/Automated Test Runs/target/classes/cloud-vmware-base.jar
     [echo] Compiling /var/lib/jenkins/workspace/Automated Test Runs/vmware-base/src
    [javac] Compiling 34 source files to /var/lib/jenkins/workspace/Automated Test Runs/target/classes/cloud-vmware-base.jar
    [javac] Note: Some input files use or override a deprecated API.
    [javac] Note: Recompile with -Xlint:deprecation for details.
    [javac] Note: /var/lib/jenkins/workspace/Automated Test Runs/vmware-base/src/com/cloud/hypervisor/vmware/util/VmwareContext.java uses unchecked or unsafe operations.
    [javac] Note: Recompile with -Xlint:unchecked for details.
      [jar] Building jar: /var/lib/jenkins/workspace/Automated Test Runs/target/jar/cloud-vmware-base.jar

compile-core:
    [mkdir] Created dir: /var/lib/jenkins/workspace/Automated Test Runs/target/classes/cloud-core.jar
     [echo] Compiling /var/lib/jenkins/workspace/Automated Test Runs/core/src
    [javac] Compiling 178 source files to /var/lib/jenkins/workspace/Automated Test Runs/target/classes/cloud-core.jar
    [javac] Note: /var/lib/jenkins/workspace/Automated Test Runs/core/src/com/cloud/hypervisor/vmware/manager/VmwareStorageManagerImpl.java uses or overrides a deprecated API.
    [javac] Note: Recompile with -Xlint:deprecation for details.
    [javac] Note: Some input files use unchecked or unsafe operations.
    [javac] Note: Recompile with -Xlint:unchecked for details.
      [jar] Building jar: /var/lib/jenkins/workspace/Automated Test Runs/target/jar/cloud-core.jar

compile-agent:
    [mkdir] Created dir: /var/lib/jenkins/workspace/Automated Test Runs/target/classes/cloud-agent.jar
     [echo] Compiling /var/lib/jenkins/workspace/Automated Test Runs/agent/src
    [javac] Compiling 42 source files to /var/lib/jenkins/workspace/Automated Test Runs/target/classes/cloud-agent.jar
    [javac] Note: /var/lib/jenkins/workspace/Automated Test Runs/agent/src/com/cloud/agent/resource/computing/LibvirtVMDef.java uses unchecked or unsafe operations.
    [javac] Note: Recompile with -Xlint:unchecked for details.
      [jar] Building jar: /var/lib/jenkins/workspace/Automated Test Runs/target/jar/cloud-agent.jar

compile-server:
    [mkdir] Created dir: /var/lib/jenkins/workspace/Automated Test Runs/target/classes/cloud-server.jar
     [echo] Compiling /var/lib/jenkins/workspace/Automated Test Runs/server/src
    [javac] Compiling 824 source files to /var/lib/jenkins/workspace/Automated Test Runs/target/classes/cloud-server.jar
    [javac] Note: Some input files use or override a deprecated API.
    [javac] Note: Recompile with -Xlint:deprecation for details.
    [javac] Note: Some input files use unchecked or unsafe operations.
    [javac] Note: Recompile with -Xlint:unchecked for details.
      [jar] Building jar: /var/lib/jenkins/workspace/Automated Test Runs/target/jar/cloud-server.jar

build-server:
    [mkdir] Created dir: /var/lib/jenkins/workspace/Automated Test Runs/dist/client
    [mkdir] Created dir: /var/lib/jenkins/workspace/Automated Test Runs/dist/client/lib
    [mkdir] Created dir: /var/lib/jenkins/workspace/Automated Test Runs/dist/client/conf
     [copy] Copying 38 files to /var/lib/jenkins/workspace/Automated Test Runs/target/jar
     [copy] Copying 23 files to /var/lib/jenkins/workspace/Automated Test Runs/dist/client/conf
     [copy] Copying 54 files to /var/lib/jenkins/workspace/Automated Test Runs/target/db

build-console-viewer:
    [mkdir] Created dir: /var/lib/jenkins/workspace/Automated Test Runs/target/classes/console-viewer
    [javac] Compiling 21 source files to /var/lib/jenkins/workspace/Automated Test Runs/target/classes/console-viewer
    [javac] /var/lib/jenkins/workspace/Automated Test Runs/console/src/com/cloud/console/ConsoleCanvas.java:1578: warning: [deprecation] KeyEvent(java.awt.Component,int,long,int,int) in java.awt.event.KeyEvent has been deprecated
    [javac]   		KeyEvent evt = new KeyEvent(this, KeyEvent.KEY_PRESSED, System.currentTimeMillis(), 
    [javac]   		               ^
    [javac] 1 warning
    [javac] Compiling 8 source files to /var/lib/jenkins/workspace/Automated Test Runs/target/classes/console-viewer
      [jar] Building jar: /var/lib/jenkins/workspace/Automated Test Runs/target/jar/VMOpsConsoleApplet.jar

compile-console-common:
    [mkdir] Created dir: /var/lib/jenkins/workspace/Automated Test Runs/target/classes/cloud-console-common.jar
     [echo] Compiling /var/lib/jenkins/workspace/Automated Test Runs/console/src
    [javac] Compiling 21 source files to /var/lib/jenkins/workspace/Automated Test Runs/target/classes/cloud-console-common.jar
    [javac] Note: /var/lib/jenkins/workspace/Automated Test Runs/console/src/com/cloud/console/ConsoleCanvas.java uses or overrides a deprecated API.
    [javac] Note: Recompile with -Xlint:deprecation for details.
      [jar] Building jar: /var/lib/jenkins/workspace/Automated Test Runs/target/jar/cloud-console-common.jar

compile-console-proxy:
    [mkdir] Created dir: /var/lib/jenkins/workspace/Automated Test Runs/target/classes/cloud-console-proxy.jar
     [echo] Compiling /var/lib/jenkins/workspace/Automated Test Runs/console-proxy/src
    [javac] Compiling 53 source files to /var/lib/jenkins/workspace/Automated Test Runs/target/classes/cloud-console-proxy.jar
    [javac] Note: /var/lib/jenkins/workspace/Automated Test Runs/console-proxy/src/com/cloud/consoleproxy/ConsoleProxyAjaxHandler.java uses or overrides a deprecated API.
    [javac] Note: Recompile with -Xlint:deprecation for details.
      [jar] Building jar: /var/lib/jenkins/workspace/Automated Test Runs/target/jar/cloud-console-proxy.jar

copy-console-proxy:
    [mkdir] Created dir: /var/lib/jenkins/workspace/Automated Test Runs/dist/console-proxy
    [mkdir] Created dir: /var/lib/jenkins/workspace/Automated Test Runs/dist/console-proxy/conf
    [mkdir] Created dir: /var/lib/jenkins/workspace/Automated Test Runs/dist/console-proxy/logs
    [mkdir] Created dir: /var/lib/jenkins/workspace/Automated Test Runs/dist/console-proxy/applet
    [mkdir] Created dir: /var/lib/jenkins/workspace/Automated Test Runs/dist/console-proxy/images
    [mkdir] Created dir: /var/lib/jenkins/workspace/Automated Test Runs/dist/console-proxy/js
    [mkdir] Created dir: /var/lib/jenkins/workspace/Automated Test Runs/dist/console-proxy/ui
    [mkdir] Created dir: /var/lib/jenkins/workspace/Automated Test Runs/dist/console-proxy/css
    [mkdir] Created dir: /var/lib/jenkins/workspace/Automated Test Runs/dist/console-proxy/certs
     [copy] Copying 2 files to /var/lib/jenkins/workspace/Automated Test Runs/dist/console-proxy
     [copy] Copying 1 file to /var/lib/jenkins/workspace/Automated Test Runs/dist/console-proxy/conf
     [copy] Copying 22 files to /var/lib/jenkins/workspace/Automated Test Runs/dist/console-proxy/images
     [copy] Copying 1 file to /var/lib/jenkins/workspace/Automated Test Runs/dist/console-proxy/applet
     [copy] Copying 4 files to /var/lib/jenkins/workspace/Automated Test Runs/dist/console-proxy/js
     [copy] Copying 4 files to /var/lib/jenkins/workspace/Automated Test Runs/dist/console-proxy/ui
     [copy] Copying 2 files to /var/lib/jenkins/workspace/Automated Test Runs/dist/console-proxy/css
     [copy] Copying 5 files to /var/lib/jenkins/workspace/Automated Test Runs/dist/console-proxy/certs

build-console-proxy:
     [copy] Copying 8 files to /var/lib/jenkins/workspace/Automated Test Runs/dist/console-proxy
     [copy] Copying 2 files to /var/lib/jenkins/workspace/Automated Test Runs/dist/console-proxy/conf

build-agent:
    [mkdir] Created dir: /var/lib/jenkins/workspace/Automated Test Runs/dist/agent
    [mkdir] Created dir: /var/lib/jenkins/workspace/Automated Test Runs/dist/agent/scripts
    [mkdir] Created dir: /var/lib/jenkins/workspace/Automated Test Runs/dist/agent/conf
    [mkdir] Created dir: /var/lib/jenkins/workspace/Automated Test Runs/dist/agent/logs
    [mkdir] Created dir: /var/lib/jenkins/workspace/Automated Test Runs/dist/agent/db
    [mkdir] Created dir: /var/lib/jenkins/workspace/Automated Test Runs/dist/agent/storagehdpatch
     [copy] Copying 1 file to /var/lib/jenkins/workspace/Automated Test Runs/dist/agent/conf
     [copy] Copying 1 file to /var/lib/jenkins/workspace/Automated Test Runs/dist/agent/conf
     [copy] Copying 2 files to /var/lib/jenkins/workspace/Automated Test Runs/dist/agent

build-scripts:
     [copy] Copying 153 files to /var/lib/jenkins/workspace/Automated Test Runs/target/scripts
     [copy] Copying 1 file to /var/lib/jenkins/workspace/Automated Test Runs/target/scripts

build-ui:
    [mkdir] Created dir: /var/lib/jenkins/workspace/Automated Test Runs/target/ui
     [copy] Copying 141 files to /var/lib/jenkins/workspace/Automated Test Runs/target/ui
     [copy] Copying 519 files to /var/lib/jenkins/workspace/Automated Test Runs/target/ui
     [copy] Copying 4 files to /var/lib/jenkins/workspace/Automated Test Runs/target/ui

compile-ovm:
    [mkdir] Created dir: /var/lib/jenkins/workspace/Automated Test Runs/target/classes/cloud-ovm.jar
     [echo] Compiling /var/lib/jenkins/workspace/Automated Test Runs/ovm/src
    [javac] Compiling 18 source files to /var/lib/jenkins/workspace/Automated Test Runs/target/classes/cloud-ovm.jar
    [javac] Note: /var/lib/jenkins/workspace/Automated Test Runs/ovm/src/com/cloud/ovm/object/OvmStoragePool.java uses unchecked or unsafe operations.
    [javac] Note: Recompile with -Xlint:unchecked for details.
      [jar] Building jar: /var/lib/jenkins/workspace/Automated Test Runs/target/jar/cloud-ovm.jar

build-ovm:

-init-package:

package-oss-systemvm:
      [zip] Building zip: /var/lib/jenkins/workspace/Automated Test Runs/dist/systemvm.zip

build-systemvm-patch:
    [mkdir] Created dir: /var/lib/jenkins/workspace/Automated Test Runs/dist/build-patch
    [mkdir] Created dir: /var/lib/jenkins/workspace/Automated Test Runs/dist/build-patch/usr/sbin
     [copy] Copying 75 files to /var/lib/jenkins/workspace/Automated Test Runs/dist/build-patch
     [copy] Copying 5 files to /var/lib/jenkins/workspace/Automated Test Runs/dist/build-patch/usr/sbin
      [tar] Building tar: /var/lib/jenkins/workspace/Automated Test Runs/dist/patch.tar
     [copy] Copying 1 file to /var/lib/jenkins/workspace/Automated Test Runs/dist
     [gzip] Building: /var/lib/jenkins/workspace/Automated Test Runs/dist/cloud-scripts.tgz
   [delete] Deleting: /var/lib/jenkins/workspace/Automated Test Runs/dist/patch.tar
   [delete] Deleting directory /var/lib/jenkins/workspace/Automated Test Runs/dist/build-patch

package-oss-systemvm-iso:

build-opensource:
     [copy] Copying 4 files to /var/lib/jenkins/workspace/Automated Test Runs/dist
     [copy] Copying 4 files to /var/lib/jenkins/workspace/Automated Test Runs/target/jar

build-war-oss:
      [war] Building war: /var/lib/jenkins/workspace/Automated Test Runs/dist/client/client.war

-init-test:
    [mkdir] Created dir: /var/lib/jenkins/workspace/Automated Test Runs/target/test
    [mkdir] Created dir: /var/lib/jenkins/workspace/Automated Test Runs/target/test/classes

compile-testclient:
     [echo] src is /var/lib/jenkins/workspace/Automated Test Runs/test
    [mkdir] Created dir: /var/lib/jenkins/workspace/Automated Test Runs/target/classes/cloud-test.jar
     [echo] Compiling /var/lib/jenkins/workspace/Automated Test Runs/test/src
    [javac] Compiling 37 source files to /var/lib/jenkins/workspace/Automated Test Runs/target/classes/cloud-test.jar
      [jar] Building jar: /var/lib/jenkins/workspace/Automated Test Runs/target/jar/cloud-test.jar

compile-usage:
    [mkdir] Created dir: /var/lib/jenkins/workspace/Automated Test Runs/target/classes/cloud-usage.jar
     [echo] Compiling /var/lib/jenkins/workspace/Automated Test Runs/usage/src
    [javac] Compiling 16 source files to /var/lib/jenkins/workspace/Automated Test Runs/target/classes/cloud-usage.jar
      [jar] Building jar: /var/lib/jenkins/workspace/Automated Test Runs/target/jar/cloud-usage.jar

build-all:
     [echo] Using build parameters from /var/lib/jenkins/workspace/Automated Test Runs/build/build-cloud.properties
     [echo] Using company info from /var/lib/jenkins/workspace/Automated Test Runs/build/cloud.properties
     [echo] Using override file from /var/lib/jenkins/workspace/Automated Test Runs/build/replace.properties

deploy-common:
     [echo] Using build parameters from /var/lib/jenkins/workspace/Automated Test Runs/build/build-cloud.properties
     [echo] Using company info from /var/lib/jenkins/workspace/Automated Test Runs/build/cloud.properties
     [echo] Using override file from /var/lib/jenkins/workspace/Automated Test Runs/build/replace.properties

unzip:
    [unwar] Expanding: /var/lib/jenkins/workspace/Automated Test Runs/dist/client/client.war into /var/lib/jenkins/automated/webapps/client

BUILD FAILED
/var/lib/jenkins/workspace/Automated Test Runs/build/build-tests.xml:270: The following error occurred while executing this line:
/var/lib/jenkins/workspace/Automated Test Runs/build/developer.xml:166: Error while expanding /var/lib/jenkins/workspace/Automated Test Runs/dist/client/client.war
java.io.IOException: No space left on device
	at java.io.FileOutputStream.writeBytes(Native Method)
	at java.io.FileOutputStream.write(FileOutputStream.java:297)
	at org.apache.tools.ant.taskdefs.Expand.extractFile(Expand.java:344)
	at org.apache.tools.ant.taskdefs.Expand.expandFile(Expand.java:179)
	at org.apache.tools.ant.taskdefs.Expand.execute(Expand.java:132)
	at org.apache.tools.ant.UnknownElement.execute(UnknownElement.java:291)
	at sun.reflect.GeneratedMethodAccessor25.invoke(Unknown Source)
	at sun.reflect.DelegatingMethodAccessorImpl.invoke(DelegatingMethodAccessorImpl.java:43)
	at java.lang.reflect.Method.invoke(Method.java:616)
	at org.apache.tools.ant.dispatch.DispatchUtils.execute(DispatchUtils.java:106)
	at org.apache.tools.ant.Task.perform(Task.java:348)
	at org.apache.tools.ant.Target.execute(Target.java:390)
	at org.apache.tools.ant.Target.performTasks(Target.java:411)
	at org.apache.tools.ant.Project.executeSortedTargets(Project.java:1399)
	at org.apache.tools.ant.helper.SingleCheckExecutor.executeTargets(SingleCheckExecutor.java:38)
	at org.apache.tools.ant.Project.executeTargets(Project.java:1251)
	at org.apache.tools.ant.taskdefs.Ant.execute(Ant.java:442)
	at org.apache.tools.ant.taskdefs.CallTarget.execute(CallTarget.java:105)
	at org.apache.tools.ant.UnknownElement.execute(UnknownElement.java:291)
	at sun.reflect.GeneratedMethodAccessor25.invoke(Unknown Source)
	at sun.reflect.DelegatingMethodAccessorImpl.invoke(DelegatingMethodAccessorImpl.java:43)
	at java.lang.reflect.Method.invoke(Method.java:616)
	at org.apache.tools.ant.dispatch.DispatchUtils.execute(DispatchUtils.java:106)
	at org.apache.tools.ant.Task.perform(Task.java:348)
	at org.apache.tools.ant.Target.execute(Target.java:390)
	at org.apache.tools.ant.Target.performTasks(Target.java:411)
	at org.apache.tools.ant.Project.executeSortedTargets(Project.java:1399)
	at org.apache.tools.ant.Project.executeTarget(Project.java:1368)
	at org.apache.tools.ant.helper.DefaultExecutor.executeTargets(DefaultExecutor.java:41)
	at org.apache.tools.ant.Project.executeTargets(Project.java:1251)
	at org.apache.tools.ant.Main.runBuild(Main.java:809)
	at org.apache.tools.ant.Main.startAnt(Main.java:217)
	at org.apache.tools.ant.launch.Launcher.run(Launcher.java:280)
	at org.apFinished: SUCCESS
