Started by timer
Checkout:Automated Test Runs / /var/lib/jenkins/workspace/Automated Test Runs - hudson.remoting.LocalChannel@d39ac
Using strategy: Default
Last Built Revision: Revision 8af4053a14236008a5277eec3e8e8da181a41a76 (origin/master)
Checkout:Automated Test Runs / /var/lib/jenkins/workspace/Automated Test Runs - hudson.remoting.LocalChannel@d39ac
Fetching changes from 1 remote Git repository
Fetching upstream changes from git@github.com:CloudStack/CloudStack.git
Commencing build of Revision 8af4053a14236008a5277eec3e8e8da181a41a76 (origin/master)
Checking out Revision 8af4053a14236008a5277eec3e8e8da181a41a76 (origin/master)
[Automated Test Runs] $ /bin/sh -xe /tmp/hudson4580497659384846879.sh
+ sh tools/testClient/automated/automated.sh
Copying /usr/share/tomcat6/conf files to /var/lib/jenkins/automated/conf...
Copying /usr/share/tomcat6/bin files to /var/lib/jenkins/automated/bin...
Copying /usr/share/tomcat6/lib files to /var/lib/jenkins/automated/lib...
Copying /usr/share/tomcat6/logs files to /var/lib/jenkins/automated/logs...
Copying /usr/share/tomcat6/temp files to /var/lib/jenkins/automated/temp...
cp: cannot stat `/usr/share/tomcat6/temp/*': No such file or directory
Copying /usr/share/tomcat6/webapps files to /var/lib/jenkins/automated/webapps...
cp: cannot stat `/usr/share/tomcat6/webapps/*': No such file or directory
Copying /usr/share/tomcat6/work files to /var/lib/jenkins/automated/work...
cp: cannot stat `/usr/share/tomcat6/work/*': No such file or directory
Buildfile: /var/lib/jenkins/workspace/Automated Test Runs/build.xml
     [echo] Using build parameters from /var/lib/jenkins/workspace/Automated Test Runs/build/build-cloud.properties
     [echo] Using company info from /var/lib/jenkins/workspace/Automated Test Runs/build/cloud.properties
     [echo] Using override file from /var/lib/jenkins/workspace/Automated Test Runs/build/replace.properties

clean:
   [delete] Deleting: /var/lib/jenkins/workspace/Automated Test Runs/target/ant_verbose.txt
   [delete] Deleting directory /var/lib/jenkins/workspace/Automated Test Runs/target/classes
   [delete] Deleting directory /var/lib/jenkins/workspace/Automated Test Runs/target/jar
   [delete] Deleting directory /var/lib/jenkins/workspace/Automated Test Runs/dist

clean-all:
   [delete] Deleting directory /var/lib/jenkins/workspace/Automated Test Runs/target

BUILD SUCCESSFUL
Total time: 2 seconds
Buildfile: /var/lib/jenkins/workspace/Automated Test Runs/build.xml
     [echo] Using build parameters from /var/lib/jenkins/workspace/Automated Test Runs/build/build-cloud.properties
     [echo] Using company info from /var/lib/jenkins/workspace/Automated Test Runs/build/cloud.properties
     [echo] Using override file from /var/lib/jenkins/workspace/Automated Test Runs/build/replace.properties

automated-test-run:
     [echo] Using build parameters from /var/lib/jenkins/workspace/Automated Test Runs/build/build-cloud.properties
     [echo] Using company info from /var/lib/jenkins/workspace/Automated Test Runs/build/cloud.properties
     [echo] Using override file from /var/lib/jenkins/workspace/Automated Test Runs/build/replace.properties

-init:
    [mkdir] Created dir: /var/lib/jenkins/workspace/Automated Test Runs/dist
    [mkdir] Created dir: /var/lib/jenkins/workspace/Automated Test Runs/target
     [echo] builder: jenkins at domU-12-31-39-15-22-2D, on 2012-03-19T16:01:19Z
     [echo] Build number is 3.0.0.2012-03-19T16:01:19Z
    [mkdir] Created dir: /var/lib/jenkins/workspace/Automated Test Runs/target/jar
    [mkdir] Created dir: /var/lib/jenkins/workspace/Automated Test Runs/target/docs
    [mkdir] Created dir: /var/lib/jenkins/workspace/Automated Test Runs/target/dep-cache

compile-utils:
    [mkdir] Created dir: /var/lib/jenkins/workspace/Automated Test Runs/target/classes/cloud-utils.jar
     [echo] Compiling /var/lib/jenkins/workspace/Automated Test Runs/utils/src
    [javac] Compiling 203 source files to /var/lib/jenkins/workspace/Automated Test Runs/target/classes/cloud-utils.jar
    [javac] Note: /var/lib/jenkins/workspace/Automated Test Runs/utils/src/com/cloud/utils/UriUtils.java uses or overrides a deprecated API.
    [javac] Note: Recompile with -Xlint:deprecation for details.
    [javac] Note: Some input files use unchecked or unsafe operations.
    [javac] Note: Recompile with -Xlint:unchecked for details.
      [jar] Building jar: /var/lib/jenkins/workspace/Automated Test Runs/target/jar/cloud-utils.jar

compile-api:
    [mkdir] Created dir: /var/lib/jenkins/workspace/Automated Test Runs/target/classes/cloud-api.jar
     [echo] Compiling /var/lib/jenkins/workspace/Automated Test Runs/api/src
    [javac] Compiling 705 source files to /var/lib/jenkins/workspace/Automated Test Runs/target/classes/cloud-api.jar
    [javac] Note: Some input files use unchecked or unsafe operations.
    [javac] Note: Recompile with -Xlint:unchecked for details.
      [jar] Building jar: /var/lib/jenkins/workspace/Automated Test Runs/target/jar/cloud-api.jar

compile-vmware-base:
    [mkdir] Created dir: /var/lib/jenkins/workspace/Automated Test Runs/target/classes/cloud-vmware-base.jar
     [echo] Compiling /var/lib/jenkins/workspace/Automated Test Runs/vmware-base/src
    [javac] Compiling 34 source files to /var/lib/jenkins/workspace/Automated Test Runs/target/classes/cloud-vmware-base.jar
    [javac] Note: Some input files use or override a deprecated API.
    [javac] Note: Recompile with -Xlint:deprecation for details.
    [javac] Note: /var/lib/jenkins/workspace/Automated Test Runs/vmware-base/src/com/cloud/hypervisor/vmware/util/VmwareContext.java uses unchecked or unsafe operations.
    [javac] Note: Recompile with -Xlint:unchecked for details.
      [jar] Building jar: /var/lib/jenkins/workspace/Automated Test Runs/target/jar/cloud-vmware-base.jar

compile-core:
    [mkdir] Created dir: /var/lib/jenkins/workspace/Automated Test Runs/target/classes/cloud-core.jar
     [echo] Compiling /var/lib/jenkins/workspace/Automated Test Runs/core/src
    [javac] Compiling 178 source files to /var/lib/jenkins/workspace/Automated Test Runs/target/classes/cloud-core.jar
    [javac] Note: /var/lib/jenkins/workspace/Automated Test Runs/core/src/com/cloud/hypervisor/vmware/manager/VmwareStorageManagerImpl.java uses or overrides a deprecated API.
    [javac] Note: Recompile with -Xlint:deprecation for details.
    [javac] Note: Some input files use unchecked or unsafe operations.
    [javac] Note: Recompile with -Xlint:unchecked for details.
      [jar] Building jar: /var/lib/jenkins/workspace/Automated Test Runs/target/jar/cloud-core.jar

compile-agent:
    [mkdir] Created dir: /var/lib/jenkins/workspace/Automated Test Runs/target/classes/cloud-agent.jar
     [echo] Compiling /var/lib/jenkins/workspace/Automated Test Runs/agent/src
    [javac] Compiling 42 source files to /var/lib/jenkins/workspace/Automated Test Runs/target/classes/cloud-agent.jar
    [javac] Note: /var/lib/jenkins/workspace/Automated Test Runs/agent/src/com/cloud/agent/resource/computing/LibvirtVMDef.java uses unchecked or unsafe operations.
    [javac] Note: Recompile with -Xlint:unchecked for details.
      [jar] Building jar: /var/lib/jenkins/workspace/Automated Test Runs/target/jar/cloud-agent.jar

compile-server:
    [mkdir] Created dir: /var/lib/jenkins/workspace/Automated Test Runs/target/classes/cloud-server.jar
     [echo] Compiling /var/lib/jenkins/workspace/Automated Test Runs/server/src
    [javac] Compiling 823 source files to /var/lib/jenkins/workspace/Automated Test Runs/target/classes/cloud-server.jar
    [javac] Note: Some input files use or override a deprecated API.
    [javac] Note: Recompile with -Xlint:deprecation for details.
    [javac] Note: Some input files use unchecked or unsafe operations.
    [javac] Note: Recompile with -Xlint:unchecked for details.
      [jar] Building jar: /var/lib/jenkins/workspace/Automated Test Runs/target/jar/cloud-server.jar

build-server:
    [mkdir] Created dir: /var/lib/jenkins/workspace/Automated Test Runs/dist/client
    [mkdir] Created dir: /var/lib/jenkins/workspace/Automated Test Runs/dist/client/lib
    [mkdir] Created dir: /var/lib/jenkins/workspace/Automated Test Runs/dist/client/conf
     [copy] Copying 38 files to /var/lib/jenkins/workspace/Automated Test Runs/target/jar
     [copy] Copying 23 files to /var/lib/jenkins/workspace/Automated Test Runs/dist/client/conf
     [copy] Copying 53 files to /var/lib/jenkins/workspace/Automated Test Runs/target/db

build-console-viewer:
    [mkdir] Created dir: /var/lib/jenkins/workspace/Automated Test Runs/target/classes/console-viewer
    [javac] Compiling 21 source files to /var/lib/jenkins/workspace/Automated Test Runs/target/classes/console-viewer
    [javac] /var/lib/jenkins/workspace/Automated Test Runs/console/src/com/cloud/console/ConsoleCanvas.java:1578: warning: [deprecation] KeyEvent(java.awt.Component,int,long,int,int) in java.awt.event.KeyEvent has been deprecated
    [javac]   		KeyEvent evt = new KeyEvent(this, KeyEvent.KEY_PRESSED, System.currentTimeMillis(), 
    [javac]   		               ^
    [javac] 1 warning
    [javac] Compiling 8 source files to /var/lib/jenkins/workspace/Automated Test Runs/target/classes/console-viewer
      [jar] Building jar: /var/lib/jenkins/workspace/Automated Test Runs/target/jar/VMOpsConsoleApplet.jar

compile-console-common:
    [mkdir] Created dir: /var/lib/jenkins/workspace/Automated Test Runs/target/classes/cloud-console-common.jar
     [echo] Compiling /var/lib/jenkins/workspace/Automated Test Runs/console/src
    [javac] Compiling 21 source files to /var/lib/jenkins/workspace/Automated Test Runs/target/classes/cloud-console-common.jar
    [javac] Note: /var/lib/jenkins/workspace/Automated Test Runs/console/src/com/cloud/console/ConsoleCanvas.java uses or overrides a deprecated API.
    [javac] Note: Recompile with -Xlint:deprecation for details.
      [jar] Building jar: /var/lib/jenkins/workspace/Automated Test Runs/target/jar/cloud-console-common.jar

compile-console-proxy:
    [mkdir] Created dir: /var/lib/jenkins/workspace/Automated Test Runs/target/classes/cloud-console-proxy.jar
     [echo] Compiling /var/lib/jenkins/workspace/Automated Test Runs/console-proxy/src
    [javac] Compiling 53 source files to /var/lib/jenkins/workspace/Automated Test Runs/target/classes/cloud-console-proxy.jar
    [javac] Note: /var/lib/jenkins/workspace/Automated Test Runs/console-proxy/src/com/cloud/consoleproxy/ConsoleProxyAjaxHandler.java uses or overrides a deprecated API.
    [javac] Note: Recompile with -Xlint:deprecation for details.
      [jar] Building jar: /var/lib/jenkins/workspace/Automated Test Runs/target/jar/cloud-console-proxy.jar

copy-console-proxy:
    [mkdir] Created dir: /var/lib/jenkins/workspace/Automated Test Runs/dist/console-proxy
    [mkdir] Created dir: /var/lib/jenkins/workspace/Automated Test Runs/dist/console-proxy/conf
    [mkdir] Created dir: /var/lib/jenkins/workspace/Automated Test Runs/dist/console-proxy/logs
    [mkdir] Created dir: /var/lib/jenkins/workspace/Automated Test Runs/dist/console-proxy/applet
    [mkdir] Created dir: /var/lib/jenkins/workspace/Automated Test Runs/dist/console-proxy/images
    [mkdir] Created dir: /var/lib/jenkins/workspace/Automated Test Runs/dist/console-proxy/js
    [mkdir] Created dir: /var/lib/jenkins/workspace/Automated Test Runs/dist/console-proxy/ui
    [mkdir] Created dir: /var/lib/jenkins/workspace/Automated Test Runs/dist/console-proxy/css
    [mkdir] Created dir: /var/lib/jenkins/workspace/Automated Test Runs/dist/console-proxy/certs
     [copy] Copying 2 files to /var/lib/jenkins/workspace/Automated Test Runs/dist/console-proxy
     [copy] Copying 1 file to /var/lib/jenkins/workspace/Automated Test Runs/dist/console-proxy/conf
     [copy] Copying 22 files to /var/lib/jenkins/workspace/Automated Test Runs/dist/console-proxy/images
     [copy] Copying 1 file to /var/lib/jenkins/workspace/Automated Test Runs/dist/console-proxy/applet
     [copy] Copying 4 files to /var/lib/jenkins/workspace/Automated Test Runs/dist/console-proxy/js
     [copy] Copying 4 files to /var/lib/jenkins/workspace/Automated Test Runs/dist/console-proxy/ui
     [copy] Copying 2 files to /var/lib/jenkins/workspace/Automated Test Runs/dist/console-proxy/css
     [copy] Copying 5 files to /var/lib/jenkins/workspace/Automated Test Runs/dist/console-proxy/certs

build-console-proxy:
     [copy] Copying 8 files to /var/lib/jenkins/workspace/Automated Test Runs/dist/console-proxy
     [copy] Copying 2 files to /var/lib/jenkins/workspace/Automated Test Runs/dist/console-proxy/conf

build-agent:
    [mkdir] Created dir: /var/lib/jenkins/workspace/Automated Test Runs/dist/agent
    [mkdir] Created dir: /var/lib/jenkins/workspace/Automated Test Runs/dist/agent/scripts
    [mkdir] Created dir: /var/lib/jenkins/workspace/Automated Test Runs/dist/agent/conf
    [mkdir] Created dir: /var/lib/jenkins/workspace/Automated Test Runs/dist/agent/logs
    [mkdir] Created dir: /var/lib/jenkins/workspace/Automated Test Runs/dist/agent/db
    [mkdir] Created dir: /var/lib/jenkins/workspace/Automated Test Runs/dist/agent/storagehdpatch
     [copy] Copying 1 file to /var/lib/jenkins/workspace/Automated Test Runs/dist/agent/conf
     [copy] Copying 1 file to /var/lib/jenkins/workspace/Automated Test Runs/dist/agent/conf
     [copy] Copying 2 files to /var/lib/jenkins/workspace/Automated Test Runs/dist/agent

build-scripts:
     [copy] Copying 153 files to /var/lib/jenkins/workspace/Automated Test Runs/target/scripts
     [copy] Copying 1 file to /var/lib/jenkins/workspace/Automated Test Runs/target/scripts

build-ui:
    [mkdir] Created dir: /var/lib/jenkins/workspace/Automated Test Runs/target/ui
     [copy] Copying 141 files to /var/lib/jenkins/workspace/Automated Test Runs/target/ui
     [copy] Copying 519 files to /var/lib/jenkins/workspace/Automated Test Runs/target/ui
     [copy] Copying 4 files to /var/lib/jenkins/workspace/Automated Test Runs/target/ui

compile-ovm:
    [mkdir] Created dir: /var/lib/jenkins/workspace/Automated Test Runs/target/classes/cloud-ovm.jar
     [echo] Compiling /var/lib/jenkins/workspace/Automated Test Runs/ovm/src
    [javac] Compiling 18 source files to /var/lib/jenkins/workspace/Automated Test Runs/target/classes/cloud-ovm.jar
    [javac] Note: /var/lib/jenkins/workspace/Automated Test Runs/ovm/src/com/cloud/ovm/object/OvmStoragePool.java uses unchecked or unsafe operations.
    [javac] Note: Recompile with -Xlint:unchecked for details.
      [jar] Building jar: /var/lib/jenkins/workspace/Automated Test Runs/target/jar/cloud-ovm.jar

build-ovm:

-init-package:

package-oss-systemvm:
      [zip] Building zip: /var/lib/jenkins/workspace/Automated Test Runs/dist/systemvm.zip

build-systemvm-patch:
    [mkdir] Created dir: /var/lib/jenkins/workspace/Automated Test Runs/dist/build-patch
    [mkdir] Created dir: /var/lib/jenkins/workspace/Automated Test Runs/dist/build-patch/usr/sbin
     [copy] Copying 75 files to /var/lib/jenkins/workspace/Automated Test Runs/dist/build-patch
     [copy] Copying 5 files to /var/lib/jenkins/workspace/Automated Test Runs/dist/build-patch/usr/sbin
      [tar] Building tar: /var/lib/jenkins/workspace/Automated Test Runs/dist/patch.tar
     [copy] Copying 1 file to /var/lib/jenkins/workspace/Automated Test Runs/dist
     [gzip] Building: /var/lib/jenkins/workspace/Automated Test Runs/dist/cloud-scripts.tgz
   [delete] Deleting: /var/lib/jenkins/workspace/Automated Test Runs/dist/patch.tar
   [delete] Deleting directory /var/lib/jenkins/workspace/Automated Test Runs/dist/build-patch

package-oss-systemvm-iso:

build-opensource:
     [copy] Copying 4 files to /var/lib/jenkins/workspace/Automated Test Runs/dist
     [copy] Copying 4 files to /var/lib/jenkins/workspace/Automated Test Runs/target/jar

build-war-oss:
      [war] Building war: /var/lib/jenkins/workspace/Automated Test Runs/dist/client/client.war

-init-test:
    [mkdir] Created dir: /var/lib/jenkins/workspace/Automated Test Runs/target/test
    [mkdir] Created dir: /var/lib/jenkins/workspace/Automated Test Runs/target/test/classes

compile-testclient:
     [echo] src is /var/lib/jenkins/workspace/Automated Test Runs/test
    [mkdir] Created dir: /var/lib/jenkins/workspace/Automated Test Runs/target/classes/cloud-test.jar
     [echo] Compiling /var/lib/jenkins/workspace/Automated Test Runs/test/src
    [javac] Compiling 37 source files to /var/lib/jenkins/workspace/Automated Test Runs/target/classes/cloud-test.jar
      [jar] Building jar: /var/lib/jenkins/workspace/Automated Test Runs/target/jar/cloud-test.jar

compile-usage:
    [mkdir] Created dir: /var/lib/jenkins/workspace/Automated Test Runs/target/classes/cloud-usage.jar
     [echo] Compiling /var/lib/jenkins/workspace/Automated Test Runs/usage/src
    [javac] Compiling 16 source files to /var/lib/jenkins/workspace/Automated Test Runs/target/classes/cloud-usage.jar
      [jar] Building jar: /var/lib/jenkins/workspace/Automated Test Runs/target/jar/cloud-usage.jar

build-all:
     [echo] Using build parameters from /var/lib/jenkins/workspace/Automated Test Runs/build/build-cloud.properties
     [echo] Using company info from /var/lib/jenkins/workspace/Automated Test Runs/build/cloud.properties
     [echo] Using override file from /var/lib/jenkins/workspace/Automated Test Runs/build/replace.properties

deploy-common:
     [echo] Using build parameters from /var/lib/jenkins/workspace/Automated Test Runs/build/build-cloud.properties
     [echo] Using company info from /var/lib/jenkins/workspace/Automated Test Runs/build/cloud.properties
     [echo] Using override file from /var/lib/jenkins/workspace/Automated Test Runs/build/replace.properties

unzip:
    [unwar] Expanding: /var/lib/jenkins/workspace/Automated Test Runs/dist/client/client.war into /var/lib/jenkins/automated/webapps/client
    [touch] Creating /var/lib/jenkins/automated/webapps/client/WEB-INF/lib/scripts/vm/hypervisor/xenserver/version
     [copy] Copying 23 files to /var/lib/jenkins/automated/conf
     [copy] Copying 1 file to /var/lib/jenkins/automated/lib
   [delete] Deleting: /var/lib/jenkins/automated/webapps/client/WEB-INF/lib/cloud-mysql-connector-java-5.1.7-bin.jar
  [replace] Replaced 1 occurrences in 1 files.

deploy-ovm:
     [copy] Copying 20 files to /var/lib/jenkins/automated/webapps/client/WEB-INF/lib/scripts

deploy-server:
     [copy] Copying 1 file to /var/lib/jenkins/automated/webapps/client/WEB-INF/lib/vms
     [echo] Using build parameters from /var/lib/jenkins/workspace/Automated Test Runs/build/build-cloud.properties
     [echo] Using company info from /var/lib/jenkins/workspace/Automated Test Runs/build/cloud.properties
     [echo] Using override file from /var/lib/jenkins/workspace/Automated Test Runs/build/replace.properties

deploydb:
     [echo] deploydb server-setup.xml templates.sql ${DBROOTPW}
     [exec] Recreating Database cloud.
     [exec] Please enter root password for MySQL.
     [exec] Enter password: 
     [exec] Error: Cannot execute create-database.sql
     [exec] ERROR 1045 (28000): Access denied for user 'root'@'localhost' (using password: YES)
     [exec] Result: 10
     [echo] Using build parameters from /var/lib/jenkins/workspace/Automated Test Runs/build/build-cloud.properties
     [echo] Using company info from /var/lib/jenkins/workspace/Automated Test Runs/build/cloud.properties
     [echo] Using override file from /var/lib/jenkins/workspace/Automated Test Runs/build/replace.properties

stop-tomcat:
     [java] Exception in thread "main" java.lang.NoClassDefFoundError: org/apache/juli/logging/LogFactory
     [java] 	at org.apache.catalina.startup.Bootstrap.<clinit>(Bootstrap.java:55)
     [java] Caused by: java.lang.ClassNotFoundException: org.apache.juli.logging.LogFactory
     [java] 	at java.net.URLClassLoader$1.run(URLClassLoader.java:217)
     [java] 	at java.security.AccessController.doPrivileged(Native Method)
     [java] 	at java.net.URLClassLoader.findClass(URLClassLoader.java:205)
     [java] 	at java.lang.ClassLoader.loadClass(ClassLoader.java:321)
     [java] 	at sun.misc.Launcher$AppClassLoader.loadClass(Launcher.java:294)
     [java] 	at java.lang.ClassLoader.loadClass(ClassLoader.java:266)
     [java] 	... 1 more
     [java] Could not find the main class: org.apache.catalina.startup.Bootstrap. Program will exit.
     [java] Java Result: 1

start-tomcat:
     [echo] Start Tomcat
     [java] Exception in thread "main" java.lang.NoClassDefFoundError: org/apache/juli/logging/LogFactory
     [java] 	at org.apache.catalina.startup.Bootstrap.<clinit>(Bootstrap.java:55)
     [java] Caused by: java.lang.ClassNotFoundException: org.apache.juli.logging.LogFactory
     [java] 	at java.net.URLClassLoader$1.run(URLClassLoader.java:217)
     [java] 	at java.security.AccessController.doPrivileged(Native Method)
     [java] 	at java.net.URLClassLoader.findClass(URLClassLoader.java:205)
     [java] 	at java.lang.ClassLoader.loadClass(ClassLoader.java:321)
     [java] 	at sun.misc.Launcher$AppClassLoader.loadClass(Launcher.java:294)
     [java] 	at java.lang.ClassLoader.loadClass(ClassLoader.java:266)
     [java] 	... 1 more
     [java] Could not find the main class: org.apache.catalina.startup.Bootstrap. Program will exit.
     [java] Java Result: 1
     [echo] running tests...
     [echo] Using build parameters from /var/lib/jenkins/workspace/Automated Test Runs/build/build-cloud.properties
     [echo] Using company info from /var/lib/jenkins/workspace/Automated Test Runs/build/cloud.properties
     [echo] Using override file from /var/lib/jenkins/workspace/Automated Test Runs/build/replace.properties

xmltest-automated:
     [echo] Running daily test run with automated/automated.xml.py
     [echo] Using build parameters from /var/lib/jenkins/workspace/Automated Test Runs/build/build-cloud.properties
     [echo] Using company info from /var/lib/jenkins/workspace/Automated Test Runs/build/cloud.properties
     [echo] Using override file from /var/lib/jenkins/workspace/Automated Test Runs/build/replace.properties

xmltest-translate:
     [echo] Translating: automated/automated.xml
     [exec] The output file already exists: automated.xml.py
     [exec] Result: 1

xmltest-execute:
     [echo] Executing: automated/automated.xml.py
     [exec] python: can't open file 'automated/automated.xml.py': [Errno 2] No such file or directory
     [exec] Result: 2
     [echo] Using build parameters from /var/lib/jenkins/workspace/Automated Test Runs/build/build-cloud.properties
     [echo] Using company info from /var/lib/jenkins/workspace/Automated Test Runs/build/cloud.properties
     [echo] Using override file from /var/lib/jenkins/workspace/Automated Test Runs/build/replace.properties

stop-tomcat:
     [java] Exception in thread "main" java.lang.NoClassDefFoundError: org/apache/juli/logging/LogFactory
     [java] 	at org.apache.catalina.startup.Bootstrap.<clinit>(Bootstrap.java:55)
     [java] Caused by: java.lang.ClassNotFoundException: org.apache.juli.logging.LogFactory
     [java] 	at java.net.URLClassLoader$1.run(URLClassLoader.java:217)
     [java] 	at java.security.AccessController.doPrivileged(Native Method)
     [java] 	at java.net.URLClassLoader.findClass(URLClassLoader.java:205)
     [java] 	at java.lang.ClassLoader.loadClass(ClassLoader.java:321)
     [java] 	at sun.misc.Launcher$AppClassLoader.loadClass(Launcher.java:294)
     [java] 	at java.lang.ClassLoader.loadClass(ClassLoader.java:266)
     [java] 	... 1 more
     [java] Could not find the main class: org.apache.catalina.startup.Bootstrap. Program will exit.
     [java] Java Result: 1
     [echo] Using build parameters from /var/lib/jenkins/workspace/Automated Test Runs/build/build-cloud.properties
     [echo] Using company info from /var/lib/jenkins/workspace/Automated Test Runs/build/cloud.properties
     [echo] Using override file from /var/lib/jenkins/workspace/Automated Test Runs/build/replace.properties

stop-tomcat:
     [java] Exception in thread "main" java.lang.NoClassDefFoundError: org/apache/juli/logging/LogFactory
     [java] 	at org.apache.catalina.startup.Bootstrap.<clinit>(Bootstrap.java:55)
     [java] Caused by: java.lang.ClassNotFoundException: org.apache.juli.logging.LogFactory
     [java] 	at java.net.URLClassLoader$1.run(URLClassLoader.java:217)
     [java] 	at java.security.AccessController.doPrivileged(Native Method)
     [java] 	at java.net.URLClassLoader.findClass(URLClassLoader.java:205)
     [java] 	at java.lang.ClassLoader.loadClass(ClassLoader.java:321)
     [java] 	at sun.misc.Launcher$AppClassLoader.loadClass(Launcher.java:294)
     [java] 	at java.lang.ClassLoader.loadClass(ClassLoader.java:266)
     [java] 	... 1 more
     [java] Could not find the main class: org.apache.catalina.startup.Bootstrap. Program will exit.
     [java] Java Result: 1

clean-tomcat:
   [delete] Deleting directory /var/lib/jenkins/automated/webapps/client
   [delete] Deleting directory /var/lib/jenkins/automated/temp
   [delete] Deleting directory /var/lib/jenkins/automated/logs

BUILD SUCCESSFUL
Total time: 2 minutes 28 seconds
Finished: SUCCESS
