Started by an SCM change
Checkout:build-api-docs-3.0.x / /var/lib/jenkins/workspace/build-api-docs-3.0.x - hudson.remoting.LocalChannel@128899a
Using strategy: Default
Last Built Revision: Revision 7dfe2ae9c77156ea2a18ba1d5593938482457445 (origin/3.0.x)
Checkout:build-api-docs-3.0.x / /var/lib/jenkins/workspace/build-api-docs-3.0.x - hudson.remoting.LocalChannel@128899a
Fetching changes from 1 remote Git repository
Fetching upstream changes from git://github.com/CloudStack/CloudStack
Commencing build of Revision c242a776a7bd046a1577fd47c8ee90fb7f835af0 (origin/3.0.x)
Checking out Revision c242a776a7bd046a1577fd47c8ee90fb7f835af0 (origin/3.0.x)
Cleaning workspace
FATAL: Could not checkout null with start point c242a776a7bd046a1577fd47c8ee90fb7f835af0
[8mha:AAAAWB+LCAAAAAAAAABb85aBtbiIQSmjNKU4P08vOT+vOD8nVc8DzHWtSE4tKMnMz/PLL0ldFVf2c+b/lb5MDAwVRQxSaBqcITRIIQMEMIIUFgAAckCEiWAAAAA=[0mhudson.plugins.git.GitException: Could not checkout null with start point c242a776a7bd046a1577fd47c8ee90fb7f835af0
	at hudson.plugins.git.GitAPI.checkoutBranch(GitAPI.java:863)
	at hudson.plugins.git.GitSCM$4.invoke(GitSCM.java:1192)
	at hudson.plugins.git.GitSCM$4.invoke(GitSCM.java:1176)
	at hudson.FilePath.act(FilePath.java:784)
	at hudson.FilePath.act(FilePath.java:766)
	at hudson.plugins.git.GitSCM.checkout(GitSCM.java:1176)
	at hudson.model.AbstractProject.checkout(AbstractProject.java:1195)
	at hudson.model.AbstractBuild$AbstractRunner.checkout(AbstractBuild.java:573)
	at hudson.model.AbstractBuild$AbstractRunner.run(AbstractBuild.java:462)
	at hudson.model.Run.run(Run.java:1404)
	at hudson.model.FreeStyleBuild.run(FreeStyleBuild.java:46)
	at hudson.model.ResourceController.execute(ResourceController.java:88)
	at hudson.model.Executor.run(Executor.java:238)
Caused by: hudson.plugins.git.GitException: Error performing command: git checkout -f c242a776a7bd046a1577fd47c8ee90fb7f835af0
Command "git checkout -f c242a776a7bd046a1577fd47c8ee90fb7f835af0" returned status code 1: error: unable to unlink old 'tools/testClient/testcase/P1-tests/README' (Permission denied)
error: unable to unlink old 'tools/testClient/testcase/P1-tests/__init__.py' (Permission denied)
error: unable to unlink old 'tools/testClient/testcase/P1-tests/test_accounts.py' (Permission denied)
error: unable to unlink old 'tools/testClient/testcase/P1-tests/test_blocker_bugs.py' (Permission denied)
error: unable to create file tools/testClient/testcase/P1-tests/test_project_configs.py (Permission denied)
Checking out files:  41% (7/17)   error: unable to create file tools/testClient/testcase/P1-tests/test_project_limits.py (Permission denied)
Checking out files:  47% (8/17)   error: unable to create file tools/testClient/testcase/P1-tests/test_project_resources.py (Permission denied)
Checking out files:  52% (9/17)   error: unable to create file tools/testClient/testcase/P1-tests/test_project_usage.py (Permission denied)
Checking out files:  58% (10/17)   error: unable to create file tools/testClient/testcase/P1-tests/test_projects.py (Permission denied)
Checking out files:  64% (11/17)   error: unable to unlink old 'tools/testClient/testcase/P1-tests/test_resource_limits.py' (Permission denied)
Checking out files:  70% (12/17)   error: unable to unlink old 'tools/testClient/testcase/P1-tests/test_routers.py' (Permission denied)
Checking out files:  76% (13/17)   error: unable to unlink old 'tools/testClient/testcase/P1-tests/test_security_groups.py' (Permission denied)
Checking out files:  82% (14/17)   error: unable to unlink old 'tools/testClient/testcase/P1-tests/test_snapshots.py' (Permission denied)
Checking out files:  88% (15/17)   error: unable to unlink old 'tools/testClient/testcase/P1-tests/test_templates.py' (Permission denied)
Checking out files:  94% (16/17)   error: unable to unlink old 'tools/testClient/testcase/P1-tests/test_usage.py' (Permission denied)
Checking out files: 100% (17/17)   error: unable to unlink old 'tools/testClient/testcase/P1-tests/test_volumes.py' (Permission denied)
Checking out files: 100% (17/17), done.
Previous HEAD position was bd2d38c... CloudStack CS-14475 Atomatic addition of Apache license header broke lots of mysql files
HEAD is now at c242a77... AdvanceStart: do cleanup() call with force=true when the start command wasn't sent to the backend yet

	at hudson.plugins.git.GitAPI.launchCommandIn(GitAPI.java:776)
	at hudson.plugins.git.GitAPI.launchCommand(GitAPI.java:741)
	at hudson.plugins.git.GitAPI.launchCommand(GitAPI.java:751)
	at hudson.plugins.git.GitAPI.checkoutBranch(GitAPI.java:850)
	... 12 more
Caused by: hudson.plugins.git.GitException: Command "git checkout -f c242a776a7bd046a1577fd47c8ee90fb7f835af0" returned status code 1: error: unable to unlink old 'tools/testClient/testcase/P1-tests/README' (Permission denied)
error: unable to unlink old 'tools/testClient/testcase/P1-tests/__init__.py' (Permission denied)
error: unable to unlink old 'tools/testClient/testcase/P1-tests/test_accounts.py' (Permission denied)
error: unable to unlink old 'tools/testClient/testcase/P1-tests/test_blocker_bugs.py' (Permission denied)
error: unable to create file tools/testClient/testcase/P1-tests/test_project_configs.py (Permission denied)
Checking out files:  41% (7/17)   error: unable to create file tools/testClient/testcase/P1-tests/test_project_limits.py (Permission denied)
Checking out files:  47% (8/17)   error: unable to create file tools/testClient/testcase/P1-tests/test_project_resources.py (Permission denied)
Checking out files:  52% (9/17)   error: unable to create file tools/testClient/testcase/P1-tests/test_project_usage.py (Permission denied)
Checking out files:  58% (10/17)   error: unable to create file tools/testClient/testcase/P1-tests/test_projects.py (Permission denied)
Checking out files:  64% (11/17)   error: unable to unlink old 'tools/testClient/testcase/P1-tests/test_resource_limits.py' (Permission denied)
Checking out files:  70% (12/17)   error: unable to unlink old 'tools/testClient/testcase/P1-tests/test_routers.py' (Permission denied)
Checking out files:  76% (13/17)   error: unable to unlink old 'tools/testClient/testcase/P1-tests/test_security_groups.py' (Permission denied)
Checking out files:  82% (14/17)   error: unable to unlink old 'tools/testClient/testcase/P1-tests/test_snapshots.py' (Permission denied)
Checking out files:  88% (15/17)   error: unable to unlink old 'tools/testClient/testcase/P1-tests/test_templates.py' (Permission denied)
Checking out files:  94% (16/17)   error: unable to unlink old 'tools/testClient/testcase/P1-tests/test_usage.py' (Permission denied)
Checking out files: 100% (17/17)   error: unable to unlink old 'tools/testClient/testcase/P1-tests/test_volumes.py' (Permission denied)
Checking out files: 100% (17/17), done.
Previous HEAD position was bd2d38c... CloudStack CS-14475 Atomatic addition of Apache license header broke lots of mysql files
HEAD is now at c242a77... AdvanceStart: do cleanup() call with force=true when the start command wasn't sent to the backend yet

	at hudson.plugins.git.GitAPI.launchCommandIn(GitAPI.java:771)
	... 15 more
