Started by timer
Checkout:Unit tests / /var/lib/jenkins/workspace/Unit tests - hudson.remoting.LocalChannel@16acd4a
Using strategy: Default
Last Built Revision: Revision de2478510eba61d00e19cdaa435a368f6a1d093c (origin/master)
Checkout:Unit tests / /var/lib/jenkins/workspace/Unit tests - hudson.remoting.LocalChannel@16acd4a
Fetching changes from 1 remote Git repository
Fetching upstream changes from git://github.com/CloudStack/CloudStack.git
Commencing build of Revision 3ac27b06f02fd527db6d500ab20cca72496f1752 (origin/master)
Checking out Revision 3ac27b06f02fd527db6d500ab20cca72496f1752 (origin/master)
[Unit tests] $ ant unittest
Buildfile: /var/lib/jenkins/workspace/Unit tests/build.xml
     [echo] Using build parameters from /var/lib/jenkins/workspace/Unit tests/build/build-cloud.properties
     [echo] Using company info from /var/lib/jenkins/workspace/Unit tests/build/cloud.properties
     [echo] Using override file from /var/lib/jenkins/workspace/Unit tests/build/replace.properties

[8mha:AAAAYB+LCAAAAAAAAABb85aBtbiIQT6jNKU4P0+vJLE4u1gvPjGvRM8xryQksSg9tcQvvyTVvqNr/s+Vl9uYGBgqihikoKqT8/OK83NS9ZwhNEghAwQwghQWAADROOumXQAAAA==[0m-init:
     [echo] builder: jenkins at domU-12-31-39-15-22-2D, on 2012-01-27T14:45:21Z
     [echo] Build number is 3.0.0.2012-01-27T14:45:21Z

[8mha:AAAAYB+LCAAAAAAAAABb85aBtbiIQT6jNKU4P0+vJLE4u1gvPjGvRM8xryQksSg9tcQvvyTVvqNr/s+Vl9uYGBgqihikoKqT8/OK83NS9ZwhNEghAwQwghQWAADROOumXQAAAA==[0mcompile-utils:
     [echo] Compiling /var/lib/jenkins/workspace/Unit tests/utils/src
      [jar] Updating jar: /var/lib/jenkins/workspace/Unit tests/target/jar/cloud-utils.jar

[8mha:AAAAYB+LCAAAAAAAAABb85aBtbiIQT6jNKU4P0+vJLE4u1gvPjGvRM8xryQksSg9tcQvvyTVvqNr/s+Vl9uYGBgqihikoKqT8/OK83NS9ZwhNEghAwQwghQWAADROOumXQAAAA==[0mcompile-api:
   [depend] Deleted 5 out of date files in 0 seconds
     [echo] Compiling /var/lib/jenkins/workspace/Unit tests/api/src
    [javac] Compiling 5 source files to /var/lib/jenkins/workspace/Unit tests/target/classes/cloud-api.jar
      [jar] Updating jar: /var/lib/jenkins/workspace/Unit tests/target/jar/cloud-api.jar

[8mha:AAAAYB+LCAAAAAAAAABb85aBtbiIQT6jNKU4P0+vJLE4u1gvPjGvRM8xryQksSg9tcQvvyTVvqNr/s+Vl9uYGBgqihikoKqT8/OK83NS9ZwhNEghAwQwghQWAADROOumXQAAAA==[0mcompile-vmware-base:
     [echo] Compiling /var/lib/jenkins/workspace/Unit tests/vmware-base/src
      [jar] Updating jar: /var/lib/jenkins/workspace/Unit tests/target/jar/cloud-vmware-base.jar

[8mha:AAAAYB+LCAAAAAAAAABb85aBtbiIQT6jNKU4P0+vJLE4u1gvPjGvRM8xryQksSg9tcQvvyTVvqNr/s+Vl9uYGBgqihikoKqT8/OK83NS9ZwhNEghAwQwghQWAADROOumXQAAAA==[0mcompile-core:
     [echo] Compiling /var/lib/jenkins/workspace/Unit tests/core/src
      [jar] Updating jar: /var/lib/jenkins/workspace/Unit tests/target/jar/cloud-core.jar

[8mha:AAAAYB+LCAAAAAAAAABb85aBtbiIQT6jNKU4P0+vJLE4u1gvPjGvRM8xryQksSg9tcQvvyTVvqNr/s+Vl9uYGBgqihikoKqT8/OK83NS9ZwhNEghAwQwghQWAADROOumXQAAAA==[0mcompile-agent:
     [echo] Compiling /var/lib/jenkins/workspace/Unit tests/agent/src
      [jar] Updating jar: /var/lib/jenkins/workspace/Unit tests/target/jar/cloud-agent.jar

[8mha:AAAAYB+LCAAAAAAAAABb85aBtbiIQT6jNKU4P0+vJLE4u1gvPjGvRM8xryQksSg9tcQvvyTVvqNr/s+Vl9uYGBgqihikoKqT8/OK83NS9ZwhNEghAwQwghQWAADROOumXQAAAA==[0mcompile-server:
   [depend] Deleted 2 out of date files in 0 seconds
     [echo] Compiling /var/lib/jenkins/workspace/Unit tests/server/src
    [javac] Compiling 2 source files to /var/lib/jenkins/workspace/Unit tests/target/classes/cloud-server.jar
    [javac] Note: /var/lib/jenkins/workspace/Unit tests/server/src/com/cloud/api/ApiServer.java uses unchecked or unsafe operations.
    [javac] Note: Recompile with -Xlint:unchecked for details.
      [jar] Updating jar: /var/lib/jenkins/workspace/Unit tests/target/jar/cloud-server.jar

[8mha:AAAAYB+LCAAAAAAAAABb85aBtbiIQT6jNKU4P0+vJLE4u1gvPjGvRM8xryQksSg9tcQvvyTVvqNr/s+Vl9uYGBgqihikoKqT8/OK83NS9ZwhNEghAwQwghQWAADROOumXQAAAA==[0mcompile-ovm:
     [echo] Compiling /var/lib/jenkins/workspace/Unit tests/ovm/src
      [jar] Updating jar: /var/lib/jenkins/workspace/Unit tests/target/jar/cloud-ovm.jar

[8mha:AAAAYB+LCAAAAAAAAABb85aBtbiIQT6jNKU4P0+vJLE4u1gvPjGvRM8xryQksSg9tcQvvyTVvqNr/s+Vl9uYGBgqihikoKqT8/OK83NS9ZwhNEghAwQwghQWAADROOumXQAAAA==[0mcompile-all:

[8mha:AAAAYB+LCAAAAAAAAABb85aBtbiIQT6jNKU4P0+vJLE4u1gvPjGvRM8xryQksSg9tcQvvyTVvqNr/s+Vl9uYGBgqihikoKqT8/OK83NS9ZwhNEghAwQwghQWAADROOumXQAAAA==[0mcompile-tests:
     [echo] Compiling /var/lib/jenkins/workspace/Unit tests/utils/test
     [echo] Compiling /var/lib/jenkins/workspace/Unit tests/server/test
    [javac] Compiling 35 source files to /var/lib/jenkins/workspace/Unit tests/unittest/classes/server-test.jar
    [javac] /var/lib/jenkins/workspace/Unit tests/server/test/com/cloud/network/MockNetworkManagerImpl.java:27: cannot find symbol
    [javac] symbol  : class AllocatedBy
    [javac] location: interface com.cloud.network.IpAddress
    [javac] import com.cloud.network.IpAddress.AllocatedBy;
    [javac]                                   ^
    [javac] /var/lib/jenkins/workspace/Unit tests/server/test/com/cloud/network/MockNetworkManagerImpl.java:62: cannot find symbol
    [javac] symbol  : class AllocatedBy
    [javac] location: class com.cloud.network.MockNetworkManagerImpl
    [javac]     public IpAddress allocateIP(long networkId, Account ipOwner, AllocatedBy allocatedBy) throws ResourceAllocationException, InsufficientAddressCapacityException, ConcurrentOperationException {
    [javac]                                                                  ^
    [javac] /var/lib/jenkins/workspace/Unit tests/server/test/com/cloud/network/MockNetworkManagerImpl.java:386: cannot find symbol
    [javac] symbol  : class AllocatedBy
    [javac] location: class com.cloud.network.MockNetworkManagerImpl
    [javac]     public PublicIp assignPublicIpAddress(long dcId, Long podId, Account owner, VlanType type, Long networkId, String requestedIp, AllocatedBy allocatedBy) throws InsufficientAddressCapacityException {
    [javac]                                                                                                                                    ^
    [javac] /var/lib/jenkins/workspace/Unit tests/server/test/com/cloud/network/MockNetworkManagerImpl.java:53: com.cloud.network.MockNetworkManagerImpl is not abstract and does not override abstract method allocateDirectIp(com.cloud.vm.NicProfile,com.cloud.dc.DataCenter,com.cloud.vm.VirtualMachineProfile<? extends com.cloud.vm.VirtualMachine>,com.cloud.network.Network,java.lang.String) in com.cloud.network.NetworkManager
    [javac] public class MockNetworkManagerImpl implements NetworkManager, Manager, NetworkService {
    [javac]        ^
    [javac] /var/lib/jenkins/workspace/Unit tests/server/test/com/cloud/user/MockAccountManagerImpl.java:321: cannot return a value from method whose result type is void
    [javac]         return null;
    [javac]                ^
    [javac] 5 errors

[8mha:AAAAYB+LCAAAAAAAAABb85aBtbiIQSGjNKU4P0+vJLE4u1gvPjGvRM8xr8S/tCQ5PzfVL78ktUuDM0uMry+HiYGhoohBCqo8OT+vOD8nVc8ZQoMUMkAAI0hhAQAUXUdTXgAAAA==[0mBUILD FAILED
/var/lib/jenkins/workspace/Unit tests/build/developer.xml:289: The following error occurred while executing this line:
/var/lib/jenkins/workspace/Unit tests/build/developer.xml:47: Compile failed; see the compiler error output for details.

Total time: 18 seconds
Build step 'Invoke Ant' marked build as failure
Finished: FAILURE
