Started by an SCM change
Checkout:junit-test / /var/lib/jenkins/workspace/junit-test - hudson.remoting.LocalChannel@1d4fe75
Using strategy: Default
Last Built Revision: Revision 4421cd9dee68f54e11256b5de33c51d7c3c7c6fe (origin/master)
Checkout:junit-test / /var/lib/jenkins/workspace/junit-test - hudson.remoting.LocalChannel@1d4fe75
Fetching changes from 1 remote Git repository
Fetching upstream changes from https://git-wip-us.apache.org/repos/asf/incubator-cloudstack.git
Commencing build of Revision c99b1d104a455f8ecc1adc7bc09b2e3e76870fff (origin/master)
Checking out Revision c99b1d104a455f8ecc1adc7bc09b2e3e76870fff (origin/master)
[junit-test] $ ant unittest
Buildfile: /var/lib/jenkins/workspace/junit-test/build.xml
     [echo] Using build parameters from /var/lib/jenkins/workspace/junit-test/build/build-cloud.properties
     [echo] Using company info from /var/lib/jenkins/workspace/junit-test/build/cloud.properties
     [echo] Using override file from /var/lib/jenkins/workspace/junit-test/build/replace.properties
     [echo] Using build parameters from /var/lib/jenkins/workspace/junit-test/build/build-cloud.properties
     [echo] Using company info from /var/lib/jenkins/workspace/junit-test/build/cloud.properties
     [echo] Using override file from /var/lib/jenkins/workspace/junit-test/build/replace.properties
     [echo] deploy home: /var/lib/jenkins/workspace/junit-test/build/deploy

[8mha:AAAAYB+LCAAAAAAAAABb85aBtbiIQT6jNKU4P0+vJLE4u1gvPjGvRM8xryQksSg9tcQvvyTVvqNr/s+Vl9uYGBgqihikoKqT8/OK83NS9ZwhNEghAwQwghQWAADROOumXQAAAA==[0m-init:
     [echo] builder: jenkins at domU-12-31-39-15-22-2D, on 2012-07-24T17:31:54Z
     [echo] Build number is 3.0.3.2012-07-24T17:31:54Z

[8mha:AAAAYB+LCAAAAAAAAABb85aBtbiIQT6jNKU4P0+vJLE4u1gvPjGvRM8xryQksSg9tcQvvyTVvqNr/s+Vl9uYGBgqihikoKqT8/OK83NS9ZwhNEghAwQwghQWAADROOumXQAAAA==[0mcompile-utils:
     [echo] Compiling /var/lib/jenkins/workspace/junit-test/utils/src
      [jar] error while reading original manifest in file: /var/lib/jenkins/workspace/junit-test/target/jar/cloud-utils.jar due to error in opening zip file

[8mha:AAAAYB+LCAAAAAAAAABb85aBtbiIQSGjNKU4P0+vJLE4u1gvPjGvRM8xr8S/tCQ5PzfVL78ktUuDM0uMry+HiYGhoohBCqo8OT+vOD8nVc8ZQoMUMkAAI0hhAQAUXUdTXgAAAA==[0mBUILD FAILED
/var/lib/jenkins/workspace/junit-test/build/build-cloud.xml:187: The following error occurred while executing this line:
/var/lib/jenkins/workspace/junit-test/build/build-common.xml:72: Problem reading /var/lib/jenkins/workspace/junit-test/target/jar/cloud-utils.jar

Total time: 8 seconds
Build step 'Invoke Ant' marked build as failure
Recording test results
Finished: FAILURE
