Started by user [8mha:AAAAix+LCAAAAAAAAABb85aBtbiIQSajNKU4P08vOT+vOD8nVc+jsiC1KCczL9svvyT1dMUiOWdZ/mImBiZPBrac1Lz0kgwfBubSopwSBiGfrMSyRP2cxLx0/eCSosy8dOuKIgYpNOOcITTIMAYIYGRiYKgoADK4Sxi49UuLU4v0U8sT83IBCxZKUpAAAAA=[0mEwan Mellor
Checkout:junit-test / /var/lib/jenkins/workspace/junit-test - hudson.remoting.LocalChannel@1d4fe75
Using strategy: Default
Last Built Revision: Revision 3d866c4bbb8fec8e9580278429a2d94b31ec9570 (origin/master)
Checkout:junit-test / /var/lib/jenkins/workspace/junit-test - hudson.remoting.LocalChannel@1d4fe75
Fetching changes from 1 remote Git repository
Fetching upstream changes from https://git-wip-us.apache.org/repos/asf/incubator-cloudstack.git
Commencing build of Revision 3d866c4bbb8fec8e9580278429a2d94b31ec9570 (origin/master)
Checking out Revision 3d866c4bbb8fec8e9580278429a2d94b31ec9570 (origin/master)
Cleaning workspace
[junit-test] $ /bin/sh -xe /tmp/hudson5305670094183289932.sh
+ cp -R /usr/share/tomcat6 .
[junit-test] $ ant -Denv.CATALINA_HOME=tomcat6 build-all deploy-server deploydb unittest
Buildfile: /var/lib/jenkins/workspace/junit-test/build.xml
     [echo] Using build parameters from /var/lib/jenkins/workspace/junit-test/build/build-cloud.properties
     [echo] Using company info from /var/lib/jenkins/workspace/junit-test/build/cloud.properties
     [echo] Using override file from /var/lib/jenkins/workspace/junit-test/build/replace.properties
     [echo] Using build parameters from /var/lib/jenkins/workspace/junit-test/build/build-cloud.properties
     [echo] Using company info from /var/lib/jenkins/workspace/junit-test/build/cloud.properties
     [echo] Using override file from /var/lib/jenkins/workspace/junit-test/build/replace.properties
     [echo] deploy home: /var/lib/jenkins/workspace/junit-test/build/deploy

[8mha:AAAAYB+LCAAAAAAAAABb85aBtbiIQT6jNKU4P0+vJLE4u1gvPjGvRM8xryQksSg9tcQvvyTVvqNr/s+Vl9uYGBgqihikoKqT8/OK83NS9ZwhNEghAwQwghQWAADROOumXQAAAA==[0m-init:
    [mkdir] Created dir: /var/lib/jenkins/workspace/junit-test/dist
    [mkdir] Created dir: /var/lib/jenkins/workspace/junit-test/target
     [echo] builder: jenkins at domU-12-31-39-15-22-2D, on 2012-07-29T22:15:12Z
     [echo] Build number is 3.0.3.2012-07-29T22:15:12Z
    [mkdir] Created dir: /var/lib/jenkins/workspace/junit-test/target/jar
    [mkdir] Created dir: /var/lib/jenkins/workspace/junit-test/target/docs
    [mkdir] Created dir: /var/lib/jenkins/workspace/junit-test/target/dep-cache

[8mha:AAAAYB+LCAAAAAAAAABb85aBtbiIQT6jNKU4P0+vJLE4u1gvPjGvRM8xryQksSg9tcQvvyTVvqNr/s+Vl9uYGBgqihikoKqT8/OK83NS9ZwhNEghAwQwghQWAADROOumXQAAAA==[0mcompile-utils:
    [mkdir] Created dir: /var/lib/jenkins/workspace/junit-test/target/classes/cloud-utils.jar
     [echo] Compiling /var/lib/jenkins/workspace/junit-test/utils/src
    [javac] Compiling 212 source files to /var/lib/jenkins/workspace/junit-test/target/classes/cloud-utils.jar
    [javac] Note: /var/lib/jenkins/workspace/junit-test/utils/src/com/cloud/utils/UriUtils.java uses or overrides a deprecated API.
    [javac] Note: Recompile with -Xlint:deprecation for details.
    [javac] Note: Some input files use unchecked or unsafe operations.
    [javac] Note: Recompile with -Xlint:unchecked for details.
      [jar] Building jar: /var/lib/jenkins/workspace/junit-test/target/jar/cloud-utils.jar

[8mha:AAAAYB+LCAAAAAAAAABb85aBtbiIQT6jNKU4P0+vJLE4u1gvPjGvRM8xryQksSg9tcQvvyTVvqNr/s+Vl9uYGBgqihikoKqT8/OK83NS9ZwhNEghAwQwghQWAADROOumXQAAAA==[0mcompile-api:
    [mkdir] Created dir: /var/lib/jenkins/workspace/junit-test/target/classes/cloud-api.jar
     [echo] Compiling /var/lib/jenkins/workspace/junit-test/api/src
    [javac] Compiling 708 source files to /var/lib/jenkins/workspace/junit-test/target/classes/cloud-api.jar
    [javac] Note: Some input files use unchecked or unsafe operations.
    [javac] Note: Recompile with -Xlint:unchecked for details.
      [jar] Building jar: /var/lib/jenkins/workspace/junit-test/target/jar/cloud-api.jar

[8mha:AAAAYB+LCAAAAAAAAABb85aBtbiIQT6jNKU4P0+vJLE4u1gvPjGvRM8xryQksSg9tcQvvyTVvqNr/s+Vl9uYGBgqihikoKqT8/OK83NS9ZwhNEghAwQwghQWAADROOumXQAAAA==[0mcompile-vmware-base:
    [mkdir] Created dir: /var/lib/jenkins/workspace/junit-test/target/classes/cloud-vmware-base.jar
     [echo] Compiling /var/lib/jenkins/workspace/junit-test/vmware-base/src
    [javac] Compiling 35 source files to /var/lib/jenkins/workspace/junit-test/target/classes/cloud-vmware-base.jar
    [javac] Note: Some input files use or override a deprecated API.
    [javac] Note: Recompile with -Xlint:deprecation for details.
    [javac] Note: Some input files use unchecked or unsafe operations.
    [javac] Note: Recompile with -Xlint:unchecked for details.
      [jar] Building jar: /var/lib/jenkins/workspace/junit-test/target/jar/cloud-vmware-base.jar

[8mha:AAAAYB+LCAAAAAAAAABb85aBtbiIQT6jNKU4P0+vJLE4u1gvPjGvRM8xryQksSg9tcQvvyTVvqNr/s+Vl9uYGBgqihikoKqT8/OK83NS9ZwhNEghAwQwghQWAADROOumXQAAAA==[0mcompile-core:
    [mkdir] Created dir: /var/lib/jenkins/workspace/junit-test/target/classes/cloud-core.jar
     [echo] Compiling /var/lib/jenkins/workspace/junit-test/core/src
    [javac] Compiling 156 source files to /var/lib/jenkins/workspace/junit-test/target/classes/cloud-core.jar
    [javac] Note: Some input files use unchecked or unsafe operations.
    [javac] Note: Recompile with -Xlint:unchecked for details.
      [jar] Building jar: /var/lib/jenkins/workspace/junit-test/target/jar/cloud-core.jar

[8mha:AAAAYB+LCAAAAAAAAABb85aBtbiIQT6jNKU4P0+vJLE4u1gvPjGvRM8xryQksSg9tcQvvyTVvqNr/s+Vl9uYGBgqihikoKqT8/OK83NS9ZwhNEghAwQwghQWAADROOumXQAAAA==[0mcompile-agent:
    [mkdir] Created dir: /var/lib/jenkins/workspace/junit-test/target/classes/cloud-agent.jar
     [echo] Compiling /var/lib/jenkins/workspace/junit-test/agent/src
    [javac] Compiling 41 source files to /var/lib/jenkins/workspace/junit-test/target/classes/cloud-agent.jar
    [javac] Note: Some input files use unchecked or unsafe operations.
    [javac] Note: Recompile with -Xlint:unchecked for details.
      [jar] Building jar: /var/lib/jenkins/workspace/junit-test/target/jar/cloud-agent.jar

[8mha:AAAAYB+LCAAAAAAAAABb85aBtbiIQT6jNKU4P0+vJLE4u1gvPjGvRM8xryQksSg9tcQvvyTVvqNr/s+Vl9uYGBgqihikoKqT8/OK83NS9ZwhNEghAwQwghQWAADROOumXQAAAA==[0mcompile-server:
    [mkdir] Created dir: /var/lib/jenkins/workspace/junit-test/target/classes/cloud-server.jar
     [echo] Compiling /var/lib/jenkins/workspace/junit-test/server/src
    [javac] Compiling 739 source files to /var/lib/jenkins/workspace/junit-test/target/classes/cloud-server.jar
    [javac] Note: Some input files use or override a deprecated API.
    [javac] Note: Recompile with -Xlint:deprecation for details.
    [javac] Note: Some input files use unchecked or unsafe operations.
    [javac] Note: Recompile with -Xlint:unchecked for details.
      [jar] Building jar: /var/lib/jenkins/workspace/junit-test/target/jar/cloud-server.jar

[8mha:AAAAYB+LCAAAAAAAAABb85aBtbiIQT6jNKU4P0+vJLE4u1gvPjGvRM8xryQksSg9tcQvvyTVvqNr/s+Vl9uYGBgqihikoKqT8/OK83NS9ZwhNEghAwQwghQWAADROOumXQAAAA==[0mbuild-server:
    [mkdir] Created dir: /var/lib/jenkins/workspace/junit-test/dist/client
    [mkdir] Created dir: /var/lib/jenkins/workspace/junit-test/dist/client/lib
    [mkdir] Created dir: /var/lib/jenkins/workspace/junit-test/dist/client/conf
     [copy] Copying 38 files to /var/lib/jenkins/workspace/junit-test/target/jar
     [copy] Copying 27 files to /var/lib/jenkins/workspace/junit-test/dist/client/conf
     [copy] Copying 60 files to /var/lib/jenkins/workspace/junit-test/target/db

[8mha:AAAAYB+LCAAAAAAAAABb85aBtbiIQT6jNKU4P0+vJLE4u1gvPjGvRM8xryQksSg9tcQvvyTVvqNr/s+Vl9uYGBgqihikoKqT8/OK83NS9ZwhNEghAwQwghQWAADROOumXQAAAA==[0mbuild-agent:
    [mkdir] Created dir: /var/lib/jenkins/workspace/junit-test/dist/agent
    [mkdir] Created dir: /var/lib/jenkins/workspace/junit-test/dist/agent/scripts
    [mkdir] Created dir: /var/lib/jenkins/workspace/junit-test/dist/agent/conf
    [mkdir] Created dir: /var/lib/jenkins/workspace/junit-test/dist/agent/logs
    [mkdir] Created dir: /var/lib/jenkins/workspace/junit-test/dist/agent/db
    [mkdir] Created dir: /var/lib/jenkins/workspace/junit-test/dist/agent/storagehdpatch
     [copy] Copying 1 file to /var/lib/jenkins/workspace/junit-test/dist/agent/conf
     [copy] Copying 1 file to /var/lib/jenkins/workspace/junit-test/dist/agent/conf
     [copy] Copying 2 files to /var/lib/jenkins/workspace/junit-test/dist/agent

[8mha:AAAAYB+LCAAAAAAAAABb85aBtbiIQT6jNKU4P0+vJLE4u1gvPjGvRM8xryQksSg9tcQvvyTVvqNr/s+Vl9uYGBgqihikoKqT8/OK83NS9ZwhNEghAwQwghQWAADROOumXQAAAA==[0mbuild-scripts:
     [copy] Copying 169 files to /var/lib/jenkins/workspace/junit-test/target/scripts
     [copy] Copying 1 file to /var/lib/jenkins/workspace/junit-test/target/scripts

[8mha:AAAAYB+LCAAAAAAAAABb85aBtbiIQT6jNKU4P0+vJLE4u1gvPjGvRM8xryQksSg9tcQvvyTVvqNr/s+Vl9uYGBgqihikoKqT8/OK83NS9ZwhNEghAwQwghQWAADROOumXQAAAA==[0mbuild-ui:
    [mkdir] Created dir: /var/lib/jenkins/workspace/junit-test/target/ui
     [copy] Copying 77 files to /var/lib/jenkins/workspace/junit-test/target/ui
     [copy] Copying 94 files to /var/lib/jenkins/workspace/junit-test/target/ui
     [copy] Copying 4 files to /var/lib/jenkins/workspace/junit-test/target/ui

[8mha:AAAAYB+LCAAAAAAAAABb85aBtbiIQT6jNKU4P0+vJLE4u1gvPjGvRM8xryQksSg9tcQvvyTVvqNr/s+Vl9uYGBgqihikoKqT8/OK83NS9ZwhNEghAwQwghQWAADROOumXQAAAA==[0mcompile-console-proxy:
    [mkdir] Created dir: /var/lib/jenkins/workspace/junit-test/target/classes/cloud-console-proxy.jar
     [echo] Compiling /var/lib/jenkins/workspace/junit-test/console-proxy/src
    [javac] Compiling 55 source files to /var/lib/jenkins/workspace/junit-test/target/classes/cloud-console-proxy.jar
      [jar] Building jar: /var/lib/jenkins/workspace/junit-test/target/jar/cloud-console-proxy.jar

[8mha:AAAAYB+LCAAAAAAAAABb85aBtbiIQT6jNKU4P0+vJLE4u1gvPjGvRM8xryQksSg9tcQvvyTVvqNr/s+Vl9uYGBgqihikoKqT8/OK83NS9ZwhNEghAwQwghQWAADROOumXQAAAA==[0mcopy-console-proxy:
    [mkdir] Created dir: /var/lib/jenkins/workspace/junit-test/dist/console-proxy
    [mkdir] Created dir: /var/lib/jenkins/workspace/junit-test/dist/console-proxy/conf
    [mkdir] Created dir: /var/lib/jenkins/workspace/junit-test/dist/console-proxy/logs
    [mkdir] Created dir: /var/lib/jenkins/workspace/junit-test/dist/console-proxy/applet
    [mkdir] Created dir: /var/lib/jenkins/workspace/junit-test/dist/console-proxy/images
    [mkdir] Created dir: /var/lib/jenkins/workspace/junit-test/dist/console-proxy/js
    [mkdir] Created dir: /var/lib/jenkins/workspace/junit-test/dist/console-proxy/ui
    [mkdir] Created dir: /var/lib/jenkins/workspace/junit-test/dist/console-proxy/css
    [mkdir] Created dir: /var/lib/jenkins/workspace/junit-test/dist/console-proxy/certs
     [copy] Copying 1 file to /var/lib/jenkins/workspace/junit-test/dist/console-proxy
     [copy] Copying 1 file to /var/lib/jenkins/workspace/junit-test/dist/console-proxy/conf
     [copy] Copying 22 files to /var/lib/jenkins/workspace/junit-test/dist/console-proxy/images
     [copy] Copying 4 files to /var/lib/jenkins/workspace/junit-test/dist/console-proxy/js
     [copy] Copying 4 files to /var/lib/jenkins/workspace/junit-test/dist/console-proxy/ui
     [copy] Copying 2 files to /var/lib/jenkins/workspace/junit-test/dist/console-proxy/css
     [copy] Copying 5 files to /var/lib/jenkins/workspace/junit-test/dist/console-proxy/certs

[8mha:AAAAYB+LCAAAAAAAAABb85aBtbiIQT6jNKU4P0+vJLE4u1gvPjGvRM8xryQksSg9tcQvvyTVvqNr/s+Vl9uYGBgqihikoKqT8/OK83NS9ZwhNEghAwQwghQWAADROOumXQAAAA==[0mbuild-console-proxy:
     [copy] Copying 8 files to /var/lib/jenkins/workspace/junit-test/dist/console-proxy
     [copy] Copying 2 files to /var/lib/jenkins/workspace/junit-test/dist/console-proxy/conf

[8mha:AAAAYB+LCAAAAAAAAABb85aBtbiIQT6jNKU4P0+vJLE4u1gvPjGvRM8xryQksSg9tcQvvyTVvqNr/s+Vl9uYGBgqihikoKqT8/OK83NS9ZwhNEghAwQwghQWAADROOumXQAAAA==[0mcompile-ovm:
     [echo] build.dir=/var/lib/jenkins/workspace/junit-test/build; top.dir=/var/lib/jenkins/workspace/junit-test; ovm.base.dir=/var/lib/jenkins/workspace/junit-test/plugins/hypervisors/ovm
     [echo] Using build parameters from /var/lib/jenkins/workspace/junit-test/build/build-cloud.properties
     [echo] Using company info from /var/lib/jenkins/workspace/junit-test/build/cloud.properties
     [echo] Using override file from /var/lib/jenkins/workspace/junit-test/build/replace.properties
     [echo] target.dir=/var/lib/jenkins/workspace/junit-test/target; top.dir=/var/lib/jenkins/workspace/junit-test
     [echo] target.dir=/var/lib/jenkins/workspace/junit-test/target; top.dir=/var/lib/jenkins/workspace/junit-test

[8mha:AAAAYB+LCAAAAAAAAABb85aBtbiIQT6jNKU4P0+vJLE4u1gvPjGvRM8xryQksSg9tcQvvyTVvqNr/s+Vl9uYGBgqihikoKqT8/OK83NS9ZwhNEghAwQwghQWAADROOumXQAAAA==[0minit:
    [mkdir] Created dir: /var/lib/jenkins/workspace/junit-test/target/classes/cloud-ovm.jar

[8mha:AAAAYB+LCAAAAAAAAABb85aBtbiIQT6jNKU4P0+vJLE4u1gvPjGvRM8xryQksSg9tcQvvyTVvqNr/s+Vl9uYGBgqihikoKqT8/OK83NS9ZwhNEghAwQwghQWAADROOumXQAAAA==[0mcompile-ovm:
     [echo] Compiling /var/lib/jenkins/workspace/junit-test/plugins/hypervisors/ovm/src
    [javac] Compiling 18 source files to /var/lib/jenkins/workspace/junit-test/target/classes/cloud-ovm.jar
    [javac] Note: /var/lib/jenkins/workspace/junit-test/plugins/hypervisors/ovm/src/com/cloud/ovm/object/OvmStoragePool.java uses unchecked or unsafe operations.
    [javac] Note: Recompile with -Xlint:unchecked for details.
      [jar] Building jar: /var/lib/jenkins/workspace/junit-test/target/jar/cloud-ovm.jar

[8mha:AAAAYB+LCAAAAAAAAABb85aBtbiIQT6jNKU4P0+vJLE4u1gvPjGvRM8xryQksSg9tcQvvyTVvqNr/s+Vl9uYGBgqihikoKqT8/OK83NS9ZwhNEghAwQwghQWAADROOumXQAAAA==[0mbuild:

[8mha:AAAAYB+LCAAAAAAAAABb85aBtbiIQT6jNKU4P0+vJLE4u1gvPjGvRM8xryQksSg9tcQvvyTVvqNr/s+Vl9uYGBgqihikoKqT8/OK83NS9ZwhNEghAwQwghQWAADROOumXQAAAA==[0mbuild-ovm:

[8mha:AAAAYB+LCAAAAAAAAABb85aBtbiIQT6jNKU4P0+vJLE4u1gvPjGvRM8xryQksSg9tcQvvyTVvqNr/s+Vl9uYGBgqihikoKqT8/OK83NS9ZwhNEghAwQwghQWAADROOumXQAAAA==[0m-init-package:

[8mha:AAAAYB+LCAAAAAAAAABb85aBtbiIQT6jNKU4P0+vJLE4u1gvPjGvRM8xryQksSg9tcQvvyTVvqNr/s+Vl9uYGBgqihikoKqT8/OK83NS9ZwhNEghAwQwghQWAADROOumXQAAAA==[0mpackage-oss-systemvm:
      [zip] Building zip: /var/lib/jenkins/workspace/junit-test/dist/systemvm.zip

[8mha:AAAAYB+LCAAAAAAAAABb85aBtbiIQT6jNKU4P0+vJLE4u1gvPjGvRM8xryQksSg9tcQvvyTVvqNr/s+Vl9uYGBgqihikoKqT8/OK83NS9ZwhNEghAwQwghQWAADROOumXQAAAA==[0mbuild-systemvm-patch:
    [mkdir] Created dir: /var/lib/jenkins/workspace/junit-test/dist/build-patch
    [mkdir] Created dir: /var/lib/jenkins/workspace/junit-test/dist/build-patch/usr/sbin
     [copy] Copying 75 files to /var/lib/jenkins/workspace/junit-test/dist/build-patch
     [copy] Copying 5 files to /var/lib/jenkins/workspace/junit-test/dist/build-patch/usr/sbin
      [tar] Building tar: /var/lib/jenkins/workspace/junit-test/dist/patch.tar
     [copy] Copying 1 file to /var/lib/jenkins/workspace/junit-test/dist
     [gzip] Building: /var/lib/jenkins/workspace/junit-test/dist/cloud-scripts.tgz
   [delete] Deleting: /var/lib/jenkins/workspace/junit-test/dist/patch.tar
   [delete] Deleting directory /var/lib/jenkins/workspace/junit-test/dist/build-patch

[8mha:AAAAYB+LCAAAAAAAAABb85aBtbiIQT6jNKU4P0+vJLE4u1gvPjGvRM8xryQksSg9tcQvvyTVvqNr/s+Vl9uYGBgqihikoKqT8/OK83NS9ZwhNEghAwQwghQWAADROOumXQAAAA==[0mpackage-oss-systemvm-iso:

[8mha:AAAAYB+LCAAAAAAAAABb85aBtbiIQT6jNKU4P0+vJLE4u1gvPjGvRM8xryQksSg9tcQvvyTVvqNr/s+Vl9uYGBgqihikoKqT8/OK83NS9ZwhNEghAwQwghQWAADROOumXQAAAA==[0mcompile-netscaler:
     [echo] build.dir=/var/lib/jenkins/workspace/junit-test/build; top.dir=/var/lib/jenkins/workspace/junit-test; netscaler.base.dir=/var/lib/jenkins/workspace/junit-test/plugins/network-elements/netscaler
     [echo] Using build parameters from /var/lib/jenkins/workspace/junit-test/build/build-cloud.properties
     [echo] Using company info from /var/lib/jenkins/workspace/junit-test/build/cloud.properties
     [echo] Using override file from /var/lib/jenkins/workspace/junit-test/build/replace.properties
     [echo] target.dir=/var/lib/jenkins/workspace/junit-test/target; top.dir=/var/lib/jenkins/workspace/junit-test
     [echo] target.dir=/var/lib/jenkins/workspace/junit-test/target; top.dir=/var/lib/jenkins/workspace/junit-test

[8mha:AAAAYB+LCAAAAAAAAABb85aBtbiIQT6jNKU4P0+vJLE4u1gvPjGvRM8xryQksSg9tcQvvyTVvqNr/s+Vl9uYGBgqihikoKqT8/OK83NS9ZwhNEghAwQwghQWAADROOumXQAAAA==[0minit:
    [mkdir] Created dir: /var/lib/jenkins/workspace/junit-test/target/classes/cloud-plugin-netscaler.jar

[8mha:AAAAYB+LCAAAAAAAAABb85aBtbiIQT6jNKU4P0+vJLE4u1gvPjGvRM8xryQksSg9tcQvvyTVvqNr/s+Vl9uYGBgqihikoKqT8/OK83NS9ZwhNEghAwQwghQWAADROOumXQAAAA==[0mcompile-netscaler:
     [echo] Compiling /var/lib/jenkins/workspace/junit-test/plugins/network-elements/netscaler/src
    [javac] Compiling 12 source files to /var/lib/jenkins/workspace/junit-test/target/classes/cloud-plugin-netscaler.jar
      [jar] Building jar: /var/lib/jenkins/workspace/junit-test/target/jar/cloud-plugin-netscaler.jar

[8mha:AAAAYB+LCAAAAAAAAABb85aBtbiIQT6jNKU4P0+vJLE4u1gvPjGvRM8xryQksSg9tcQvvyTVvqNr/s+Vl9uYGBgqihikoKqT8/OK83NS9ZwhNEghAwQwghQWAADROOumXQAAAA==[0mbuild:

[8mha:AAAAYB+LCAAAAAAAAABb85aBtbiIQT6jNKU4P0+vJLE4u1gvPjGvRM8xryQksSg9tcQvvyTVvqNr/s+Vl9uYGBgqihikoKqT8/OK83NS9ZwhNEghAwQwghQWAADROOumXQAAAA==[0mbuild-netscaler:

[8mha:AAAAYB+LCAAAAAAAAABb85aBtbiIQT6jNKU4P0+vJLE4u1gvPjGvRM8xryQksSg9tcQvvyTVvqNr/s+Vl9uYGBgqihikoKqT8/OK83NS9ZwhNEghAwQwghQWAADROOumXQAAAA==[0mcompile-f5:
     [echo] build.dir=/var/lib/jenkins/workspace/junit-test/build; top.dir=/var/lib/jenkins/workspace/junit-test; f5.base.dir=/var/lib/jenkins/workspace/junit-test/plugins/network-elements/f5
     [echo] Using build parameters from /var/lib/jenkins/workspace/junit-test/build/build-cloud.properties
     [echo] Using company info from /var/lib/jenkins/workspace/junit-test/build/cloud.properties
     [echo] Using override file from /var/lib/jenkins/workspace/junit-test/build/replace.properties
     [echo] target.dir=/var/lib/jenkins/workspace/junit-test/target; top.dir=/var/lib/jenkins/workspace/junit-test
     [echo] target.dir=/var/lib/jenkins/workspace/junit-test/target; top.dir=/var/lib/jenkins/workspace/junit-test

[8mha:AAAAYB+LCAAAAAAAAABb85aBtbiIQT6jNKU4P0+vJLE4u1gvPjGvRM8xryQksSg9tcQvvyTVvqNr/s+Vl9uYGBgqihikoKqT8/OK83NS9ZwhNEghAwQwghQWAADROOumXQAAAA==[0minit:
    [mkdir] Created dir: /var/lib/jenkins/workspace/junit-test/target/classes/cloud-plugin-f5.jar

[8mha:AAAAYB+LCAAAAAAAAABb85aBtbiIQT6jNKU4P0+vJLE4u1gvPjGvRM8xryQksSg9tcQvvyTVvqNr/s+Vl9uYGBgqihikoKqT8/OK83NS9ZwhNEghAwQwghQWAADROOumXQAAAA==[0mcompile-f5:
     [echo] Compiling /var/lib/jenkins/workspace/junit-test/plugins/network-elements/f5/src
    [javac] Compiling 12 source files to /var/lib/jenkins/workspace/junit-test/target/classes/cloud-plugin-f5.jar
    [javac] Note: Some input files use or override a deprecated API.
    [javac] Note: Recompile with -Xlint:deprecation for details.
      [jar] Building jar: /var/lib/jenkins/workspace/junit-test/target/jar/cloud-plugin-f5.jar

[8mha:AAAAYB+LCAAAAAAAAABb85aBtbiIQT6jNKU4P0+vJLE4u1gvPjGvRM8xryQksSg9tcQvvyTVvqNr/s+Vl9uYGBgqihikoKqT8/OK83NS9ZwhNEghAwQwghQWAADROOumXQAAAA==[0mbuild:

[8mha:AAAAYB+LCAAAAAAAAABb85aBtbiIQT6jNKU4P0+vJLE4u1gvPjGvRM8xryQksSg9tcQvvyTVvqNr/s+Vl9uYGBgqihikoKqT8/OK83NS9ZwhNEghAwQwghQWAADROOumXQAAAA==[0mbuild-f5:

[8mha:AAAAYB+LCAAAAAAAAABb85aBtbiIQT6jNKU4P0+vJLE4u1gvPjGvRM8xryQksSg9tcQvvyTVvqNr/s+Vl9uYGBgqihikoKqT8/OK83NS9ZwhNEghAwQwghQWAADROOumXQAAAA==[0mcompile-srx:
     [echo] build.dir=/var/lib/jenkins/workspace/junit-test/build; top.dir=/var/lib/jenkins/workspace/junit-test; srx.base.dir=/var/lib/jenkins/workspace/junit-test/plugins/network-elements/juniper-srx
     [echo] Using build parameters from /var/lib/jenkins/workspace/junit-test/build/build-cloud.properties
     [echo] Using company info from /var/lib/jenkins/workspace/junit-test/build/cloud.properties
     [echo] Using override file from /var/lib/jenkins/workspace/junit-test/build/replace.properties
     [echo] target.dir=/var/lib/jenkins/workspace/junit-test/target; top.dir=/var/lib/jenkins/workspace/junit-test
     [echo] target.dir=/var/lib/jenkins/workspace/junit-test/target; top.dir=/var/lib/jenkins/workspace/junit-test

[8mha:AAAAYB+LCAAAAAAAAABb85aBtbiIQT6jNKU4P0+vJLE4u1gvPjGvRM8xryQksSg9tcQvvyTVvqNr/s+Vl9uYGBgqihikoKqT8/OK83NS9ZwhNEghAwQwghQWAADROOumXQAAAA==[0minit:
    [mkdir] Created dir: /var/lib/jenkins/workspace/junit-test/target/classes/cloud-plugin-srx.jar

[8mha:AAAAYB+LCAAAAAAAAABb85aBtbiIQT6jNKU4P0+vJLE4u1gvPjGvRM8xryQksSg9tcQvvyTVvqNr/s+Vl9uYGBgqihikoKqT8/OK83NS9ZwhNEghAwQwghQWAADROOumXQAAAA==[0mcompile-srx:
     [echo] Compiling /var/lib/jenkins/workspace/junit-test/plugins/network-elements/juniper-srx/src
    [javac] Compiling 12 source files to /var/lib/jenkins/workspace/junit-test/target/classes/cloud-plugin-srx.jar
    [javac] Note: /var/lib/jenkins/workspace/junit-test/plugins/network-elements/juniper-srx/src/com/cloud/network/element/JuniperSRXExternalFirewallElement.java uses or overrides a deprecated API.
    [javac] Note: Recompile with -Xlint:deprecation for details.
      [jar] Building jar: /var/lib/jenkins/workspace/junit-test/target/jar/cloud-plugin-srx.jar

[8mha:AAAAYB+LCAAAAAAAAABb85aBtbiIQT6jNKU4P0+vJLE4u1gvPjGvRM8xryQksSg9tcQvvyTVvqNr/s+Vl9uYGBgqihikoKqT8/OK83NS9ZwhNEghAwQwghQWAADROOumXQAAAA==[0mbuild:

[8mha:AAAAYB+LCAAAAAAAAABb85aBtbiIQT6jNKU4P0+vJLE4u1gvPjGvRM8xryQksSg9tcQvvyTVvqNr/s+Vl9uYGBgqihikoKqT8/OK83NS9ZwhNEghAwQwghQWAADROOumXQAAAA==[0mbuild-srx:

[8mha:AAAAYB+LCAAAAAAAAABb85aBtbiIQT6jNKU4P0+vJLE4u1gvPjGvRM8xryQksSg9tcQvvyTVvqNr/s+Vl9uYGBgqihikoKqT8/OK83NS9ZwhNEghAwQwghQWAADROOumXQAAAA==[0mcompile-dp-user-dispersing:
     [echo] build.dir=/var/lib/jenkins/workspace/junit-test/build; top.dir=/var/lib/jenkins/workspace/junit-test; dp-user-dispersing.base.dir=/var/lib/jenkins/workspace/junit-test/plugins/deployment-planners/user-dispersing
     [echo] Using build parameters from /var/lib/jenkins/workspace/junit-test/build/build-cloud.properties
     [echo] Using company info from /var/lib/jenkins/workspace/junit-test/build/cloud.properties
     [echo] Using override file from /var/lib/jenkins/workspace/junit-test/build/replace.properties
     [echo] target.dir=/var/lib/jenkins/workspace/junit-test/target; top.dir=/var/lib/jenkins/workspace/junit-test
     [echo] target.dir=/var/lib/jenkins/workspace/junit-test/target; top.dir=/var/lib/jenkins/workspace/junit-test

[8mha:AAAAYB+LCAAAAAAAAABb85aBtbiIQT6jNKU4P0+vJLE4u1gvPjGvRM8xryQksSg9tcQvvyTVvqNr/s+Vl9uYGBgqihikoKqT8/OK83NS9ZwhNEghAwQwghQWAADROOumXQAAAA==[0minit:
    [mkdir] Created dir: /var/lib/jenkins/workspace/junit-test/target/classes/cloud-dp-user-dispersing.jar

[8mha:AAAAYB+LCAAAAAAAAABb85aBtbiIQT6jNKU4P0+vJLE4u1gvPjGvRM8xryQksSg9tcQvvyTVvqNr/s+Vl9uYGBgqihikoKqT8/OK83NS9ZwhNEghAwQwghQWAADROOumXQAAAA==[0mcompile-dp-user-dispersing:
     [echo] Compiling /var/lib/jenkins/workspace/junit-test/plugins/deployment-planners/user-dispersing/src
    [javac] Compiling 1 source file to /var/lib/jenkins/workspace/junit-test/target/classes/cloud-dp-user-dispersing.jar
      [jar] Building jar: /var/lib/jenkins/workspace/junit-test/target/jar/cloud-dp-user-dispersing.jar

[8mha:AAAAYB+LCAAAAAAAAABb85aBtbiIQT6jNKU4P0+vJLE4u1gvPjGvRM8xryQksSg9tcQvvyTVvqNr/s+Vl9uYGBgqihikoKqT8/OK83NS9ZwhNEghAwQwghQWAADROOumXQAAAA==[0mbuild:

[8mha:AAAAYB+LCAAAAAAAAABb85aBtbiIQT6jNKU4P0+vJLE4u1gvPjGvRM8xryQksSg9tcQvvyTVvqNr/s+Vl9uYGBgqihikoKqT8/OK83NS9ZwhNEghAwQwghQWAADROOumXQAAAA==[0mbuild-dp-user-dispersing:

[8mha:AAAAYB+LCAAAAAAAAABb85aBtbiIQT6jNKU4P0+vJLE4u1gvPjGvRM8xryQksSg9tcQvvyTVvqNr/s+Vl9uYGBgqihikoKqT8/OK83NS9ZwhNEghAwQwghQWAADROOumXQAAAA==[0mcompile-dp-user-concentrated-pod:
     [echo] build.dir=/var/lib/jenkins/workspace/junit-test/build; top.dir=/var/lib/jenkins/workspace/junit-test; dp-user-concentrated-pod.base.dir=/var/lib/jenkins/workspace/junit-test/plugins/deployment-planners/user-concentrated-pod
     [echo] Using build parameters from /var/lib/jenkins/workspace/junit-test/build/build-cloud.properties
     [echo] Using company info from /var/lib/jenkins/workspace/junit-test/build/cloud.properties
     [echo] Using override file from /var/lib/jenkins/workspace/junit-test/build/replace.properties
     [echo] target.dir=/var/lib/jenkins/workspace/junit-test/target; top.dir=/var/lib/jenkins/workspace/junit-test
     [echo] target.dir=/var/lib/jenkins/workspace/junit-test/target; top.dir=/var/lib/jenkins/workspace/junit-test

[8mha:AAAAYB+LCAAAAAAAAABb85aBtbiIQT6jNKU4P0+vJLE4u1gvPjGvRM8xryQksSg9tcQvvyTVvqNr/s+Vl9uYGBgqihikoKqT8/OK83NS9ZwhNEghAwQwghQWAADROOumXQAAAA==[0minit:
    [mkdir] Created dir: /var/lib/jenkins/workspace/junit-test/target/classes/cloud-dp-user-concentrated-pod.jar

[8mha:AAAAYB+LCAAAAAAAAABb85aBtbiIQT6jNKU4P0+vJLE4u1gvPjGvRM8xryQksSg9tcQvvyTVvqNr/s+Vl9uYGBgqihikoKqT8/OK83NS9ZwhNEghAwQwghQWAADROOumXQAAAA==[0mcompile-dp-user-concentrated-pod:
     [echo] Compiling /var/lib/jenkins/workspace/junit-test/plugins/deployment-planners/user-concentrated-pod/src
    [javac] Compiling 1 source file to /var/lib/jenkins/workspace/junit-test/target/classes/cloud-dp-user-concentrated-pod.jar
      [jar] Building jar: /var/lib/jenkins/workspace/junit-test/target/jar/cloud-dp-user-concentrated-pod.jar

[8mha:AAAAYB+LCAAAAAAAAABb85aBtbiIQT6jNKU4P0+vJLE4u1gvPjGvRM8xryQksSg9tcQvvyTVvqNr/s+Vl9uYGBgqihikoKqT8/OK83NS9ZwhNEghAwQwghQWAADROOumXQAAAA==[0mbuild:

[8mha:AAAAYB+LCAAAAAAAAABb85aBtbiIQT6jNKU4P0+vJLE4u1gvPjGvRM8xryQksSg9tcQvvyTVvqNr/s+Vl9uYGBgqihikoKqT8/OK83NS9ZwhNEghAwQwghQWAADROOumXQAAAA==[0mbuild-dp-user-concentrated-pod:

[8mha:AAAAYB+LCAAAAAAAAABb85aBtbiIQT6jNKU4P0+vJLE4u1gvPjGvRM8xryQksSg9tcQvvyTVvqNr/s+Vl9uYGBgqihikoKqT8/OK83NS9ZwhNEghAwQwghQWAADROOumXQAAAA==[0mcompile-host-allocator-random:
     [echo] build.dir=/var/lib/jenkins/workspace/junit-test/build; top.dir=/var/lib/jenkins/workspace/junit-test; host-allocator-random.base.dir=/var/lib/jenkins/workspace/junit-test/plugins/host-allocators/random
     [echo] Using build parameters from /var/lib/jenkins/workspace/junit-test/build/build-cloud.properties
     [echo] Using company info from /var/lib/jenkins/workspace/junit-test/build/cloud.properties
     [echo] Using override file from /var/lib/jenkins/workspace/junit-test/build/replace.properties
     [echo] target.dir=/var/lib/jenkins/workspace/junit-test/target; top.dir=/var/lib/jenkins/workspace/junit-test
     [echo] target.dir=/var/lib/jenkins/workspace/junit-test/target; top.dir=/var/lib/jenkins/workspace/junit-test

[8mha:AAAAYB+LCAAAAAAAAABb85aBtbiIQT6jNKU4P0+vJLE4u1gvPjGvRM8xryQksSg9tcQvvyTVvqNr/s+Vl9uYGBgqihikoKqT8/OK83NS9ZwhNEghAwQwghQWAADROOumXQAAAA==[0minit:
    [mkdir] Created dir: /var/lib/jenkins/workspace/junit-test/target/classes/cloud-host-allocator-random.jar

[8mha:AAAAYB+LCAAAAAAAAABb85aBtbiIQT6jNKU4P0+vJLE4u1gvPjGvRM8xryQksSg9tcQvvyTVvqNr/s+Vl9uYGBgqihikoKqT8/OK83NS9ZwhNEghAwQwghQWAADROOumXQAAAA==[0mcompile-host-allocator-random:
     [echo] Compiling /var/lib/jenkins/workspace/junit-test/plugins/host-allocators/random/src
    [javac] Compiling 1 source file to /var/lib/jenkins/workspace/junit-test/target/classes/cloud-host-allocator-random.jar
      [jar] Building jar: /var/lib/jenkins/workspace/junit-test/target/jar/cloud-host-allocator-random.jar

[8mha:AAAAYB+LCAAAAAAAAABb85aBtbiIQT6jNKU4P0+vJLE4u1gvPjGvRM8xryQksSg9tcQvvyTVvqNr/s+Vl9uYGBgqihikoKqT8/OK83NS9ZwhNEghAwQwghQWAADROOumXQAAAA==[0mbuild:

[8mha:AAAAYB+LCAAAAAAAAABb85aBtbiIQT6jNKU4P0+vJLE4u1gvPjGvRM8xryQksSg9tcQvvyTVvqNr/s+Vl9uYGBgqihikoKqT8/OK83NS9ZwhNEghAwQwghQWAADROOumXQAAAA==[0mbuild-host-allocator-random:

[8mha:AAAAYB+LCAAAAAAAAABb85aBtbiIQT6jNKU4P0+vJLE4u1gvPjGvRM8xryQksSg9tcQvvyTVvqNr/s+Vl9uYGBgqihikoKqT8/OK83NS9ZwhNEghAwQwghQWAADROOumXQAAAA==[0mcompile-user-authenticator-ldap:
     [echo] build.dir=/var/lib/jenkins/workspace/junit-test/build; top.dir=/var/lib/jenkins/workspace/junit-test; user-authenticator-ldap.base.dir=/var/lib/jenkins/workspace/junit-test/plugins/user-authenticators/ldap
     [echo] Using build parameters from /var/lib/jenkins/workspace/junit-test/build/build-cloud.properties
     [echo] Using company info from /var/lib/jenkins/workspace/junit-test/build/cloud.properties
     [echo] Using override file from /var/lib/jenkins/workspace/junit-test/build/replace.properties
     [echo] target.dir=/var/lib/jenkins/workspace/junit-test/target; top.dir=/var/lib/jenkins/workspace/junit-test
     [echo] target.dir=/var/lib/jenkins/workspace/junit-test/target; top.dir=/var/lib/jenkins/workspace/junit-test

[8mha:AAAAYB+LCAAAAAAAAABb85aBtbiIQT6jNKU4P0+vJLE4u1gvPjGvRM8xryQksSg9tcQvvyTVvqNr/s+Vl9uYGBgqihikoKqT8/OK83NS9ZwhNEghAwQwghQWAADROOumXQAAAA==[0minit:
    [mkdir] Created dir: /var/lib/jenkins/workspace/junit-test/target/classes/cloud-user-authenticator-ldap.jar

[8mha:AAAAYB+LCAAAAAAAAABb85aBtbiIQT6jNKU4P0+vJLE4u1gvPjGvRM8xryQksSg9tcQvvyTVvqNr/s+Vl9uYGBgqihikoKqT8/OK83NS9ZwhNEghAwQwghQWAADROOumXQAAAA==[0mcompile-user-authenticator-ldap:
     [echo] Compiling /var/lib/jenkins/workspace/junit-test/plugins/user-authenticators/ldap/src
    [javac] Compiling 1 source file to /var/lib/jenkins/workspace/junit-test/target/classes/cloud-user-authenticator-ldap.jar
      [jar] Building jar: /var/lib/jenkins/workspace/junit-test/target/jar/cloud-user-authenticator-ldap.jar

[8mha:AAAAYB+LCAAAAAAAAABb85aBtbiIQT6jNKU4P0+vJLE4u1gvPjGvRM8xryQksSg9tcQvvyTVvqNr/s+Vl9uYGBgqihikoKqT8/OK83NS9ZwhNEghAwQwghQWAADROOumXQAAAA==[0mbuild:

[8mha:AAAAYB+LCAAAAAAAAABb85aBtbiIQT6jNKU4P0+vJLE4u1gvPjGvRM8xryQksSg9tcQvvyTVvqNr/s+Vl9uYGBgqihikoKqT8/OK83NS9ZwhNEghAwQwghQWAADROOumXQAAAA==[0mbuild-user-authenticator-ldap:

[8mha:AAAAYB+LCAAAAAAAAABb85aBtbiIQT6jNKU4P0+vJLE4u1gvPjGvRM8xryQksSg9tcQvvyTVvqNr/s+Vl9uYGBgqihikoKqT8/OK83NS9ZwhNEghAwQwghQWAADROOumXQAAAA==[0mbuild-opensource:
     [copy] Copying 4 files to /var/lib/jenkins/workspace/junit-test/dist
     [copy] Copying 4 files to /var/lib/jenkins/workspace/junit-test/target/jar

[8mha:AAAAYB+LCAAAAAAAAABb85aBtbiIQT6jNKU4P0+vJLE4u1gvPjGvRM8xryQksSg9tcQvvyTVvqNr/s+Vl9uYGBgqihikoKqT8/OK83NS9ZwhNEghAwQwghQWAADROOumXQAAAA==[0mcompile-ovs:
     [echo] build.dir=/var/lib/jenkins/workspace/junit-test/build; top.dir=/var/lib/jenkins/workspace/junit-test; ovs.base.dir=/var/lib/jenkins/workspace/junit-test/plugins/network-elements/ovs
     [echo] Using build parameters from /var/lib/jenkins/workspace/junit-test/build/build-cloud.properties
     [echo] Using company info from /var/lib/jenkins/workspace/junit-test/build/cloud.properties
     [echo] Using override file from /var/lib/jenkins/workspace/junit-test/build/replace.properties
     [echo] target.dir=/var/lib/jenkins/workspace/junit-test/target; top.dir=/var/lib/jenkins/workspace/junit-test
     [echo] target.dir=/var/lib/jenkins/workspace/junit-test/target; top.dir=/var/lib/jenkins/workspace/junit-test

[8mha:AAAAYB+LCAAAAAAAAABb85aBtbiIQT6jNKU4P0+vJLE4u1gvPjGvRM8xryQksSg9tcQvvyTVvqNr/s+Vl9uYGBgqihikoKqT8/OK83NS9ZwhNEghAwQwghQWAADROOumXQAAAA==[0minit:
    [mkdir] Created dir: /var/lib/jenkins/workspace/junit-test/target/classes/cloud-plugin-ovs.jar

[8mha:AAAAYB+LCAAAAAAAAABb85aBtbiIQT6jNKU4P0+vJLE4u1gvPjGvRM8xryQksSg9tcQvvyTVvqNr/s+Vl9uYGBgqihikoKqT8/OK83NS9ZwhNEghAwQwghQWAADROOumXQAAAA==[0mcompile-ovs:
     [echo] Compiling /var/lib/jenkins/workspace/junit-test/plugins/network-elements/ovs/src
    [javac] Compiling 23 source files to /var/lib/jenkins/workspace/junit-test/target/classes/cloud-plugin-ovs.jar
      [jar] Building jar: /var/lib/jenkins/workspace/junit-test/target/jar/cloud-plugin-ovs.jar

[8mha:AAAAYB+LCAAAAAAAAABb85aBtbiIQT6jNKU4P0+vJLE4u1gvPjGvRM8xryQksSg9tcQvvyTVvqNr/s+Vl9uYGBgqihikoKqT8/OK83NS9ZwhNEghAwQwghQWAADROOumXQAAAA==[0mbuild:

[8mha:AAAAYB+LCAAAAAAAAABb85aBtbiIQT6jNKU4P0+vJLE4u1gvPjGvRM8xryQksSg9tcQvvyTVvqNr/s+Vl9uYGBgqihikoKqT8/OK83NS9ZwhNEghAwQwghQWAADROOumXQAAAA==[0mcompile-xen:
     [echo] build.dir=/var/lib/jenkins/workspace/junit-test/build; top.dir=/var/lib/jenkins/workspace/junit-test; xen.base.dir=/var/lib/jenkins/workspace/junit-test/plugins/hypervisors/xen
     [echo] Using build parameters from /var/lib/jenkins/workspace/junit-test/build/build-cloud.properties
     [echo] Using company info from /var/lib/jenkins/workspace/junit-test/build/cloud.properties
     [echo] Using override file from /var/lib/jenkins/workspace/junit-test/build/replace.properties
     [echo] target.dir=/var/lib/jenkins/workspace/junit-test/target; top.dir=/var/lib/jenkins/workspace/junit-test
     [echo] target.dir=/var/lib/jenkins/workspace/junit-test/target; top.dir=/var/lib/jenkins/workspace/junit-test

[8mha:AAAAYB+LCAAAAAAAAABb85aBtbiIQT6jNKU4P0+vJLE4u1gvPjGvRM8xryQksSg9tcQvvyTVvqNr/s+Vl9uYGBgqihikoKqT8/OK83NS9ZwhNEghAwQwghQWAADROOumXQAAAA==[0minit:
    [mkdir] Created dir: /var/lib/jenkins/workspace/junit-test/target/classes/cloud-xen.jar

[8mha:AAAAYB+LCAAAAAAAAABb85aBtbiIQT6jNKU4P0+vJLE4u1gvPjGvRM8xryQksSg9tcQvvyTVvqNr/s+Vl9uYGBgqihikoKqT8/OK83NS9ZwhNEghAwQwghQWAADROOumXQAAAA==[0mcompile-xen:
     [echo] Compiling /var/lib/jenkins/workspace/junit-test/plugins/hypervisors/xen/src
    [javac] Compiling 14 source files to /var/lib/jenkins/workspace/junit-test/target/classes/cloud-xen.jar
      [jar] Building jar: /var/lib/jenkins/workspace/junit-test/target/jar/cloud-xen.jar

[8mha:AAAAYB+LCAAAAAAAAABb85aBtbiIQT6jNKU4P0+vJLE4u1gvPjGvRM8xryQksSg9tcQvvyTVvqNr/s+Vl9uYGBgqihikoKqT8/OK83NS9ZwhNEghAwQwghQWAADROOumXQAAAA==[0mbuild:

[8mha:AAAAYB+LCAAAAAAAAABb85aBtbiIQT6jNKU4P0+vJLE4u1gvPjGvRM8xryQksSg9tcQvvyTVvqNr/s+Vl9uYGBgqihikoKqT8/OK83NS9ZwhNEghAwQwghQWAADROOumXQAAAA==[0mbuild-xen:

[8mha:AAAAYB+LCAAAAAAAAABb85aBtbiIQT6jNKU4P0+vJLE4u1gvPjGvRM8xryQksSg9tcQvvyTVvqNr/s+Vl9uYGBgqihikoKqT8/OK83NS9ZwhNEghAwQwghQWAADROOumXQAAAA==[0mcompile-vmware:
     [echo] build.dir=/var/lib/jenkins/workspace/junit-test/build; top.dir=/var/lib/jenkins/workspace/junit-test; vmware.base.dir=/var/lib/jenkins/workspace/junit-test/plugins/hypervisors/vmware
     [echo] Using build parameters from /var/lib/jenkins/workspace/junit-test/build/build-cloud.properties
     [echo] Using company info from /var/lib/jenkins/workspace/junit-test/build/cloud.properties
     [echo] Using override file from /var/lib/jenkins/workspace/junit-test/build/replace.properties
     [echo] target.dir=/var/lib/jenkins/workspace/junit-test/target; top.dir=/var/lib/jenkins/workspace/junit-test
     [echo] target.dir=/var/lib/jenkins/workspace/junit-test/target; top.dir=/var/lib/jenkins/workspace/junit-test

[8mha:AAAAYB+LCAAAAAAAAABb85aBtbiIQT6jNKU4P0+vJLE4u1gvPjGvRM8xryQksSg9tcQvvyTVvqNr/s+Vl9uYGBgqihikoKqT8/OK83NS9ZwhNEghAwQwghQWAADROOumXQAAAA==[0minit:
    [mkdir] Created dir: /var/lib/jenkins/workspace/junit-test/target/classes/cloud-vmware.jar

[8mha:AAAAYB+LCAAAAAAAAABb85aBtbiIQT6jNKU4P0+vJLE4u1gvPjGvRM8xryQksSg9tcQvvyTVvqNr/s+Vl9uYGBgqihikoKqT8/OK83NS9ZwhNEghAwQwghQWAADROOumXQAAAA==[0mcompile-vmware:
     [echo] Compiling /var/lib/jenkins/workspace/junit-test/plugins/hypervisors/vmware/src
    [javac] Compiling 28 source files to /var/lib/jenkins/workspace/junit-test/target/classes/cloud-vmware.jar
    [javac] Note: Some input files use or override a deprecated API.
    [javac] Note: Recompile with -Xlint:deprecation for details.
    [javac] Note: /var/lib/jenkins/workspace/junit-test/plugins/hypervisors/vmware/src/com/cloud/hypervisor/vmware/resource/VmwareResource.java uses unchecked or unsafe operations.
    [javac] Note: Recompile with -Xlint:unchecked for details.
      [jar] Building jar: /var/lib/jenkins/workspace/junit-test/target/jar/cloud-vmware.jar

[8mha:AAAAYB+LCAAAAAAAAABb85aBtbiIQT6jNKU4P0+vJLE4u1gvPjGvRM8xryQksSg9tcQvvyTVvqNr/s+Vl9uYGBgqihikoKqT8/OK83NS9ZwhNEghAwQwghQWAADROOumXQAAAA==[0mbuild:

[8mha:AAAAYB+LCAAAAAAAAABb85aBtbiIQT6jNKU4P0+vJLE4u1gvPjGvRM8xryQksSg9tcQvvyTVvqNr/s+Vl9uYGBgqihikoKqT8/OK83NS9ZwhNEghAwQwghQWAADROOumXQAAAA==[0mbuild-vmware:

[8mha:AAAAYB+LCAAAAAAAAABb85aBtbiIQT6jNKU4P0+vJLE4u1gvPjGvRM8xryQksSg9tcQvvyTVvqNr/s+Vl9uYGBgqihikoKqT8/OK83NS9ZwhNEghAwQwghQWAADROOumXQAAAA==[0mbuild-hypervisors:

[8mha:AAAAYB+LCAAAAAAAAABb85aBtbiIQT6jNKU4P0+vJLE4u1gvPjGvRM8xryQksSg9tcQvvyTVvqNr/s+Vl9uYGBgqihikoKqT8/OK83NS9ZwhNEghAwQwghQWAADROOumXQAAAA==[0mbuild-ovs:

[8mha:AAAAYB+LCAAAAAAAAABb85aBtbiIQT6jNKU4P0+vJLE4u1gvPjGvRM8xryQksSg9tcQvvyTVvqNr/s+Vl9uYGBgqihikoKqT8/OK83NS9ZwhNEghAwQwghQWAADROOumXQAAAA==[0mcompile-elb:
     [echo] build.dir=/var/lib/jenkins/workspace/junit-test/build; top.dir=/var/lib/jenkins/workspace/junit-test; elb.base.dir=/var/lib/jenkins/workspace/junit-test/plugins/network-elements/elastic-loadbalancer
     [echo] Using build parameters from /var/lib/jenkins/workspace/junit-test/build/build-cloud.properties
     [echo] Using company info from /var/lib/jenkins/workspace/junit-test/build/cloud.properties
     [echo] Using override file from /var/lib/jenkins/workspace/junit-test/build/replace.properties
     [echo] target.dir=/var/lib/jenkins/workspace/junit-test/target; top.dir=/var/lib/jenkins/workspace/junit-test
     [echo] target.dir=/var/lib/jenkins/workspace/junit-test/target; top.dir=/var/lib/jenkins/workspace/junit-test

[8mha:AAAAYB+LCAAAAAAAAABb85aBtbiIQT6jNKU4P0+vJLE4u1gvPjGvRM8xryQksSg9tcQvvyTVvqNr/s+Vl9uYGBgqihikoKqT8/OK83NS9ZwhNEghAwQwghQWAADROOumXQAAAA==[0minit:
    [mkdir] Created dir: /var/lib/jenkins/workspace/junit-test/target/classes/cloud-plugin-elb.jar

[8mha:AAAAYB+LCAAAAAAAAABb85aBtbiIQT6jNKU4P0+vJLE4u1gvPjGvRM8xryQksSg9tcQvvyTVvqNr/s+Vl9uYGBgqihikoKqT8/OK83NS9ZwhNEghAwQwghQWAADROOumXQAAAA==[0mcompile-elb:
     [echo] Compiling /var/lib/jenkins/workspace/junit-test/plugins/network-elements/elastic-loadbalancer/src
    [javac] Compiling 6 source files to /var/lib/jenkins/workspace/junit-test/target/classes/cloud-plugin-elb.jar
      [jar] Building jar: /var/lib/jenkins/workspace/junit-test/target/jar/cloud-plugin-elb.jar

[8mha:AAAAYB+LCAAAAAAAAABb85aBtbiIQT6jNKU4P0+vJLE4u1gvPjGvRM8xryQksSg9tcQvvyTVvqNr/s+Vl9uYGBgqihikoKqT8/OK83NS9ZwhNEghAwQwghQWAADROOumXQAAAA==[0mbuild:

[8mha:AAAAYB+LCAAAAAAAAABb85aBtbiIQT6jNKU4P0+vJLE4u1gvPjGvRM8xryQksSg9tcQvvyTVvqNr/s+Vl9uYGBgqihikoKqT8/OK83NS9ZwhNEghAwQwghQWAADROOumXQAAAA==[0mbuild-elb:

[8mha:AAAAYB+LCAAAAAAAAABb85aBtbiIQT6jNKU4P0+vJLE4u1gvPjGvRM8xryQksSg9tcQvvyTVvqNr/s+Vl9uYGBgqihikoKqT8/OK83NS9ZwhNEghAwQwghQWAADROOumXQAAAA==[0mcompile-nicira-nvp:
     [echo] build.dir=/var/lib/jenkins/workspace/junit-test/build; top.dir=/var/lib/jenkins/workspace/junit-test; nicira-nvp.base.dir=/var/lib/jenkins/workspace/junit-test/plugins/network-elements/nicira-nvp
     [echo] Using build parameters from /var/lib/jenkins/workspace/junit-test/build/build-cloud.properties
     [echo] Using company info from /var/lib/jenkins/workspace/junit-test/build/cloud.properties
     [echo] Using override file from /var/lib/jenkins/workspace/junit-test/build/replace.properties
     [echo] target.dir=/var/lib/jenkins/workspace/junit-test/target; top.dir=/var/lib/jenkins/workspace/junit-test
     [echo] target.dir=/var/lib/jenkins/workspace/junit-test/target; top.dir=/var/lib/jenkins/workspace/junit-test

[8mha:AAAAYB+LCAAAAAAAAABb85aBtbiIQT6jNKU4P0+vJLE4u1gvPjGvRM8xryQksSg9tcQvvyTVvqNr/s+Vl9uYGBgqihikoKqT8/OK83NS9ZwhNEghAwQwghQWAADROOumXQAAAA==[0minit:
    [mkdir] Created dir: /var/lib/jenkins/workspace/junit-test/target/classes/cloud-plugin-nicira-nvp.jar

[8mha:AAAAYB+LCAAAAAAAAABb85aBtbiIQT6jNKU4P0+vJLE4u1gvPjGvRM8xryQksSg9tcQvvyTVvqNr/s+Vl9uYGBgqihikoKqT8/OK83NS9ZwhNEghAwQwghQWAADROOumXQAAAA==[0mcompile-nicira-nvp:
     [echo] Compiling /var/lib/jenkins/workspace/junit-test/plugins/network-elements/nicira-nvp/src
    [javac] Compiling 33 source files to /var/lib/jenkins/workspace/junit-test/target/classes/cloud-plugin-nicira-nvp.jar
      [jar] Building jar: /var/lib/jenkins/workspace/junit-test/target/jar/cloud-plugin-nicira-nvp.jar

[8mha:AAAAYB+LCAAAAAAAAABb85aBtbiIQT6jNKU4P0+vJLE4u1gvPjGvRM8xryQksSg9tcQvvyTVvqNr/s+Vl9uYGBgqihikoKqT8/OK83NS9ZwhNEghAwQwghQWAADROOumXQAAAA==[0mbuild:

[8mha:AAAAYB+LCAAAAAAAAABb85aBtbiIQT6jNKU4P0+vJLE4u1gvPjGvRM8xryQksSg9tcQvvyTVvqNr/s+Vl9uYGBgqihikoKqT8/OK83NS9ZwhNEghAwQwghQWAADROOumXQAAAA==[0mbuild-nicira-nvp:

[8mha:AAAAYB+LCAAAAAAAAABb85aBtbiIQT6jNKU4P0+vJLE4u1gvPjGvRM8xryQksSg9tcQvvyTVvqNr/s+Vl9uYGBgqihikoKqT8/OK83NS9ZwhNEghAwQwghQWAADROOumXQAAAA==[0mbuild-network-elements:

[8mha:AAAAYB+LCAAAAAAAAABb85aBtbiIQT6jNKU4P0+vJLE4u1gvPjGvRM8xryQksSg9tcQvvyTVvqNr/s+Vl9uYGBgqihikoKqT8/OK83NS9ZwhNEghAwQwghQWAADROOumXQAAAA==[0mbuild-deployment-planners:

[8mha:AAAAYB+LCAAAAAAAAABb85aBtbiIQT6jNKU4P0+vJLE4u1gvPjGvRM8xryQksSg9tcQvvyTVvqNr/s+Vl9uYGBgqihikoKqT8/OK83NS9ZwhNEghAwQwghQWAADROOumXQAAAA==[0mbuild-host-allocators:

[8mha:AAAAYB+LCAAAAAAAAABb85aBtbiIQT6jNKU4P0+vJLE4u1gvPjGvRM8xryQksSg9tcQvvyTVvqNr/s+Vl9uYGBgqihikoKqT8/OK83NS9ZwhNEghAwQwghQWAADROOumXQAAAA==[0mcompile-storage-allocator-random:
     [echo] build.dir=/var/lib/jenkins/workspace/junit-test/build; top.dir=/var/lib/jenkins/workspace/junit-test; storage-allocator-random.base.dir=/var/lib/jenkins/workspace/junit-test/plugins/storage-allocators/random
     [echo] Using build parameters from /var/lib/jenkins/workspace/junit-test/build/build-cloud.properties
     [echo] Using company info from /var/lib/jenkins/workspace/junit-test/build/cloud.properties
     [echo] Using override file from /var/lib/jenkins/workspace/junit-test/build/replace.properties
     [echo] target.dir=/var/lib/jenkins/workspace/junit-test/target; top.dir=/var/lib/jenkins/workspace/junit-test
     [echo] target.dir=/var/lib/jenkins/workspace/junit-test/target; top.dir=/var/lib/jenkins/workspace/junit-test

[8mha:AAAAYB+LCAAAAAAAAABb85aBtbiIQT6jNKU4P0+vJLE4u1gvPjGvRM8xryQksSg9tcQvvyTVvqNr/s+Vl9uYGBgqihikoKqT8/OK83NS9ZwhNEghAwQwghQWAADROOumXQAAAA==[0minit:
    [mkdir] Created dir: /var/lib/jenkins/workspace/junit-test/target/classes/cloud-storage-allocator-random.jar

[8mha:AAAAYB+LCAAAAAAAAABb85aBtbiIQT6jNKU4P0+vJLE4u1gvPjGvRM8xryQksSg9tcQvvyTVvqNr/s+Vl9uYGBgqihikoKqT8/OK83NS9ZwhNEghAwQwghQWAADROOumXQAAAA==[0mcompile-storage-allocator-random:
     [echo] Compiling /var/lib/jenkins/workspace/junit-test/plugins/storage-allocators/random/src
    [javac] Compiling 1 source file to /var/lib/jenkins/workspace/junit-test/target/classes/cloud-storage-allocator-random.jar
      [jar] Building jar: /var/lib/jenkins/workspace/junit-test/target/jar/cloud-storage-allocator-random.jar

[8mha:AAAAYB+LCAAAAAAAAABb85aBtbiIQT6jNKU4P0+vJLE4u1gvPjGvRM8xryQksSg9tcQvvyTVvqNr/s+Vl9uYGBgqihikoKqT8/OK83NS9ZwhNEghAwQwghQWAADROOumXQAAAA==[0mbuild:

[8mha:AAAAYB+LCAAAAAAAAABb85aBtbiIQT6jNKU4P0+vJLE4u1gvPjGvRM8xryQksSg9tcQvvyTVvqNr/s+Vl9uYGBgqihikoKqT8/OK83NS9ZwhNEghAwQwghQWAADROOumXQAAAA==[0mbuild-storage-allocator-random:

[8mha:AAAAYB+LCAAAAAAAAABb85aBtbiIQT6jNKU4P0+vJLE4u1gvPjGvRM8xryQksSg9tcQvvyTVvqNr/s+Vl9uYGBgqihikoKqT8/OK83NS9ZwhNEghAwQwghQWAADROOumXQAAAA==[0mbuild-storage-allocators:

[8mha:AAAAYB+LCAAAAAAAAABb85aBtbiIQT6jNKU4P0+vJLE4u1gvPjGvRM8xryQksSg9tcQvvyTVvqNr/s+Vl9uYGBgqihikoKqT8/OK83NS9ZwhNEghAwQwghQWAADROOumXQAAAA==[0mcompile-user-authenticator-md5:
     [echo] build.dir=/var/lib/jenkins/workspace/junit-test/build; top.dir=/var/lib/jenkins/workspace/junit-test; user-authenticator-md5.base.dir=/var/lib/jenkins/workspace/junit-test/plugins/user-authenticators/md5
     [echo] Using build parameters from /var/lib/jenkins/workspace/junit-test/build/build-cloud.properties
     [echo] Using company info from /var/lib/jenkins/workspace/junit-test/build/cloud.properties
     [echo] Using override file from /var/lib/jenkins/workspace/junit-test/build/replace.properties
     [echo] target.dir=/var/lib/jenkins/workspace/junit-test/target; top.dir=/var/lib/jenkins/workspace/junit-test
     [echo] target.dir=/var/lib/jenkins/workspace/junit-test/target; top.dir=/var/lib/jenkins/workspace/junit-test

[8mha:AAAAYB+LCAAAAAAAAABb85aBtbiIQT6jNKU4P0+vJLE4u1gvPjGvRM8xryQksSg9tcQvvyTVvqNr/s+Vl9uYGBgqihikoKqT8/OK83NS9ZwhNEghAwQwghQWAADROOumXQAAAA==[0minit:
    [mkdir] Created dir: /var/lib/jenkins/workspace/junit-test/target/classes/cloud-user-authenticator-md5.jar

[8mha:AAAAYB+LCAAAAAAAAABb85aBtbiIQT6jNKU4P0+vJLE4u1gvPjGvRM8xryQksSg9tcQvvyTVvqNr/s+Vl9uYGBgqihikoKqT8/OK83NS9ZwhNEghAwQwghQWAADROOumXQAAAA==[0mcompile-user-authenticator-md5:
     [echo] Compiling /var/lib/jenkins/workspace/junit-test/plugins/user-authenticators/md5/src
    [javac] Compiling 1 source file to /var/lib/jenkins/workspace/junit-test/target/classes/cloud-user-authenticator-md5.jar
      [jar] Building jar: /var/lib/jenkins/workspace/junit-test/target/jar/cloud-user-authenticator-md5.jar

[8mha:AAAAYB+LCAAAAAAAAABb85aBtbiIQT6jNKU4P0+vJLE4u1gvPjGvRM8xryQksSg9tcQvvyTVvqNr/s+Vl9uYGBgqihikoKqT8/OK83NS9ZwhNEghAwQwghQWAADROOumXQAAAA==[0mbuild:

[8mha:AAAAYB+LCAAAAAAAAABb85aBtbiIQT6jNKU4P0+vJLE4u1gvPjGvRM8xryQksSg9tcQvvyTVvqNr/s+Vl9uYGBgqihikoKqT8/OK83NS9ZwhNEghAwQwghQWAADROOumXQAAAA==[0mbuild-user-authenticator-md5:

[8mha:AAAAYB+LCAAAAAAAAABb85aBtbiIQT6jNKU4P0+vJLE4u1gvPjGvRM8xryQksSg9tcQvvyTVvqNr/s+Vl9uYGBgqihikoKqT8/OK83NS9ZwhNEghAwQwghQWAADROOumXQAAAA==[0mcompile-user-authenticator-plaintext:
     [echo] build.dir=/var/lib/jenkins/workspace/junit-test/build; top.dir=/var/lib/jenkins/workspace/junit-test; user-authenticator-plaintext.base.dir=/var/lib/jenkins/workspace/junit-test/plugins/user-authenticators/plain-text
     [echo] Using build parameters from /var/lib/jenkins/workspace/junit-test/build/build-cloud.properties
     [echo] Using company info from /var/lib/jenkins/workspace/junit-test/build/cloud.properties
     [echo] Using override file from /var/lib/jenkins/workspace/junit-test/build/replace.properties
     [echo] target.dir=/var/lib/jenkins/workspace/junit-test/target; top.dir=/var/lib/jenkins/workspace/junit-test
     [echo] target.dir=/var/lib/jenkins/workspace/junit-test/target; top.dir=/var/lib/jenkins/workspace/junit-test

[8mha:AAAAYB+LCAAAAAAAAABb85aBtbiIQT6jNKU4P0+vJLE4u1gvPjGvRM8xryQksSg9tcQvvyTVvqNr/s+Vl9uYGBgqihikoKqT8/OK83NS9ZwhNEghAwQwghQWAADROOumXQAAAA==[0minit:
    [mkdir] Created dir: /var/lib/jenkins/workspace/junit-test/target/classes/cloud-user-authenticator-plaintext.jar

[8mha:AAAAYB+LCAAAAAAAAABb85aBtbiIQT6jNKU4P0+vJLE4u1gvPjGvRM8xryQksSg9tcQvvyTVvqNr/s+Vl9uYGBgqihikoKqT8/OK83NS9ZwhNEghAwQwghQWAADROOumXQAAAA==[0mcompile-user-authenticator-plaintext:
     [echo] Compiling /var/lib/jenkins/workspace/junit-test/plugins/user-authenticators/plain-text/src
    [javac] Compiling 1 source file to /var/lib/jenkins/workspace/junit-test/target/classes/cloud-user-authenticator-plaintext.jar
      [jar] Building jar: /var/lib/jenkins/workspace/junit-test/target/jar/cloud-user-authenticator-plaintext.jar

[8mha:AAAAYB+LCAAAAAAAAABb85aBtbiIQT6jNKU4P0+vJLE4u1gvPjGvRM8xryQksSg9tcQvvyTVvqNr/s+Vl9uYGBgqihikoKqT8/OK83NS9ZwhNEghAwQwghQWAADROOumXQAAAA==[0mbuild:

[8mha:AAAAYB+LCAAAAAAAAABb85aBtbiIQT6jNKU4P0+vJLE4u1gvPjGvRM8xryQksSg9tcQvvyTVvqNr/s+Vl9uYGBgqihikoKqT8/OK83NS9ZwhNEghAwQwghQWAADROOumXQAAAA==[0mbuild-user-authenticator-plaintext:

[8mha:AAAAYB+LCAAAAAAAAABb85aBtbiIQT6jNKU4P0+vJLE4u1gvPjGvRM8xryQksSg9tcQvvyTVvqNr/s+Vl9uYGBgqihikoKqT8/OK83NS9ZwhNEghAwQwghQWAADROOumXQAAAA==[0mbuild-user-authenticators:

[8mha:AAAAYB+LCAAAAAAAAABb85aBtbiIQT6jNKU4P0+vJLE4u1gvPjGvRM8xryQksSg9tcQvvyTVvqNr/s+Vl9uYGBgqihikoKqT8/OK83NS9ZwhNEghAwQwghQWAADROOumXQAAAA==[0mcompile-netapp:
     [echo] build.dir=/var/lib/jenkins/workspace/junit-test/build; top.dir=/var/lib/jenkins/workspace/junit-test; netapp.base.dir=/var/lib/jenkins/workspace/junit-test/plugins/file-systems/netapp
     [echo] Using build parameters from /var/lib/jenkins/workspace/junit-test/build/build-cloud.properties
     [echo] Using company info from /var/lib/jenkins/workspace/junit-test/build/cloud.properties
     [echo] Using override file from /var/lib/jenkins/workspace/junit-test/build/replace.properties
     [echo] target.dir=/var/lib/jenkins/workspace/junit-test/target; top.dir=/var/lib/jenkins/workspace/junit-test
     [echo] target.dir=/var/lib/jenkins/workspace/junit-test/target; top.dir=/var/lib/jenkins/workspace/junit-test

[8mha:AAAAYB+LCAAAAAAAAABb85aBtbiIQT6jNKU4P0+vJLE4u1gvPjGvRM8xryQksSg9tcQvvyTVvqNr/s+Vl9uYGBgqihikoKqT8/OK83NS9ZwhNEghAwQwghQWAADROOumXQAAAA==[0minit:
    [mkdir] Created dir: /var/lib/jenkins/workspace/junit-test/target/classes/cloud-plugin-netapp.jar

[8mha:AAAAYB+LCAAAAAAAAABb85aBtbiIQT6jNKU4P0+vJLE4u1gvPjGvRM8xryQksSg9tcQvvyTVvqNr/s+Vl9uYGBgqihikoKqT8/OK83NS9ZwhNEghAwQwghQWAADROOumXQAAAA==[0mcompile-netapp:
     [echo] Compiling /var/lib/jenkins/workspace/junit-test/plugins/file-systems/netapp/src
    [javac] Compiling 25 source files to /var/lib/jenkins/workspace/junit-test/target/classes/cloud-plugin-netapp.jar
    [javac] Note: Some input files use unchecked or unsafe operations.
    [javac] Note: Recompile with -Xlint:unchecked for details.
      [jar] Building jar: /var/lib/jenkins/workspace/junit-test/target/jar/cloud-plugin-netapp.jar

[8mha:AAAAYB+LCAAAAAAAAABb85aBtbiIQT6jNKU4P0+vJLE4u1gvPjGvRM8xryQksSg9tcQvvyTVvqNr/s+Vl9uYGBgqihikoKqT8/OK83NS9ZwhNEghAwQwghQWAADROOumXQAAAA==[0mbuild:

[8mha:AAAAYB+LCAAAAAAAAABb85aBtbiIQT6jNKU4P0+vJLE4u1gvPjGvRM8xryQksSg9tcQvvyTVvqNr/s+Vl9uYGBgqihikoKqT8/OK83NS9ZwhNEghAwQwghQWAADROOumXQAAAA==[0mbuild-netapp:

[8mha:AAAAYB+LCAAAAAAAAABb85aBtbiIQT6jNKU4P0+vJLE4u1gvPjGvRM8xryQksSg9tcQvvyTVvqNr/s+Vl9uYGBgqihikoKqT8/OK83NS9ZwhNEghAwQwghQWAADROOumXQAAAA==[0mbuild-file-systems:

[8mha:AAAAYB+LCAAAAAAAAABb85aBtbiIQT6jNKU4P0+vJLE4u1gvPjGvRM8xryQksSg9tcQvvyTVvqNr/s+Vl9uYGBgqihikoKqT8/OK83NS9ZwhNEghAwQwghQWAADROOumXQAAAA==[0mbuild-plugins:

[8mha:AAAAYB+LCAAAAAAAAABb85aBtbiIQT6jNKU4P0+vJLE4u1gvPjGvRM8xryQksSg9tcQvvyTVvqNr/s+Vl9uYGBgqihikoKqT8/OK83NS9ZwhNEghAwQwghQWAADROOumXQAAAA==[0mbuild-war-oss:
      [war] Building war: /var/lib/jenkins/workspace/junit-test/dist/client/client.war

[8mha:AAAAYB+LCAAAAAAAAABb85aBtbiIQT6jNKU4P0+vJLE4u1gvPjGvRM8xryQksSg9tcQvvyTVvqNr/s+Vl9uYGBgqihikoKqT8/OK83NS9ZwhNEghAwQwghQWAADROOumXQAAAA==[0m-init-test:
    [mkdir] Created dir: /var/lib/jenkins/workspace/junit-test/target/test
    [mkdir] Created dir: /var/lib/jenkins/workspace/junit-test/target/test/classes

[8mha:AAAAYB+LCAAAAAAAAABb85aBtbiIQT6jNKU4P0+vJLE4u1gvPjGvRM8xryQksSg9tcQvvyTVvqNr/s+Vl9uYGBgqihikoKqT8/OK83NS9ZwhNEghAwQwghQWAADROOumXQAAAA==[0mcompile-testclient:
     [echo] src is /var/lib/jenkins/workspace/junit-test/test
    [mkdir] Created dir: /var/lib/jenkins/workspace/junit-test/target/classes/cloud-test.jar
     [echo] Compiling /var/lib/jenkins/workspace/junit-test/test/src
    [javac] Compiling 37 source files to /var/lib/jenkins/workspace/junit-test/target/classes/cloud-test.jar
      [jar] Building jar: /var/lib/jenkins/workspace/junit-test/target/jar/cloud-test.jar

[8mha:AAAAYB+LCAAAAAAAAABb85aBtbiIQT6jNKU4P0+vJLE4u1gvPjGvRM8xryQksSg9tcQvvyTVvqNr/s+Vl9uYGBgqihikoKqT8/OK83NS9ZwhNEghAwQwghQWAADROOumXQAAAA==[0mcompile-usage:
    [mkdir] Created dir: /var/lib/jenkins/workspace/junit-test/target/classes/cloud-usage.jar
     [echo] Compiling /var/lib/jenkins/workspace/junit-test/usage/src
    [javac] Compiling 16 source files to /var/lib/jenkins/workspace/junit-test/target/classes/cloud-usage.jar
      [jar] Building jar: /var/lib/jenkins/workspace/junit-test/target/jar/cloud-usage.jar

[8mha:AAAAYB+LCAAAAAAAAABb85aBtbiIQT6jNKU4P0+vJLE4u1gvPjGvRM8xryQksSg9tcQvvyTVvqNr/s+Vl9uYGBgqihikoKqT8/OK83NS9ZwhNEghAwQwghQWAADROOumXQAAAA==[0m-init-awsapi:
    [mkdir] Created dir: /var/lib/jenkins/workspace/junit-test/target/dist-files
     [echo] builder: jenkins at domU-12-31-39-15-22-2D, on 2012-07-29T22:15:12Z
     [echo] Build number is 3.0.3.2012-07-29T22:15:12Z

[8mha:AAAAYB+LCAAAAAAAAABb85aBtbiIQT6jNKU4P0+vJLE4u1gvPjGvRM8xryQksSg9tcQvvyTVvqNr/s+Vl9uYGBgqihikoKqT8/OK83NS9ZwhNEghAwQwghQWAADROOumXQAAAA==[0mcompile-awsapi:
    [mkdir] Created dir: /var/lib/jenkins/workspace/junit-test/target/classes/cloud-awsapi.jar
     [echo] Compiling /var/lib/jenkins/workspace/junit-test/awsapi/src
    [javac] Compiling 947 source files to /var/lib/jenkins/workspace/junit-test/target/classes/cloud-awsapi.jar
    [javac] Note: Some input files use or override a deprecated API.
    [javac] Note: Recompile with -Xlint:deprecation for details.
    [javac] Note: Some input files use unchecked or unsafe operations.
    [javac] Note: Recompile with -Xlint:unchecked for details.
      [jar] Building jar: /var/lib/jenkins/workspace/junit-test/target/jar/cloud-awsapi.jar

[8mha:AAAAYB+LCAAAAAAAAABb85aBtbiIQT6jNKU4P0+vJLE4u1gvPjGvRM8xryQksSg9tcQvvyTVvqNr/s+Vl9uYGBgqihikoKqT8/OK83NS9ZwhNEghAwQwghQWAADROOumXQAAAA==[0mbuild-awsapi-jar:
      [jar] Building jar: /var/lib/jenkins/workspace/junit-test/target/dist-files/cloud-awsapi.jar

[8mha:AAAAYB+LCAAAAAAAAABb85aBtbiIQT6jNKU4P0+vJLE4u1gvPjGvRM8xryQksSg9tcQvvyTVvqNr/s+Vl9uYGBgqihikoKqT8/OK83NS9ZwhNEghAwQwghQWAADROOumXQAAAA==[0mbuild-awsapi-s3:
      [jar] Building MANIFEST-only jar: /var/lib/jenkins/workspace/junit-test/target/dist-files/cloud-s3.aar

[8mha:AAAAYB+LCAAAAAAAAABb85aBtbiIQT6jNKU4P0+vJLE4u1gvPjGvRM8xryQksSg9tcQvvyTVvqNr/s+Vl9uYGBgqihikoKqT8/OK83NS9ZwhNEghAwQwghQWAADROOumXQAAAA==[0mbuild-awsapi-ec2:
      [jar] Building jar: /var/lib/jenkins/workspace/junit-test/target/dist-files/cloud-ec2.aar

[8mha:AAAAYB+LCAAAAAAAAABb85aBtbiIQT6jNKU4P0+vJLE4u1gvPjGvRM8xryQksSg9tcQvvyTVvqNr/s+Vl9uYGBgqihikoKqT8/OK83NS9ZwhNEghAwQwghQWAADROOumXQAAAA==[0mbuild-cloud-auth-s3:
      [jar] Building jar: /var/lib/jenkins/workspace/junit-test/target/dist-files/cloud-auth-s3.mar

[8mha:AAAAYB+LCAAAAAAAAABb85aBtbiIQT6jNKU4P0+vJLE4u1gvPjGvRM8xryQksSg9tcQvvyTVvqNr/s+Vl9uYGBgqihikoKqT8/OK83NS9ZwhNEghAwQwghQWAADROOumXQAAAA==[0mbuild-cloud-auth-ec2:
      [jar] Building jar: /var/lib/jenkins/workspace/junit-test/target/dist-files/cloud-auth-ec2.mar

[8mha:AAAAYB+LCAAAAAAAAABb85aBtbiIQT6jNKU4P0+vJLE4u1gvPjGvRM8xryQksSg9tcQvvyTVvqNr/s+Vl9uYGBgqihikoKqT8/OK83NS9ZwhNEghAwQwghQWAADROOumXQAAAA==[0mbuild-awsapi:

[8mha:AAAAYB+LCAAAAAAAAABb85aBtbiIQT6jNKU4P0+vJLE4u1gvPjGvRM8xryQksSg9tcQvvyTVvqNr/s+Vl9uYGBgqihikoKqT8/OK83NS9ZwhNEghAwQwghQWAADROOumXQAAAA==[0mbuild-all:

[8mha:AAAAYB+LCAAAAAAAAABb85aBtbiIQT6jNKU4P0+vJLE4u1gvPjGvRM8xryQksSg9tcQvvyTVvqNr/s+Vl9uYGBgqihikoKqT8/OK83NS9ZwhNEghAwQwghQWAADROOumXQAAAA==[0mdeploy-common:
     [echo] Using build parameters from /var/lib/jenkins/workspace/junit-test/build/build-cloud.properties
     [echo] Using company info from /var/lib/jenkins/workspace/junit-test/build/cloud.properties
     [echo] Using override file from /var/lib/jenkins/workspace/junit-test/build/replace.properties
     [echo] Using build parameters from /var/lib/jenkins/workspace/junit-test/build/build-cloud.properties
     [echo] Using company info from /var/lib/jenkins/workspace/junit-test/build/cloud.properties
     [echo] Using override file from /var/lib/jenkins/workspace/junit-test/build/replace.properties
     [echo] deploy home: /var/lib/jenkins/workspace/junit-test/build/deploy

[8mha:AAAAYB+LCAAAAAAAAABb85aBtbiIQT6jNKU4P0+vJLE4u1gvPjGvRM8xryQksSg9tcQvvyTVvqNr/s+Vl9uYGBgqihikoKqT8/OK83NS9ZwhNEghAwQwghQWAADROOumXQAAAA==[0munzip:
    [unwar] Expanding: /var/lib/jenkins/workspace/junit-test/dist/client/client.war into /var/lib/jenkins/workspace/junit-test/tomcat6/webapps/client
    [unwar] Unable to expand to file /var/lib/jenkins/workspace/junit-test/tomcat6/webapps/client/WEB-INF/lib/db/index-20to21.sql
    [unwar] Failed to change file modification time
    [unwar] Unable to expand to file /var/lib/jenkins/workspace/junit-test/tomcat6/webapps/client/WEB-INF/lib/cloud-plugin-elb.jar
    [unwar] Unable to expand to file /var/lib/jenkins/workspace/junit-test/tomcat6/webapps/client/WEB-INF/lib/scripts/vm/hypervisor/xenserver/xcposs/vmopspremium
    [unwar] Failed to change file modification time
    [unwar] Unable to expand to file /var/lib/jenkins/workspace/junit-test/tomcat6/webapps/client/WEB-INF/lib/db/db/schema-222to224-premium.sql
    [unwar] Failed to change file modification time
    [unwar] Failed to change file modification time
    [unwar] Unable to expand to file /var/lib/jenkins/workspace/junit-test/tomcat6/webapps/client/WEB-INF/lib/db/templates.vmware.sql
    [unwar] Unable to expand to file /var/lib/jenkins/workspace/junit-test/tomcat6/webapps/client/WEB-INF/lib/db/db/schema-221to222-premium.sql
    [unwar] Unable to expand to file /var/lib/jenkins/workspace/junit-test/tomcat6/webapps/client/WEB-INF/lib/scripts/vm/hypervisor/xenserver/setup_heartbeat_sr.sh
    [unwar] Unable to expand to file /var/lib/jenkins/workspace/junit-test/tomcat6/webapps/client/tests/index.html
    [unwar] Unable to expand to file /var/lib/jenkins/workspace/junit-test/tomcat6/webapps/client/WEB-INF/lib/scripts/network/juniper/src-nat-pool-getone.xml
    [unwar] Unable to expand to file /var/lib/jenkins/workspace/junit-test/tomcat6/webapps/client/WEB-INF/lib/scripts/vm/hypervisor/xenserver/vmops
    [unwar] Unable to expand to file /var/lib/jenkins/workspace/junit-test/tomcat6/webapps/client/WEB-INF/lib/db/db/schema-224to225.sql
    [unwar] Unable to expand to file /var/lib/jenkins/workspace/junit-test/tomcat6/webapps/client/images/install-wizard-parts.png
    [unwar] Unable to expand to file /var/lib/jenkins/workspace/junit-test/tomcat6/webapps/client/WEB-INF/lib/db/db/schema-2212to2213.sql
    [unwar] Unable to expand to file /var/lib/jenkins/workspace/junit-test/tomcat6/webapps/client/WEB-INF/lib/scripts/network/juniper/src-nat-pool-add.xml
    [unwar] Unable to expand to file /var/lib/jenkins/workspace/junit-test/tomcat6/webapps/client/WEB-INF/lib/db/db/schema-221to222.sql
    [unwar] Unable to expand to file /var/lib/jenkins/workspace/junit-test/tomcat6/webapps/client/css/cloudstack3.ja.css
    [unwar] Unable to expand to file /var/lib/jenkins/workspace/junit-test/tomcat6/webapps/client/WEB-INF/lib/db/db/schema-snapshot-217to224.sql
    [unwar] Unable to expand to file /var/lib/jenkins/workspace/junit-test/tomcat6/webapps/client/WEB-INF/lib/scripts/storage/qcow2/listvmtmplt.sh
    [unwar] Unable to expand to file /var/lib/jenkins/workspace/junit-test/tomcat6/webapps/client/scripts/instanceWizard.js
    [unwar] Unable to expand to file /var/lib/jenkins/workspace/junit-test/tomcat6/webapps/client/WEB-INF/lib/scripts/storage/secondary/createvolume.sh
    [unwar] Unable to expand to file /var/lib/jenkins/workspace/junit-test/tomcat6/webapps/client/scripts/ui-custom/enableStaticNAT.js
    [unwar] Unable to expand to file /var/lib/jenkins/workspace/junit-test/tomcat6/webapps/client/images/bg-status_box.png
    [unwar] Unable to expand to file /var/lib/jenkins/workspace/junit-test/tomcat6/webapps/client/scripts/vpc.js
    [unwar] Unable to expand to file /var/lib/jenkins/workspace/junit-test/tomcat6/webapps/client/WEB-INF/lib/scripts/network/juniper/access-profile-getone.xml
    [unwar] Unable to expand to file /var/lib/jenkins/workspace/junit-test/tomcat6/webapps/client/WEB-INF/lib/scripts/vm/hypervisor/xenserver/copy_vhd_to_secondarystorage.sh
    [unwar] Unable to expand to file /var/lib/jenkins/workspace/junit-test/tomcat6/webapps/client/images/bg-nav-item-active-project-view.png
    [unwar] Unable to expand to file /var/lib/jenkins/workspace/junit-test/tomcat6/webapps/client/WEB-INF/lib/scripts/network/juniper/dynamic-vpn-client-getone.xml
    [unwar] Unable to expand to file /var/lib/jenkins/workspace/junit-test/tomcat6/webapps/client/WEB-INF/lib/cloud-commons-configuration-1.8.jar
    [unwar] Unable to expand to file /var/lib/jenkins/workspace/junit-test/tomcat6/webapps/client/WEB-INF/lib/scripts/network/domr/bumpUpPriority.sh
    [unwar] Unable to expand to file /var/lib/jenkins/workspace/junit-test/tomcat6/webapps/client/lib/jquery-ui/css/images/ui-icons_888888_256x240.png
    [unwar] Failed to change file modification time
    [unwar] Unable to expand to file /var/lib/jenkins/workspace/junit-test/tomcat6/webapps/client/WEB-INF/lib/scripts/storage/qcow2/create_private_template.sh
    [unwar] Unable to expand to file /var/lib/jenkins/workspace/junit-test/tomcat6/webapps/client/WEB-INF/lib/scripts/vm/hypervisor/xenserver/xenserver56fp1/patch
    [unwar] Unable to expand to file /var/lib/jenkins/workspace/junit-test/tomcat6/webapps/client/scripts/ui-custom/projects.js
    [unwar] Unable to expand to file /var/lib/jenkins/workspace/junit-test/tomcat6/webapps/client/scripts/ui/widgets/tagger.js
    [unwar] Unable to expand to file /var/lib/jenkins/workspace/junit-test/tomcat6/webapps/client/images/logo.png
    [unwar] Unable to expand to file /var/lib/jenkins/workspace/junit-test/tomcat6/webapps/client/WEB-INF/lib/cloud-jstl-1.2.jar
    [unwar] Unable to expand to file /var/lib/jenkins/workspace/junit-test/tomcat6/webapps/client/WEB-INF/lib/cloud-log4j.jar
    [unwar] Unable to expand to file /var/lib/jenkins/workspace/junit-test/tomcat6/webapps/client/WEB-INF/lib/db/data-22beta1to22beta2.sql
    [unwar] Failed to change file modification time
    [unwar] Unable to expand to file /var/lib/jenkins/workspace/junit-test/tomcat6/webapps/client/lib/flot/jquery.flot.js
    [unwar] Unable to expand to file /var/lib/jenkins/workspace/junit-test/tomcat6/webapps/client/scripts/ui/widgets/overlay.js
    [unwar] Unable to expand to file /var/lib/jenkins/workspace/junit-test/tomcat6/webapps/client/WEB-INF/lib/db/db/schema-2210to2211.sql
    [unwar] Unable to expand to file /var/lib/jenkins/workspace/junit-test/tomcat6/webapps/client/WEB-INF/lib/cloud-google-gson-1.7.1.jar
    [unwar] Unable to expand to file /var/lib/jenkins/workspace/junit-test/tomcat6/webapps/client/lib/jquery.js
    [unwar] Unable to expand to file /var/lib/jenkins/workspace/junit-test/tomcat6/webapps/client/WEB-INF/lib/db/db/schema-level.sql
    [unwar] Unable to expand to file /var/lib/jenkins/workspace/junit-test/tomcat6/webapps/client/WEB-INF/lib/cloud-commons-pool-1.5.6.jar
    [unwar] Unable to expand to file /var/lib/jenkins/workspace/junit-test/tomcat6/webapps/client/WEB-INF/lib/db/db/schema-217to218.sql
    [unwar] Failed to change file modification time
    [unwar] Unable to expand to file /var/lib/jenkins/workspace/junit-test/tomcat6/webapps/client/WEB-INF/lib/scripts/network/juniper/access-profile-add.xml
    [unwar] Failed to change file modification time
    [unwar] Unable to expand to file /var/lib/jenkins/workspace/junit-test/tomcat6/webapps/client/WEB-INF/lib/scripts/vm/hypervisor/xenserver/xen-ovs-vif-flows.rules
    [unwar] Unable to expand to file /var/lib/jenkins/workspace/junit-test/tomcat6/webapps/client/scripts/globalSettings.js
    [unwar] Unable to expand to file /var/lib/jenkins/workspace/junit-test/tomcat6/webapps/client/WEB-INF/lib/cloud-junit.jar
    [unwar] Unable to expand to file /var/lib/jenkins/workspace/junit-test/tomcat6/webapps/client/scripts/cloud.core.callbacks.js
    [unwar] Unable to expand to file /var/lib/jenkins/workspace/junit-test/tomcat6/webapps/client/lib/jquery-ui/css/images/ui-bg_flat_0_aaaaaa_40x100.png
    [unwar] Unable to expand to file /var/lib/jenkins/workspace/junit-test/tomcat6/webapps/client/WEB-INF/lib/scripts/network/juniper/security-policy-group.xml
    [unwar] Failed to change file modification time
    [unwar] Unable to expand to file /var/lib/jenkins/workspace/junit-test/tomcat6/webapps/client/WEB-INF/lib/scripts/network/juniper/ipsec-vpn-getall.xml
    [unwar] Unable to expand to file /var/lib/jenkins/workspace/junit-test/tomcat6/webapps/client/lib/qunit/qunit.css
    [unwar] Unable to expand to file /var/lib/jenkins/workspace/junit-test/tomcat6/webapps/client/WEB-INF/lib/cloud-email.jar
    [unwar] Unable to expand to file /var/lib/jenkins/workspace/junit-test/tomcat6/webapps/client/WEB-INF/lib/cloud-commons-logging-1.1.1.jar
    [unwar] Unable to expand to file /var/lib/jenkins/workspace/junit-test/tomcat6/webapps/client/images/bg-gradients.png
    [unwar] Unable to expand to file /var/lib/jenkins/workspace/junit-test/tomcat6/webapps/client/WEB-INF/lib/scripts/network/juniper/test.xml
    [unwar] Unable to expand to file /var/lib/jenkins/workspace/junit-test/tomcat6/webapps/client/WEB-INF/lib/scripts/vm/hypervisor/xenserver/upgrade_snapshot.sh
    [unwar] Unable to expand to file /var/lib/jenkins/workspace/junit-test/tomcat6/webapps/client/scripts/ui-custom/securityRules.js
    [unwar] Failed to change file modification time
    [unwar] Unable to expand to file /var/lib/jenkins/workspace/junit-test/tomcat6/webapps/client/WEB-INF/lib/scripts/network/juniper/zone-interface-add.xml
    [unwar] Unable to expand to file /var/lib/jenkins/workspace/junit-test/tomcat6/webapps/client/WEB-INF/lib/db/db/schema-222to224-cleanup.sql
    [unwar] Unable to expand to file /var/lib/jenkins/workspace/junit-test/tomcat6/webapps/client/WEB-INF/lib/scripts/vm/hypervisor/xenserver/vmopsSnapshot
    [unwar] Unable to expand to file /var/lib/jenkins/workspace/junit-test/tomcat6/webapps/client/WEB-INF/lib/scripts/storage/secondary/cloud-install-sys-tmplt
    [unwar] Unable to expand to file /var/lib/jenkins/workspace/junit-test/tomcat6/webapps/client/scripts/events.js
    [unwar] Failed to change file modification time
    [unwar] Unable to expand to file /var/lib/jenkins/workspace/junit-test/tomcat6/webapps/client/WEB-INF/lib/scripts/vm/hypervisor/xenserver/setup_heartbeat_file.sh
    [unwar] Unable to expand to file /var/lib/jenkins/workspace/junit-test/tomcat6/webapps/client/WEB-INF/lib/db/db/schema-224to225-cleanup.sql
    [unwar] Unable to expand to file /var/lib/jenkins/workspace/junit-test/tomcat6/webapps/client/lib/flot/jquery.flot.navigate.js
    [unwar] Unable to expand to file /var/lib/jenkins/workspace/junit-test/tomcat6/webapps/client/WEB-INF/lib/scripts/vm/hypervisor/xenserver/ovs-vif-flows.py
    [unwar] Failed to change file modification time
    [unwar] Unable to expand to file /var/lib/jenkins/workspace/junit-test/tomcat6/webapps/client/lib/flot/jquery.flot.threshold.js
    [unwar] Unable to expand to file /var/lib/jenkins/workspace/junit-test/tomcat6/webapps/client/images/screens/Storage-Details.jpg
    [unwar] Unable to expand to file /var/lib/jenkins/workspace/junit-test/tomcat6/webapps/client/WEB-INF/lib/db/db/schema-30to301.sql
    [unwar] Unable to expand to file /var/lib/jenkins/workspace/junit-test/tomcat6/webapps/client/WEB-INF/lib/scripts/network/exdhcp/prepare_dhcpd.sh
    [unwar] Failed to change file modification time
    [unwar] Unable to expand to file /var/lib/jenkins/workspace/junit-test/tomcat6/webapps/client/lib/jquery.md5.js
    [unwar] Unable to expand to file /var/lib/jenkins/workspace/junit-test/tomcat6/webapps/client/WEB-INF/lib/cloud-core.jar
    [unwar] Unable to expand to file /var/lib/jenkins/workspace/junit-test/tomcat6/webapps/client/WEB-INF/lib/cloud-xen.jar
    [unwar] Unable to expand to file /var/lib/jenkins/workspace/junit-test/tomcat6/webapps/client/WEB-INF/lib/scripts/vm/hypervisor/xenserver/xenserver60/NFSSR.py
    [unwar] Unable to expand to file /var/lib/jenkins/workspace/junit-test/tomcat6/webapps/client/WEB-INF/lib/scripts/util/prepare_linmin.sh
    [unwar] Unable to expand to file /var/lib/jenkins/workspace/junit-test/tomcat6/webapps/client/scripts/ui/widgets/multiEdit.js
    [unwar] Unable to expand to file /var/lib/jenkins/workspace/junit-test/tomcat6/webapps/client/lib/flot/jquery.flot.crosshair.js
    [unwar] Unable to expand to file /var/lib/jenkins/workspace/junit-test/tomcat6/webapps/client/WEB-INF/lib/scripts/network/juniper/dest-nat-rule-add.xml
    [unwar] Unable to expand to file /var/lib/jenkins/workspace/junit-test/tomcat6/webapps/client/WEB-INF/lib/scripts/storage/secondary/listvolume.sh
    [unwar] Unable to expand to file /var/lib/jenkins/workspace/junit-test/tomcat6/webapps/client/WEB-INF/lib/cloud-plugin-f5.jar
    [unwar] Unable to expand to file /var/lib/jenkins/workspace/junit-test/tomcat6/webapps/client/WEB-INF/lib/scripts/network/juniper/private-interface-getall.xml
    [unwar] Unable to expand to file /var/lib/jenkins/workspace/junit-test/tomcat6/webapps/client/images/ajax-loader-small.gif
    [unwar] Unable to expand to file /var/lib/jenkins/workspace/junit-test/tomcat6/webapps/client/WEB-INF/lib/scripts/storage/qcow2/importmpl.sh
    [unwar] Unable to expand to file /var/lib/jenkins/workspace/junit-test/tomcat6/webapps/client/WEB-INF/lib/scripts/network/juniper/open-configuration.xml
    [unwar] Unable to expand to file /var/lib/jenkins/workspace/junit-test/tomcat6/webapps/client/WEB-INF/lib/scripts/vm/hypervisor/xenserver/xcposs/copy_vhd_to_secondarystorage.sh
    [unwar] Unable to expand to file /var/lib/jenkins/workspace/junit-test/tomcat6/webapps/client/lib/flot/jquery.flot.resize.js
    [unwar] Failed to change file modification time
    [unwar] Unable to expand to file /var/lib/jenkins/workspace/junit-test/tomcat6/webapps/client/WEB-INF/lib/scripts/vm/hypervisor/xenserver/cloud-propagate-vlan.sh
    [unwar] Unable to expand to file /var/lib/jenkins/workspace/junit-test/tomcat6/webapps/client/lib/excanvas.js
    [unwar] Unable to expand to file /var/lib/jenkins/workspace/junit-test/tomcat6/webapps/client/scripts/ui/widgets/cloudBrowser.js
    [unwar] Unable to expand to file /var/lib/jenkins/workspace/junit-test/tomcat6/webapps/client/WEB-INF/lib/db/db/schema-21to22.sql
    [unwar] Unable to expand to file /var/lib/jenkins/workspace/junit-test/tomcat6/webapps/client/images/bg-what-is-cloudstack.png
    [unwar] Unable to expand to file /var/lib/jenkins/workspace/junit-test/tomcat6/webapps/client/WEB-INF/lib/scripts/storage/qcow2/delvm.sh
    [unwar] Unable to expand to file /var/lib/jenkins/workspace/junit-test/tomcat6/webapps/client/WEB-INF/lib/scripts/storage/secondary/installIso.sh
    [unwar] Unable to expand to file /var/lib/jenkins/workspace/junit-test/tomcat6/webapps/client/images/screens/Templates-Details.jpg
    [unwar] Unable to expand to file /var/lib/jenkins/workspace/junit-test/tomcat6/webapps/client/WEB-INF/lib/scripts/network/domr/call_firewall.sh
    [unwar] Unable to expand to file /var/lib/jenkins/workspace/junit-test/tomcat6/webapps/client/WEB-INF/lib/db/db/data-217to218.sql
    [unwar] Unable to expand to file /var/lib/jenkins/workspace/junit-test/tomcat6/webapps/client/WEB-INF/lib/scripts/vm/hypervisor/kvm/rundomrpre.sh
    [unwar] Unable to expand to file /var/lib/jenkins/workspace/junit-test/tomcat6/webapps/client/WEB-INF/lib/db/db/schema-222to224.sql
    [unwar] Unable to expand to file /var/lib/jenkins/workspace/junit-test/tomcat6/webapps/client/scripts/ui/widgets/dataTable.js
    [unwar] Unable to expand to file /var/lib/jenkins/workspace/junit-test/tomcat6/webapps/client/WEB-INF/lib/scripts/network/juniper/address-book-entry-getone.xml
    [unwar] Unable to expand to file /var/lib/jenkins/workspace/junit-test/tomcat6/webapps/client/WEB-INF/lib/scripts/vm/hypervisor/xenserver/hostvmstats.py
    [unwar] Unable to expand to file /var/lib/jenkins/workspace/junit-test/tomcat6/webapps/client/WEB-INF/lib/scripts/network/juniper/dest-nat-pool-getone.xml
    [unwar] Unable to expand to file /var/lib/jenkins/workspace/junit-test/tomcat6/webapps/client/css/cloudstack3.css
    [unwar] Unable to expand to file /var/lib/jenkins/workspace/junit-test/tomcat6/webapps/client/WEB-INF/lib/scripts/vm/hypervisor/xenserver/ovstunnel
    [unwar] Unable to expand to file /var/lib/jenkins/workspace/junit-test/tomcat6/webapps/client/WEB-INF/lib/cloud-commons-httpclient-3.1.jar
    [unwar] Unable to expand to file /var/lib/jenkins/workspace/junit-test/tomcat6/webapps/client/WEB-INF/lib/scripts/vm/network/security_group.py
    [unwar] Unable to expand to file /var/lib/jenkins/workspace/junit-test/tomcat6/webapps/client/WEB-INF/lib/scripts/vm/hypervisor/xenserver/create_privatetemplate_from_snapshot.sh
    [unwar] Unable to expand to file /var/lib/jenkins/workspace/junit-test/tomcat6/webapps/client/images/screens/ZoneWizard-AddHost.jpg
    [unwar] Unable to expand to file /var/lib/jenkins/workspace/junit-test/tomcat6/webapps/client/WEB-INF/lib/cloud-plugin-netscaler.jar
    [unwar] Unable to expand to file /var/lib/jenkins/workspace/junit-test/tomcat6/webapps/client/images/bg-what-is-cloudplatform.png
    [unwar] Unable to expand to file /var/lib/jenkins/workspace/junit-test/tomcat6/webapps/client/scripts/ui-custom/installWizard.js
    [unwar] Unable to expand to file /var/lib/jenkins/workspace/junit-test/tomcat6/webapps/client/WEB-INF/classes/resources/messages.properties
    [unwar] Unable to expand to file /var/lib/jenkins/workspace/junit-test/tomcat6/webapps/client/images/bg-breadcrumb.png
    [unwar] Unable to expand to file /var/lib/jenkins/workspace/junit-test/tomcat6/webapps/client/WEB-INF/lib/db/db/schema-2211to2212.sql
    [unwar] Failed to change file modification time
    [unwar] Unable to expand to file /var/lib/jenkins/workspace/junit-test/tomcat6/webapps/client/WEB-INF/lib/scripts/network/domr/call_loadbalancer.sh
    [unwar] Unable to expand to file /var/lib/jenkins/workspace/junit-test/tomcat6/webapps/client/WEB-INF/lib/scripts/vm/hypervisor/versions.sh
    [unwar] Unable to expand to file /var/lib/jenkins/workspace/junit-test/tomcat6/webapps/client/tests/test.multiEdit.js
    [unwar] Unable to expand to file /var/lib/jenkins/workspace/junit-test/tomcat6/webapps/client/scripts/sharedFunctions.js
    [unwar] Unable to expand to file /var/lib/jenkins/workspace/junit-test/tomcat6/webapps/client/images/citrix-logo-darkbg.png
    [unwar] Failed to change file modification time
    [unwar] Unable to expand to file /var/lib/jenkins/workspace/junit-test/tomcat6/webapps/client/WEB-INF/lib/db/deploy-db-dev.sh
    [unwar] Unable to expand to file /var/lib/jenkins/workspace/junit-test/tomcat6/webapps/client/WEB-INF/lib/cloud-manageontap.jar
    [unwar] Unable to expand to file /var/lib/jenkins/workspace/junit-test/tomcat6/webapps/client/WEB-INF/lib/scripts/storage/qcow2/managesnapshot.sh
    [unwar] Unable to expand to file /var/lib/jenkins/workspace/junit-test/tomcat6/webapps/client/tests/test.listView.js
    [unwar] Unable to expand to file /var/lib/jenkins/workspace/junit-test/tomcat6/webapps/client/WEB-INF/lib/vmware-apputils.jar
    [unwar] Unable to expand to file /var/lib/jenkins/workspace/junit-test/tomcat6/webapps/client/lib/flot/jquery.flot.image.js
    [unwar] Unable to expand to file /var/lib/jenkins/workspace/junit-test/tomcat6/webapps/client/WEB-INF/lib/scripts/storage/qcow2/listvmdisk.sh
    [unwar] Unable to expand to file /var/lib/jenkins/workspace/junit-test/tomcat6/webapps/client/images/bg-gradient-white-transparent.png
    [unwar] Unable to expand to file /var/lib/jenkins/workspace/junit-test/tomcat6/webapps/client/WEB-INF/lib/db/db/schema-229to2210.sql
    [unwar] Unable to expand to file /var/lib/jenkins/workspace/junit-test/tomcat6/webapps/client/WEB-INF/lib/scripts/network/juniper/application-add.xml
    [unwar] Unable to expand to file /var/lib/jenkins/workspace/junit-test/tomcat6/webapps/client/images/bg-naas.png
    [unwar] Unable to expand to file /var/lib/jenkins/workspace/junit-test/tomcat6/webapps/client/WEB-INF/lib/scripts/storage/qcow2/cleanupmyvms.sh
    [unwar] Unable to expand to file /var/lib/jenkins/workspace/junit-test/tomcat6/webapps/client/WEB-INF/lib/scripts/vm/hypervisor/xenserver/make_migratable.sh
    [unwar] Unable to expand to file /var/lib/jenkins/workspace/junit-test/tomcat6/webapps/client/index.jsp
    [unwar] Unable to expand to file /var/lib/jenkins/workspace/junit-test/tomcat6/webapps/client/tests/test.cloudBrowser.js
    [unwar] Unable to expand to file /var/lib/jenkins/workspace/junit-test/tomcat6/webapps/client/WEB-INF/lib/db/db/schema-302to303.sql
    [unwar] Unable to expand to file /var/lib/jenkins/workspace/junit-test/tomcat6/webapps/client/lib/jquery-ui/css/images/ui-bg_highlight-hard_75_a7c1d2_1x100.png
    [unwar] Unable to expand to file /var/lib/jenkins/workspace/junit-test/tomcat6/webapps/client/scripts/storage.js
    [unwar] Unable to expand to file /var/lib/jenkins/workspace/junit-test/tomcat6/webapps/client/WEB-INF/lib/scripts/vm/hypervisor/xenserver/upgrade_vnc_config.sh
    [unwar] Unable to expand to file /var/lib/jenkins/workspace/junit-test/tomcat6/webapps/client/images/screens/Network.jpg
    [unwar] Unable to expand to file /var/lib/jenkins/workspace/junit-test/tomcat6/webapps/client/images/screens/ZoneWizard-StorageTraffic.jpg
    [unwar] Unable to expand to file /var/lib/jenkins/workspace/junit-test/tomcat6/webapps/client/lib/jquery-ui/css/images/ui-bg_glass_55_fbf9ee_1x400.png
    [unwar] Unable to expand to file /var/lib/jenkins/workspace/junit-test/tomcat6/webapps/client/WEB-INF/lib/scripts/vm/hypervisor/xenserver/xenserver56/patch
    [unwar] Unable to expand to file /var/lib/jenkins/workspace/junit-test/tomcat6/webapps/client/images/screens/Events.jpg
    [unwar] Unable to expand to file /var/lib/jenkins/workspace/junit-test/tomcat6/webapps/client/images/screens/Dashboard.jpg
    [unwar] Unable to expand to file /var/lib/jenkins/workspace/junit-test/tomcat6/webapps/client/WEB-INF/lib/scripts/network/juniper/filter-term-getone.xml
    [unwar] Unable to expand to file /var/lib/jenkins/workspace/junit-test/tomcat6/webapps/client/WEB-INF/lib/db/db/schema-225to226.sql
    [unwar] Unable to expand to file /var/lib/jenkins/workspace/junit-test/tomcat6/webapps/client/WEB-INF/lib/cloud-xenserver-5.6.100-1.jar
    [unwar] Unable to expand to file /var/lib/jenkins/workspace/junit-test/tomcat6/webapps/client/WEB-INF/lib/cloud-dp-user-concentrated-pod.jar
    [unwar] Unable to expand to file /var/lib/jenkins/workspace/junit-test/tomcat6/webapps/client/images/screens/Projects.jpg
    [unwar] Unable to expand to file /var/lib/jenkins/workspace/junit-test/tomcat6/webapps/client/images/bg-nav-item.png
    [unwar] Unable to expand to file /var/lib/jenkins/workspace/junit-test/tomcat6/webapps/client/WEB-INF/lib/scripts/network/juniper/address-book-entry-add.xml
    [unwar] Unable to expand to file /var/lib/jenkins/workspace/junit-test/tomcat6/webapps/client/WEB-INF/lib/scripts/vm/hypervisor/xenserver/swiftxen
    [unwar] Unable to expand to file /var/lib/jenkins/workspace/junit-test/tomcat6/webapps/client/images/destroy-anim.gif
    [unwar] Unable to expand to file /var/lib/jenkins/workspace/junit-test/tomcat6/webapps/client/WEB-INF/lib/scripts/vm/systemvm/injectkeys.sh
    [unwar] Unable to expand to file /var/lib/jenkins/workspace/junit-test/tomcat6/webapps/client/WEB-INF/lib/scripts/util/qemu-ifup
    [unwar] Unable to expand to file /var/lib/jenkins/workspace/junit-test/tomcat6/webapps/client/WEB-INF/lib/cloud-commons-codec-1.5.jar
    [unwar] Unable to expand to file /var/lib/jenkins/workspace/junit-test/tomcat6/webapps/client/WEB-INF/lib/db/templates.sql
    [unwar] Unable to expand to file /var/lib/jenkins/workspace/junit-test/tomcat6/webapps/client/images/bg-dialog-body.png
    [unwar] Unable to expand to file /var/lib/jenkins/workspace/junit-test/tomcat6/webapps/client/WEB-INF/lib/scripts/storage/qcow2/createvm.sh
    [unwar] Unable to expand to file /var/lib/jenkins/workspace/junit-test/tomcat6/webapps/client/WEB-INF/lib/db/deploy-db-simulator.sh
    [unwar] Unable to expand to file /var/lib/jenkins/workspace/junit-test/tomcat6/webapps/client/WEB-INF/lib/cloud-commons-discovery.jar
    [unwar] Unable to expand to file /var/lib/jenkins/workspace/junit-test/tomcat6/webapps/client/images/bg-install-wizard-header.png
    [unwar] Failed to change file modification time
    [unwar] Unable to expand to file /var/lib/jenkins/workspace/junit-test/tomcat6/webapps/client/WEB-INF/lib/scripts/storage/installIso.sh
    [unwar] Unable to expand to file /var/lib/jenkins/workspace/junit-test/tomcat6/webapps/client/WEB-INF/lib/scripts/vm/hypervisor/kvm/setup_agent.sh
    [unwar] Unable to expand to file /var/lib/jenkins/workspace/junit-test/tomcat6/webapps/client/WEB-INF/lib/cloud-commons-collections-3.2.1.jar
    [unwar] Unable to expand to file /var/lib/jenkins/workspace/junit-test/tomcat6/webapps/client/WEB-INF/lib/scripts/network/juniper/static-nat-rule-getone.xml
    [unwar] Unable to expand to file /var/lib/jenkins/workspace/junit-test/tomcat6/webapps/client/images/sample-project-view.png
    [unwar] Unable to expand to file /var/lib/jenkins/workspace/junit-test/tomcat6/webapps/client/WEB-INF/lib/scripts/network/juniper/ike-gateway-getall.xml
    [unwar] Unable to expand to file /var/lib/jenkins/workspace/junit-test/tomcat6/webapps/client/WEB-INF/lib/scripts/network/juniper/address-pool-add.xml
    [unwar] Unable to expand to file /var/lib/jenkins/workspace/junit-test/tomcat6/webapps/client/WEB-INF/lib/scripts/network/juniper/static-nat-rule-add.xml
    [unwar] Unable to expand to file /var/lib/jenkins/workspace/junit-test/tomcat6/webapps/client/WEB-INF/lib/scripts/vm/hypervisor/xenserver/xenserver56/NFSSR.py
    [unwar] Unable to expand to file /var/lib/jenkins/workspace/junit-test/tomcat6/webapps/client/lib/jquery-ui/index.html
    [unwar] Unable to expand to file /var/lib/jenkins/workspace/junit-test/tomcat6/webapps/client/WEB-INF/lib/scripts/vm/hypervisor/xenserver/setupxenserver.sh
    [unwar] Unable to expand to file /var/lib/jenkins/workspace/junit-test/tomcat6/webapps/client/WEB-INF/lib/scripts/network/juniper/address-pool-getone.xml
    [unwar] Unable to expand to file /var/lib/jenkins/workspace/junit-test/tomcat6/webapps/client/WEB-INF/lib/db/db/schema-20to21.sql
    [unwar] Unable to expand to file /var/lib/jenkins/workspace/junit-test/tomcat6/webapps/client/scripts/dashboard.js
    [unwar] Unable to expand to file /var/lib/jenkins/workspace/junit-test/tomcat6/webapps/client/WEB-INF/lib/cloud-storage-allocator-random.jar
    [unwar] Unable to expand to file /var/lib/jenkins/workspace/junit-test/tomcat6/webapps/client/WEB-INF/lib/scripts/vm/hypervisor/xenserver/cloud-setup-bonding.sh
    [unwar] Unable to expand to file /var/lib/jenkins/workspace/junit-test/tomcat6/webapps/client/scripts/ui-custom/zoneWizard.js
    [unwar] Unable to expand to file /var/lib/jenkins/workspace/junit-test/tomcat6/webapps/client/lib/jquery-ui/css/images/ui-bg_glass_75_dadada_1x400.png
    [unwar] Unable to expand to file /var/lib/jenkins/workspace/junit-test/tomcat6/webapps/client/WEB-INF/lib/scripts/storage/qcow2/get_iqn.sh
    [unwar] Unable to expand to file /var/lib/jenkins/workspace/junit-test/tomcat6/webapps/client/WEB-INF/lib/db/db/schema-301to302-cleanup.sql
    [unwar] Unable to expand to file /var/lib/jenkins/workspace/junit-test/tomcat6/webapps/client/WEB-INF/lib/scripts/vm/hypervisor/xenserver/copy_vhd_from_secondarystorage.sh
    [unwar] Unable to expand to file /var/lib/jenkins/workspace/junit-test/tomcat6/webapps/client/lib/jquery-ui/css/images/ui-icons_cd0a0a_256x240.png
    [unwar] Unable to expand to file /var/lib/jenkins/workspace/junit-test/tomcat6/webapps/client/scripts/ui/widgets/detailView.js
    [unwar] Unable to expand to file /var/lib/jenkins/workspace/junit-test/tomcat6/webapps/client/WEB-INF/lib/scripts/vm/hypervisor/xenserver/xenserver56fp1/NFSSR.py
    [unwar] Unable to expand to file /var/lib/jenkins/workspace/junit-test/tomcat6/webapps/client/WEB-INF/lib/cloud-netscaler-sdx.jar
    [unwar] Unable to expand to file /var/lib/jenkins/workspace/junit-test/tomcat6/webapps/client/WEB-INF/lib/db/db/schema-221to222-cleanup.sql
    [unwar] Unable to expand to file /var/lib/jenkins/workspace/junit-test/tomcat6/webapps/client/WEB-INF/lib/cloud-user-authenticator-plaintext.jar
    [unwar] Unable to expand to file /var/lib/jenkins/workspace/junit-test/tomcat6/webapps/client/WEB-INF/lib/scripts/vm/hypervisor/xenserver/xcposs/vmopsSnapshot
    [unwar] Unable to expand to file /var/lib/jenkins/workspace/junit-test/tomcat6/webapps/client/scripts/ui-custom/physicalResources.js
    [unwar] Unable to expand to file /var/lib/jenkins/workspace/junit-test/tomcat6/webapps/client/WEB-INF/lib/scripts/vm/hypervisor/xenserver/xcposs/create_privatetemplate_from_snapshot.sh
    [unwar] Unable to expand to file /var/lib/jenkins/workspace/junit-test/tomcat6/webapps/client/images/ajax-loader.gif
    [unwar] Unable to expand to file /var/lib/jenkins/workspace/junit-test/tomcat6/webapps/client/scripts/projects.js
    [unwar] Unable to expand to file /var/lib/jenkins/workspace/junit-test/tomcat6/webapps/client/css/cloudstack3-ie7.css
    [unwar] Failed to change file modification time
    [unwar] Unable to expand to file /var/lib/jenkins/workspace/junit-test/tomcat6/webapps/client/WEB-INF/lib/scripts/installer/installcentos.sh
    [unwar] Unable to expand to file /var/lib/jenkins/workspace/junit-test/tomcat6/webapps/client/WEB-INF/lib/scripts/network/juniper/src-nat-rule-add.xml
    [unwar] Unable to expand to file /var/lib/jenkins/workspace/junit-test/tomcat6/webapps/client/WEB-INF/lib/cloud-mysql-connector-java-5.1.7-bin.jar
    [unwar] Unable to expand to file /var/lib/jenkins/workspace/junit-test/tomcat6/webapps/client/WEB-INF/lib/scripts/network/juniper/close-configuration.xml
    [unwar] Unable to expand to file /var/lib/jenkins/workspace/junit-test/tomcat6/webapps/client/WEB-INF/lib/scripts/network/juniper/proxy-arp-getone.xml
    [unwar] Unable to expand to file /var/lib/jenkins/workspace/junit-test/tomcat6/webapps/client/images/bg-nav-item-active.png
    [unwar] Unable to expand to file /var/lib/jenkins/workspace/junit-test/tomcat6/webapps/client/images/bg-network-nat.png
    [unwar] Unable to expand to file /var/lib/jenkins/workspace/junit-test/tomcat6/webapps/client/WEB-INF/lib/cloud-trilead-ssh2-build213.jar
    [unwar] Unable to expand to file /var/lib/jenkins/workspace/junit-test/tomcat6/webapps/client/WEB-INF/lib/scripts/network/juniper/dynamic-vpn-client-add.xml
    [unwar] Unable to expand to file /var/lib/jenkins/workspace/junit-test/tomcat6/webapps/client/scripts/ui-custom/vpc.js
    [unwar] Unable to expand to file /var/lib/jenkins/workspace/junit-test/tomcat6/webapps/client/lib/flot/jquery.flot.pie.js
    [unwar] Unable to expand to file /var/lib/jenkins/workspace/junit-test/tomcat6/webapps/client/WEB-INF/lib/db/create-database-premium.sql
    [unwar] Unable to expand to file /var/lib/jenkins/workspace/junit-test/tomcat6/webapps/client/scripts/ui/dialog.js
    [unwar] Unable to expand to file /var/lib/jenkins/workspace/junit-test/tomcat6/webapps/client/WEB-INF/lib/scripts/network/exdhcp/dnsmasq_edithosts.sh
    [unwar] Unable to expand to file /var/lib/jenkins/workspace/junit-test/tomcat6/webapps/client/WEB-INF/lib/db/create-index-fk.sql
    [unwar] Unable to expand to file /var/lib/jenkins/workspace/junit-test/tomcat6/webapps/client/images/screens/Storage.jpg
    [unwar] Unable to expand to file /var/lib/jenkins/workspace/junit-test/tomcat6/webapps/client/WEB-INF/lib/scripts/network/juniper/ike-policy-getall.xml
    [unwar] Unable to expand to file /var/lib/jenkins/workspace/junit-test/tomcat6/webapps/client/scripts/network.js
    [unwar] Unable to expand to file /var/lib/jenkins/workspace/junit-test/tomcat6/webapps/client/WEB-INF/lib/scripts/network/juniper/public-ip-filter-term-add.xml
    [unwar] Unable to expand to file /var/lib/jenkins/workspace/junit-test/tomcat6/webapps/client/images/screens/Events-Details.jpg
    [unwar] Unable to expand to file /var/lib/jenkins/workspace/junit-test/tomcat6/webapps/client/images/bg-details-tab-gradient.png
    [unwar] Unable to expand to file /var/lib/jenkins/workspace/junit-test/tomcat6/webapps/client/lib/jquery-ui/css/images/ui-bg_glass_75_e6e6e6_1x400.png
    [unwar] Failed to change file modification time
    [unwar] Failed to change file modification time
    [unwar] Unable to expand to file /var/lib/jenkins/workspace/junit-test/tomcat6/webapps/client/WEB-INF/lib/cloud-axis.jar
    [unwar] Unable to expand to file /var/lib/jenkins/workspace/junit-test/tomcat6/webapps/client/WEB-INF/lib/cloud-netscaler.jar
    [unwar] Unable to expand to file /var/lib/jenkins/workspace/junit-test/tomcat6/webapps/client/scripts/ui-custom/dashboard.js
    [unwar] Unable to expand to file /var/lib/jenkins/workspace/junit-test/tomcat6/webapps/client/WEB-INF/lib/scripts/vm/hypervisor/xenserver/xcposs/vmops
    [unwar] Unable to expand to file /var/lib/jenkins/workspace/junit-test/tomcat6/webapps/client/images/instance-wizard-parts.png
    [unwar] Unable to expand to file /var/lib/jenkins/workspace/junit-test/tomcat6/webapps/client/WEB-INF/lib/vmware-lib-jaxrpc.jar
    [unwar] Unable to expand to file /var/lib/jenkins/workspace/junit-test/tomcat6/webapps/client/WEB-INF/lib/scripts/vm/hypervisor/xenserver/xcpserver/NFSSR.py
    [unwar] Unable to expand to file /var/lib/jenkins/workspace/junit-test/tomcat6/webapps/client/WEB-INF/lib/cloud-utils.jar
    [unwar] Unable to expand to file /var/lib/jenkins/workspace/junit-test/tomcat6/webapps/client/WEB-INF/lib/scripts/vm/hypervisor/xenserver/network_info.sh
    [unwar] Unable to expand to file /var/lib/jenkins/workspace/junit-test/tomcat6/webapps/client/WEB-INF/lib/scripts/network/domr/getRouterStatus.sh
    [unwar] Unable to expand to file /var/lib/jenkins/workspace/junit-test/tomcat6/webapps/client/images/bg-breadcrumbs-project-view.png
    [unwar] Unable to expand to file /var/lib/jenkins/workspace/junit-test/tomcat6/webapps/client/WEB-INF/classes/resources/messages_es.properties
    [unwar] Unable to expand to file /var/lib/jenkins/workspace/junit-test/tomcat6/webapps/client/WEB-INF/lib/scripts/installer/createtmplt.sh
    [unwar] Failed to change file modification time
    [unwar] Unable to expand to file /var/lib/jenkins/workspace/junit-test/tomcat6/webapps/client/WEB-INF/lib/scripts/vm/hypervisor/xenserver/cloudstack_pluginlib.py
    [unwar] Unable to expand to file /var/lib/jenkins/workspace/junit-test/tomcat6/webapps/client/WEB-INF/lib/scripts/vm/hypervisor/xenserver/vmopspremium
    [unwar] Unable to expand to file /var/lib/jenkins/workspace/junit-test/tomcat6/webapps/client/WEB-INF/lib/scripts/network/juniper/zone-interface-getone.xml
    [unwar] Unable to expand to file /var/lib/jenkins/workspace/junit-test/tomcat6/webapps/client/images/bg-login.jpg
    [unwar] Unable to expand to file /var/lib/jenkins/workspace/junit-test/tomcat6/webapps/client/WEB-INF/lib/scripts/storage/secondary/swift
    [unwar] Unable to expand to file /var/lib/jenkins/workspace/junit-test/tomcat6/webapps/client/WEB-INF/lib/scripts/util/macgen.py
    [unwar] Unable to expand to file /var/lib/jenkins/workspace/junit-test/tomcat6/webapps/client/images/sample-wizard/step5.png
    [unwar] Unable to expand to file /var/lib/jenkins/workspace/junit-test/tomcat6/webapps/client/images/screens/ZoneWizard-AddSecondaryStorage.jpg
    [unwar] Unable to expand to file /var/lib/jenkins/workspace/junit-test/tomcat6/webapps/client/WEB-INF/lib/db/db/schema-227to228-premium.sql
    [unwar] Unable to expand to file /var/lib/jenkins/workspace/junit-test/tomcat6/webapps/client/WEB-INF/lib/db/server-setup.xml
    [unwar] Unable to expand to file /var/lib/jenkins/workspace/junit-test/tomcat6/webapps/client/WEB-INF/lib/db/create-schema-premium.sql
    [unwar] Unable to expand to file /var/lib/jenkins/workspace/junit-test/tomcat6/webapps/client/WEB-INF/lib/cloud-host-allocator-random.jar
    [unwar] Unable to expand to file /var/lib/jenkins/workspace/junit-test/tomcat6/webapps/client/WEB-INF/lib/scripts/vm/hypervisor/xenserver/xs_cleanup.sh
    [unwar] Unable to expand to file /var/lib/jenkins/workspace/junit-test/tomcat6/webapps/client/WEB-INF/lib/scripts/network/domr/getDomRVersion.sh
    [unwar] Unable to expand to file /var/lib/jenkins/workspace/junit-test/tomcat6/webapps/client/scripts/system.js
    [unwar] Unable to expand to file /var/lib/jenkins/workspace/junit-test/tomcat6/webapps/client/lib/jquery.validate.js
    [unwar] Unable to expand to file /var/lib/jenkins/workspace/junit-test/tomcat6/webapps/client/WEB-INF/lib/cloud-plugin-ovs.jar
    [unwar] Unable to expand to file /var/lib/jenkins/workspace/junit-test/tomcat6/webapps/client/WEB-INF/lib/scripts/network/juniper/ike-gateway-getone.xml
    [unwar] Unable to expand to file /var/lib/jenkins/workspace/junit-test/tomcat6/webapps/client/WEB-INF/lib/scripts/network/juniper/access-profile-getall.xml
    [unwar] Unable to expand to file /var/lib/jenkins/workspace/junit-test/tomcat6/webapps/client/images/logo-cloudplatform.png
    [unwar] Unable to expand to file /var/lib/jenkins/workspace/junit-test/tomcat6/webapps/client/WEB-INF/lib/scripts/network/juniper/login.xml
    [unwar] Unable to expand to file /var/lib/jenkins/workspace/junit-test/tomcat6/webapps/client/WEB-INF/lib/scripts/vm/systemvm/id_rsa.cloud
    [unwar] Unable to expand to file /var/lib/jenkins/workspace/junit-test/tomcat6/webapps/client/images/bg-system-chart-compute.png
    [unwar] Unable to expand to file /var/lib/jenkins/workspace/junit-test/tomcat6/webapps/client/WEB-INF/lib/scripts/network/juniper/ike-policy-getone.xml
    [unwar] Unable to expand to file /var/lib/jenkins/workspace/junit-test/tomcat6/webapps/client/images/icons.png
    [unwar] Unable to expand to file /var/lib/jenkins/workspace/junit-test/tomcat6/webapps/client/scripts/configuration.js
    [unwar] Unable to expand to file /var/lib/jenkins/workspace/junit-test/tomcat6/webapps/client/scripts/ui/widgets/listView.js
    [unwar] Unable to expand to file /var/lib/jenkins/workspace/junit-test/tomcat6/webapps/client/WEB-INF/lib/db/db/schema-2211to2212-premium.sql
    [unwar] Unable to expand to file /var/lib/jenkins/workspace/junit-test/tomcat6/webapps/client/scripts/domains.js
    [unwar] Unable to expand to file /var/lib/jenkins/workspace/junit-test/tomcat6/webapps/client/lib/jquery-ui/css/images/ui-bg_flat_75_ffffff_40x100.png
    [unwar] Unable to expand to file /var/lib/jenkins/workspace/junit-test/tomcat6/webapps/client/images/bg-login.png
    [unwar] Unable to expand to file /var/lib/jenkins/workspace/junit-test/tomcat6/webapps/client/WEB-INF/lib/db/db/schema-21to22-premium.sql
    [unwar] Unable to expand to file /var/lib/jenkins/workspace/junit-test/tomcat6/webapps/client/lib/flot/jquery.colorhelpers.js
    [unwar] Unable to expand to file /var/lib/jenkins/workspace/junit-test/tomcat6/webapps/client/WEB-INF/web.xml
    [unwar] Unable to expand to file /var/lib/jenkins/workspace/junit-test/tomcat6/webapps/client/lib/flot/jquery.flot.symbol.js
    [unwar] Unable to expand to file /var/lib/jenkins/workspace/junit-test/tomcat6/webapps/client/WEB-INF/lib/scripts/vm/pingtest.sh
    [unwar] Unable to expand to file /var/lib/jenkins/workspace/junit-test/tomcat6/webapps/client/images/logo-login-oss.png
    [unwar] Unable to expand to file /var/lib/jenkins/workspace/junit-test/tomcat6/webapps/client/WEB-INF/lib/cloud-vmware.jar
    [unwar] Unable to expand to file /var/lib/jenkins/workspace/junit-test/tomcat6/webapps/client/WEB-INF/lib/db/db/schema-22beta3to22beta4.sql
    [unwar] Unable to expand to file /var/lib/jenkins/workspace/junit-test/tomcat6/webapps/client/WEB-INF/lib/scripts/vm/hypervisor/xenserver/cloud-prepare-upgrade.sh
    [unwar] Unable to expand to file /var/lib/jenkins/workspace/junit-test/tomcat6/webapps/client/images/sample-wizard/step2.png
    [unwar] Unable to expand to file /var/lib/jenkins/workspace/junit-test/tomcat6/webapps/client/WEB-INF/lib/scripts/vm/hypervisor/xenserver/xcposs/NFSSR.py
    [unwar] Unable to expand to file /var/lib/jenkins/workspace/junit-test/tomcat6/webapps/client/WEB-INF/lib/scripts/network/juniper/private-interface-getone.xml
    [unwar] Failed to change file modification time
    [unwar] Unable to expand to file /var/lib/jenkins/workspace/junit-test/tomcat6/webapps/client/WEB-INF/lib/scripts/network/juniper/static-nat-rule-getall.xml
    [unwar] Failed to change file modification time
    [unwar] Unable to expand to file /var/lib/jenkins/workspace/junit-test/tomcat6/webapps/client/WEB-INF/lib/db/server-setup.sql
    [unwar] Unable to expand to file /var/lib/jenkins/workspace/junit-test/tomcat6/webapps/client/WEB-INF/lib/scripts/network/juniper/filter-getone.xml
    [unwar] Unable to expand to file /var/lib/jenkins/workspace/junit-test/tomcat6/webapps/client/lib/flot/jquery.flot.selection.js
    [unwar] Unable to expand to file /var/lib/jenkins/workspace/junit-test/tomcat6/webapps/client/lib/jquery-ui/css/images/ui-icons_222222_256x240.png
    [unwar] Unable to expand to file /var/lib/jenkins/workspace/junit-test/tomcat6/webapps/client/scripts/ui/events.js
    [unwar] Unable to expand to file /var/lib/jenkins/workspace/junit-test/tomcat6/webapps/client/images/screens/ZoneWizard-AddPrimaryStorage.jpg
    [unwar] Unable to expand to file /var/lib/jenkins/workspace/junit-test/tomcat6/webapps/client/WEB-INF/lib/cloud-xmlrpc-client-3.1.3.jar
    [unwar] Unable to expand to file /var/lib/jenkins/workspace/junit-test/tomcat6/webapps/client/WEB-INF/lib/cloud-iControl.jar
    [unwar] Failed to change file modification time
    [unwar] Unable to expand to file /var/lib/jenkins/workspace/junit-test/tomcat6/webapps/client/tests/test.core.js
    [unwar] Unable to expand to file /var/lib/jenkins/workspace/junit-test/tomcat6/webapps/client/WEB-INF/lib/scripts/network/juniper/private-interface-with-filters-add.xml
    [unwar] Unable to expand to file /var/lib/jenkins/workspace/junit-test/tomcat6/webapps/client/WEB-INF/lib/db/db/schema-2214to30.sql
    [unwar] Unable to expand to file /var/lib/jenkins/workspace/junit-test/tomcat6/webapps/client/WEB-INF/lib/scripts/network/domr/dhcp_entry.sh
    [unwar] Unable to expand to file /var/lib/jenkins/workspace/junit-test/tomcat6/webapps/client/lib/jquery-ui/css/images/ui-bg_glass_65_ffffff_1x400.png
    [unwar] Failed to change file modification time
    [unwar] Failed to change file modification time
    [unwar] Unable to expand to file /var/lib/jenkins/workspace/junit-test/tomcat6/webapps/client/WEB-INF/lib/db/templates.xenserver.sql
    [unwar] Unable to expand to file /var/lib/jenkins/workspace/junit-test/tomcat6/webapps/client/scripts/lbStickyPolicy.js
    [unwar] Unable to expand to file /var/lib/jenkins/workspace/junit-test/tomcat6/webapps/client/WEB-INF/lib/scripts/network/juniper/proxy-arp-getall.xml
    [unwar] Unable to expand to file /var/lib/jenkins/workspace/junit-test/tomcat6/webapps/client/WEB-INF/lib/scripts/vm/hypervisor/xenserver/xcpserver/patch
    [unwar] Unable to expand to file /var/lib/jenkins/workspace/junit-test/tomcat6/webapps/client/WEB-INF/lib/scripts/network/juniper/security-policy-rename.xml
    [unwar] Unable to expand to file /var/lib/jenkins/workspace/junit-test/tomcat6/webapps/client/WEB-INF/lib/scripts/storage/qcow2/get_domr_kernel.sh
    [unwar] Unable to expand to file /var/lib/jenkins/workspace/junit-test/tomcat6/webapps/client/WEB-INF/lib/db/clouddev.sql
    [unwar] Unable to expand to file /var/lib/jenkins/workspace/junit-test/tomcat6/webapps/client/scripts/ui-custom/ipRules.js
    [unwar] Unable to expand to file /var/lib/jenkins/workspace/junit-test/tomcat6/webapps/client/WEB-INF/lib/scripts/network/domr/vm_data.sh
    [unwar] Failed to change file modification time
    [unwar] Unable to expand to file /var/lib/jenkins/workspace/junit-test/tomcat6/webapps/client/WEB-INF/lib/scripts/storage/checkchildren.sh
    [unwar] Failed to change file modification time
    [unwar] Unable to expand to file /var/lib/jenkins/workspace/junit-test/tomcat6/webapps/client/WEB-INF/lib/scripts/network/juniper/dest-nat-rule-getone.xml
    [unwar] Unable to expand to file /var/lib/jenkins/workspace/junit-test/tomcat6/webapps/client/WEB-INF/lib/scripts/network/juniper/private-interface-add.xml
    [unwar] Failed to change file modification time
    [unwar] Unable to expand to file /var/lib/jenkins/workspace/junit-test/tomcat6/webapps/client/lib/jquery.cookies.js
    [unwar] Unable to expand to file /var/lib/jenkins/workspace/junit-test/tomcat6/webapps/client/images/bg-install-wizard-header.jpg
    [unwar] Unable to expand to file /var/lib/jenkins/workspace/junit-test/tomcat6/webapps/client/scripts/ui-custom/login.js
    [unwar] Unable to expand to file /var/lib/jenkins/workspace/junit-test/tomcat6/webapps/client/WEB-INF/lib/cloud-console-proxy.jar
    [unwar] Unable to expand to file /var/lib/jenkins/workspace/junit-test/tomcat6/webapps/client/images/sample-wizard/step6.png
    [unwar] Unable to expand to file /var/lib/jenkins/workspace/junit-test/tomcat6/webapps/client/WEB-INF/lib/scripts/storage/qcow2/listvolume.sh
    [unwar] Unable to expand to file /var/lib/jenkins/workspace/junit-test/tomcat6/webapps/client/scripts/ui-custom/recurringSnapshots.js
    [unwar] Unable to expand to file /var/lib/jenkins/workspace/junit-test/tomcat6/webapps/client/lib/reset.css
    [unwar] Unable to expand to file /var/lib/jenkins/workspace/junit-test/tomcat6/webapps/client/WEB-INF/lib/vmware-vim25.jar
    [unwar] Unable to expand to file /var/lib/jenkins/workspace/junit-test/tomcat6/webapps/client/lib/flot/jquery.flot.fillbetween.js
    [unwar] Unable to expand to file /var/lib/jenkins/workspace/junit-test/tomcat6/webapps/client/WEB-INF/lib/scripts/network/juniper/rollback.xml
    [unwar] Failed to change file modification time
    [unwar] Failed to change file modification time
    [unwar] Failed to change file modification time
    [unwar] Unable to expand to file /var/lib/jenkins/workspace/junit-test/tomcat6/webapps/client/WEB-INF/lib/cloud-plugin-nicira-nvp.jar
    [unwar] Unable to expand to file /var/lib/jenkins/workspace/junit-test/tomcat6/webapps/client/WEB-INF/lib/cloud-wsdl4j-1.6.2.jar
    [unwar] Unable to expand to file /var/lib/jenkins/workspace/junit-test/tomcat6/webapps/client/images/screens/MultiEdit.jpg
    [unwar] Unable to expand to file /var/lib/jenkins/workspace/junit-test/tomcat6/webapps/client/images/gradients.png
    [unwar] Unable to expand to file /var/lib/jenkins/workspace/junit-test/tomcat6/webapps/client/WEB-INF/lib/scripts/network/juniper/dest-nat-rule-getall.xml
    [unwar] Unable to expand to file /var/lib/jenkins/workspace/junit-test/tomcat6/webapps/client/WEB-INF/lib/cloud-ehcache.jar
    [unwar] Unable to expand to file /var/lib/jenkins/workspace/junit-test/tomcat6/webapps/client/WEB-INF/lib/scripts/storage/secondary/createtmplt.sh
    [unwar] Unable to expand to file /var/lib/jenkins/workspace/junit-test/tomcat6/webapps/client/images/bg-transparent-white.png
    [unwar] Unable to expand to file /var/lib/jenkins/workspace/junit-test/tomcat6/webapps/client/scripts/cloudStack.js
    [unwar] Unable to expand to file /var/lib/jenkins/workspace/junit-test/tomcat6/webapps/client/scripts/templates.js
    [unwar] Unable to expand to file /var/lib/jenkins/workspace/junit-test/tomcat6/webapps/client/WEB-INF/lib/scripts/installer/run_installer.sh
    [unwar] Unable to expand to file /var/lib/jenkins/workspace/junit-test/tomcat6/webapps/client/lib/jquery-ui/css/images/ui-icons_454545_256x240.png
    [unwar] Unable to expand to file /var/lib/jenkins/workspace/junit-test/tomcat6/webapps/client/WEB-INF/lib/scripts/network/juniper/address-book-entry-getall.xml
    [unwar] Unable to expand to file /var/lib/jenkins/workspace/junit-test/tomcat6/webapps/client/WEB-INF/lib/scripts/network/juniper/firewall-filter-bytes-getall.xml
    [unwar] Unable to expand to file /var/lib/jenkins/workspace/junit-test/tomcat6/webapps/client/WEB-INF/lib/scripts/vm/hypervisor/xenserver/cloudstack_plugins.conf
    [unwar] Unable to expand to file /var/lib/jenkins/workspace/junit-test/tomcat6/webapps/client/scripts/instances.js
    [unwar] Unable to expand to file /var/lib/jenkins/workspace/junit-test/tomcat6/webapps/client/images/screens/Projects-Details.jpg
    [unwar] Unable to expand to file /var/lib/jenkins/workspace/junit-test/tomcat6/webapps/client/lib/flot/jquery.flot.stack.js
    [unwar] Unable to expand to file /var/lib/jenkins/workspace/junit-test/tomcat6/webapps/client/WEB-INF/lib/cloud-jsch-0.1.42.jar
    [unwar] Unable to expand to file /var/lib/jenkins/workspace/junit-test/tomcat6/webapps/client/WEB-INF/lib/db/create-database.sql
    [unwar] Unable to expand to file /var/lib/jenkins/workspace/junit-test/tomcat6/webapps/client/images/bg-section-switcher.png
    [unwar] Unable to expand to file /var/lib/jenkins/workspace/junit-test/tomcat6/webapps/client/images/bg-breadcrumbs.png
    [unwar] Unable to expand to file /var/lib/jenkins/workspace/junit-test/tomcat6/webapps/client/WEB-INF/lib/scripts/vm/hypervisor/kvm/kvmheartbeat.sh
    [unwar] Unable to expand to file /var/lib/jenkins/workspace/junit-test/tomcat6/webapps/client/WEB-INF/lib/scripts/vm/hypervisor/xenserver/swift
    [unwar] Unable to expand to file /var/lib/jenkins/workspace/junit-test/tomcat6/webapps/client/WEB-INF/lib/scripts/network/domr/ipassoc.sh
    [unwar] Unable to expand to file /var/lib/jenkins/workspace/junit-test/tomcat6/webapps/client/WEB-INF/lib/scripts/vm/hypervisor/xenserver/check_heartbeat.sh
    [unwar] Failed to change file modification time
    [unwar] Failed to change file modification time
    [unwar] Unable to expand to file /var/lib/jenkins/workspace/junit-test/tomcat6/webapps/client/WEB-INF/lib/cloud-user-authenticator-ldap.jar
    [unwar] Unable to expand to file /var/lib/jenkins/workspace/junit-test/tomcat6/webapps/client/WEB-INF/lib/scripts/network/juniper/guest-vlan-filter-term-add.xml
    [unwar] Failed to change file modification time
    [unwar] Unable to expand to file /var/lib/jenkins/workspace/junit-test/tomcat6/webapps/client/WEB-INF/lib/cloud-ws-commons-util-1.0.2.jar
    [unwar] Unable to expand to file /var/lib/jenkins/workspace/junit-test/tomcat6/webapps/client/WEB-INF/lib/cloud-xstream-1.3.1.jar
    [unwar] Unable to expand to file /var/lib/jenkins/workspace/junit-test/tomcat6/webapps/client/WEB-INF/lib/cloud-commons-dbcp-1.4.jar
    [unwar] Unable to expand to file /var/lib/jenkins/workspace/junit-test/tomcat6/webapps/client/WEB-INF/lib/cloud-plugin-srx.jar
    [unwar] Unable to expand to file /var/lib/jenkins/workspace/junit-test/tomcat6/webapps/client/WEB-INF/lib/db/postprocess-20to21.sql
    [unwar] Unable to expand to file /var/lib/jenkins/workspace/junit-test/tomcat6/webapps/client/WEB-INF/lib/cloud-dp-user-dispersing.jar
    [unwar] Unable to expand to file /var/lib/jenkins/workspace/junit-test/tomcat6/webapps/client/WEB-INF/lib/db/deploy-db-clouddev.sh
    [unwar] Unable to expand to file /var/lib/jenkins/workspace/junit-test/tomcat6/webapps/client/WEB-INF/lib/scripts/vm/hypervisor/xenserver/xenheartbeat.sh
    [unwar] Failed to change file modification time
    [unwar] Unable to expand to file /var/lib/jenkins/workspace/junit-test/tomcat6/webapps/client/images/logo-login.png
    [unwar] Unable to expand to file /var/lib/jenkins/workspace/junit-test/tomcat6/webapps/client/lib/qunit/qunit.js
    [unwar] Unable to expand to file /var/lib/jenkins/workspace/junit-test/tomcat6/webapps/client/WEB-INF/lib/scripts/vm/hypervisor/xenserver/xcposs/copy_vhd_from_secondarystorage.sh
    [unwar] Failed to change file modification time
    [unwar] Unable to expand to file /var/lib/jenkins/workspace/junit-test/tomcat6/webapps/client/WEB-INF/lib/cloud-cglib.jar
    [unwar] Unable to expand to file /var/lib/jenkins/workspace/junit-test/tomcat6/webapps/client/images/bg-table-head.png
    [unwar] Unable to expand to file /var/lib/jenkins/workspace/junit-test/tomcat6/webapps/client/scripts/ui-custom/instanceWizard.js
    [unwar] Unable to expand to file /var/lib/jenkins/workspace/junit-test/tomcat6/webapps/client/WEB-INF/lib/cloud-wsdl4j.jar
    [unwar] Unable to expand to file /var/lib/jenkins/workspace/junit-test/tomcat6/webapps/client/images/bg-nav-item-project-view.png
    [unwar] Unable to expand to file /var/lib/jenkins/workspace/junit-test/tomcat6/webapps/client/scripts/zoneWizard.js
    [unwar] Unable to expand to file /var/lib/jenkins/workspace/junit-test/tomcat6/webapps/client/lib/jquery-ui/js/jquery-ui.js
    [unwar] Unable to expand to file /var/lib/jenkins/workspace/junit-test/tomcat6/webapps/client/WEB-INF/lib/scripts/network/juniper/security-policy-getall.xml
    [unwar] Failed to change file modification time
    [unwar] Unable to expand to file /var/lib/jenkins/workspace/junit-test/tomcat6/webapps/client/images/vm-instance-screen-sample.png
    [unwar] Unable to expand to file /var/lib/jenkins/workspace/junit-test/tomcat6/webapps/client/tests/test.detailView.js
    [unwar] Unable to expand to file /var/lib/jenkins/workspace/junit-test/tomcat6/webapps/client/WEB-INF/lib/scripts/storage/qcow2/createtmplt.sh
    [unwar] Unable to expand to file /var/lib/jenkins/workspace/junit-test/tomcat6/webapps/client/images/bg-system-network-traffic.png
    [unwar] Unable to expand to file /var/lib/jenkins/workspace/junit-test/tomcat6/webapps/client/WEB-INF/lib/db/22beta4to22GA.sql
    [unwar] Unable to expand to file /var/lib/jenkins/workspace/junit-test/tomcat6/webapps/client/images/bg-header.png
    [unwar] Unable to expand to file /var/lib/jenkins/workspace/junit-test/tomcat6/webapps/client/images/screens/ZoneWizard-AddCluster.jpg
    [unwar] Unable to expand to file /var/lib/jenkins/workspace/junit-test/tomcat6/webapps/client/images/sample-wizard/step4.png
    [unwar] Unable to expand to file /var/lib/jenkins/workspace/junit-test/tomcat6/webapps/client/images/screens/ProjectDashboard.png
    [unwar] Unable to expand to file /var/lib/jenkins/workspace/junit-test/tomcat6/webapps/client/WEB-INF/lib/scripts/network/domr/networkUsage.sh
    [unwar] Unable to expand to file /var/lib/jenkins/workspace/junit-test/tomcat6/webapps/client/WEB-INF/lib/scripts/network/domr/l2tp_vpn.sh
    [unwar] Unable to expand to file /var/lib/jenkins/workspace/junit-test/tomcat6/webapps/client/WEB-INF/lib/db/create-schema.sql
    [unwar] Unable to expand to file /var/lib/jenkins/workspace/junit-test/tomcat6/webapps/client/WEB-INF/lib/db/db/schema-22beta1to22beta2.sql
    [unwar] Unable to expand to file /var/lib/jenkins/workspace/junit-test/tomcat6/webapps/client/WEB-INF/lib/scripts/vm/hypervisor/xenserver/xenserver60/patch
    [unwar] Unable to expand to file /var/lib/jenkins/workspace/junit-test/tomcat6/webapps/client/WEB-INF/lib/cloud-user-authenticator-md5.jar
    [unwar] Unable to expand to file /var/lib/jenkins/workspace/junit-test/tomcat6/webapps/client/WEB-INF/lib/scripts/util/ipmi.py
    [unwar] Unable to expand to file /var/lib/jenkins/workspace/junit-test/tomcat6/webapps/client/WEB-INF/lib/scripts/network/juniper/ipsec-vpn-getone.xml
    [unwar] Failed to change file modification time
    [unwar] Unable to expand to file /var/lib/jenkins/workspace/junit-test/tomcat6/webapps/client/WEB-INF/lib/scripts/network/juniper/security-policy-getone.xml
    [unwar] Unable to expand to file /var/lib/jenkins/workspace/junit-test/tomcat6/webapps/client/WEB-INF/lib/db/db/schema-303to40.sql
    [unwar] Unable to expand to file /var/lib/jenkins/workspace/junit-test/tomcat6/webapps/client/META-INF/MANIFEST.MF
    [unwar] Unable to expand to file /var/lib/jenkins/workspace/junit-test/tomcat6/webapps/client/WEB-INF/lib/cloud-log4j-extras.jar
    [unwar] Unable to expand to file /var/lib/jenkins/workspace/junit-test/tomcat6/webapps/client/WEB-INF/lib/vmware-vim.jar
    [unwar] Unable to expand to file /var/lib/jenkins/workspace/junit-test/tomcat6/webapps/client/WEB-INF/lib/db/templates.simulator.sql
    [unwar] Unable to expand to file /var/lib/jenkins/workspace/junit-test/tomcat6/webapps/client/images/bg-button-view-more.png
    [unwar] Unable to expand to file /var/lib/jenkins/workspace/junit-test/tomcat6/webapps/client/WEB-INF/lib/cloud-vmware-base.jar
    [unwar] Unable to expand to file /var/lib/jenkins/workspace/junit-test/tomcat6/webapps/client/lib/jquery-ui/css/images/ui-icons_2e83ff_256x240.png
    [unwar] Unable to expand to file /var/lib/jenkins/workspace/junit-test/tomcat6/webapps/client/WEB-INF/lib/db/db/schema-21to22-cleanup.sql
    [unwar] Unable to expand to file /var/lib/jenkins/workspace/junit-test/tomcat6/webapps/client/WEB-INF/lib/scripts/network/juniper/application-getone.xml
    [unwar] Unable to expand to file /var/lib/jenkins/workspace/junit-test/tomcat6/webapps/client/tests/test.notifications.js
    [unwar] Unable to expand to file /var/lib/jenkins/workspace/junit-test/tomcat6/webapps/client/images/screens/Dashboard2.jpg
    [unwar] Unable to expand to file /var/lib/jenkins/workspace/junit-test/tomcat6/webapps/client/lib/jquery-ui/css/images/ui-bg_inset-soft_95_fef1ec_1x100.png
    [unwar] Unable to expand to file /var/lib/jenkins/workspace/junit-test/tomcat6/webapps/client/WEB-INF/lib/cloud-httpcore-4.0.jar
    [unwar] Unable to expand to file /var/lib/jenkins/workspace/junit-test/tomcat6/webapps/client/WEB-INF/lib/scripts/vm/hypervisor/xenserver/cloud-clean-vlan.sh
    [unwar] Unable to expand to file /var/lib/jenkins/workspace/junit-test/tomcat6/webapps/client/scripts/ui/core.js
    [unwar] Unable to expand to file /var/lib/jenkins/workspace/junit-test/tomcat6/webapps/client/WEB-INF/lib/cloud-xmlrpc-common-3.1.3.jar
    [unwar] Unable to expand to file /var/lib/jenkins/workspace/junit-test/tomcat6/webapps/client/WEB-INF/lib/db/templates.kvm.sql
    [unwar] Unable to expand to file /var/lib/jenkins/workspace/junit-test/tomcat6/webapps/client/WEB-INF/lib/db/create-schema-simulator.sql
    [unwar] Failed to change file modification time
    [unwar] Unable to expand to file /var/lib/jenkins/workspace/junit-test/tomcat6/webapps/client/WEB-INF/classes/resources/messages_ja.properties
    [unwar] Failed to change file modification time
    [unwar] Unable to expand to file /var/lib/jenkins/workspace/junit-test/tomcat6/webapps/client/WEB-INF/lib/cloud-jasypt-1.8.jar
    [unwar] Unable to expand to file /var/lib/jenkins/workspace/junit-test/tomcat6/webapps/client/WEB-INF/lib/scripts/storage/qcow2/managevolume.sh
    [unwar] Unable to expand to file /var/lib/jenkins/workspace/junit-test/tomcat6/webapps/client/WEB-INF/lib/scripts/vm/hypervisor/xenserver/vhd-util
    [unwar] Unable to expand to file /var/lib/jenkins/workspace/junit-test/tomcat6/webapps/client/WEB-INF/lib/cloud-backport-util-concurrent-3.0.jar
    [unwar] Unable to expand to file /var/lib/jenkins/workspace/junit-test/tomcat6/webapps/client/WEB-INF/lib/scripts/network/juniper/ike-gateway-add.xml
    [unwar] Unable to expand to file /var/lib/jenkins/workspace/junit-test/tomcat6/webapps/client/images/bg-notifications.png
    [unwar] Unable to expand to file /var/lib/jenkins/workspace/junit-test/tomcat6/webapps/client/images/sample-wizard/step1.png
    [unwar] Unable to expand to file /var/lib/jenkins/workspace/junit-test/tomcat6/webapps/client/scripts/ui-custom/uploadVolume.js
    [unwar] Unable to expand to file /var/lib/jenkins/workspace/junit-test/tomcat6/webapps/client/WEB-INF/lib/cloud-jnetpcap.jar
    [unwar] Unable to expand to file /var/lib/jenkins/workspace/junit-test/tomcat6/webapps/client/images/screens/ZoneWizard-SetupGuestTraffic.jpg
    [unwar] Failed to change file modification time
    [unwar] Failed to change file modification time
    [unwar] Unable to expand to file /var/lib/jenkins/workspace/junit-test/tomcat6/webapps/client/WEB-INF/lib/scripts/storage/qcow2/listvmdisksize.sh
    [unwar] Unable to expand to file /var/lib/jenkins/workspace/junit-test/tomcat6/webapps/client/WEB-INF/lib/scripts/vm/hypervisor/xenserver/kill_copy_process.sh
    [unwar] Unable to expand to file /var/lib/jenkins/workspace/junit-test/tomcat6/webapps/client/scripts/ui/utils.js
    [unwar] Unable to expand to file /var/lib/jenkins/workspace/junit-test/tomcat6/webapps/client/scripts/ui-custom/zoneChart.js
    [unwar] Unable to expand to file /var/lib/jenkins/workspace/junit-test/tomcat6/webapps/client/WEB-INF/lib/scripts/network/exdhcp/prepare_dnsmasq.sh
    [unwar] Unable to expand to file /var/lib/jenkins/workspace/junit-test/tomcat6/webapps/client/WEB-INF/lib/scripts/storage/qcow2/createvolume.sh
    [unwar] Unable to expand to file /var/lib/jenkins/workspace/junit-test/tomcat6/webapps/client/images/buttons.png
    [unwar] Unable to expand to file /var/lib/jenkins/workspace/junit-test/tomcat6/webapps/client/WEB-INF/lib/scripts/network/juniper/proxy-arp-add.xml
    [unwar] Failed to change file modification time
    [unwar] Unable to expand to file /var/lib/jenkins/workspace/junit-test/tomcat6/webapps/client/WEB-INF/lib/cloud-bcprov-jdk16-1.45.jar
    [unwar] Unable to expand to file /var/lib/jenkins/workspace/junit-test/tomcat6/webapps/client/WEB-INF/lib/db/db/schema-2213to2214.sql
    [unwar] Unable to expand to file /var/lib/jenkins/workspace/junit-test/tomcat6/webapps/client/images/screens/Templates.jpg
    [unwar] Unable to expand to file /var/lib/jenkins/workspace/junit-test/tomcat6/webapps/client/WEB-INF/lib/scripts/network/juniper/address-pool-getall.xml
    [unwar] Unable to expand to file /var/lib/jenkins/workspace/junit-test/tomcat6/webapps/client/images/bg-system-chart-lines.png
    [unwar] Unable to expand to file /var/lib/jenkins/workspace/junit-test/tomcat6/webapps/client/WEB-INF/lib/db/data-20to21.sql
    [unwar] Unable to expand to file /var/lib/jenkins/workspace/junit-test/tomcat6/webapps/client/WEB-INF/lib/db/221to222upgrade.sh
    [unwar] Unable to expand to file /var/lib/jenkins/workspace/junit-test/tomcat6/webapps/client/scripts/installWizard.js
    [unwar] Unable to expand to file /var/lib/jenkins/workspace/junit-test/tomcat6/webapps/client/images/bg-breadcrumb-project-view.png
    [unwar] Unable to expand to file /var/lib/jenkins/workspace/junit-test/tomcat6/webapps/client/WEB-INF/lib/cloud-server.jar
    [unwar] Unable to expand to file /var/lib/jenkins/workspace/junit-test/tomcat6/webapps/client/images/screens/Network-Details.jpg
    [unwar] Unable to expand to file /var/lib/jenkins/workspace/junit-test/tomcat6/webapps/client/WEB-INF/lib/scripts/network/juniper/src-nat-rule-getone.xml
    [unwar] Unable to expand to file /var/lib/jenkins/workspace/junit-test/tomcat6/webapps/client/WEB-INF/lib/db/db/schema-228to229.sql
    [unwar] Unable to expand to file /var/lib/jenkins/workspace/junit-test/tomcat6/webapps/client/images/sample-wizard/step3.png
    [unwar] Unable to expand to file /var/lib/jenkins/workspace/junit-test/tomcat6/webapps/client/images/bg-dialog-header.png
    [unwar] Unable to expand to file /var/lib/jenkins/workspace/junit-test/tomcat6/webapps/client/WEB-INF/lib/cloud-commons-lang-2.6.jar
    [unwar] Unable to expand to file /var/lib/jenkins/workspace/junit-test/tomcat6/webapps/client/scripts/accounts.js
    [unwar] Unable to expand to file /var/lib/jenkins/workspace/junit-test/tomcat6/webapps/client/WEB-INF/lib/db/db/schema-301to302.sql
    [unwar] Unable to expand to file /var/lib/jenkins/workspace/junit-test/tomcat6/webapps/client/WEB-INF/lib/scripts/network/exdhcp/dhcpd_edithosts.py
    [unwar] Unable to expand to file /var/lib/jenkins/workspace/junit-test/tomcat6/webapps/client/scripts/ui/widgets/notifications.js
    [unwar] Unable to expand to file /var/lib/jenkins/workspace/junit-test/tomcat6/webapps/client/WEB-INF/lib/scripts/network/juniper/ike-policy-add.xml
    [unwar] Failed to change file modification time
    [unwar] Unable to expand to file /var/lib/jenkins/workspace/junit-test/tomcat6/webapps/client/WEB-INF/lib/scripts/network/juniper/dynamic-vpn-client-getall.xml
    [unwar] Unable to expand to file /var/lib/jenkins/workspace/junit-test/tomcat6/webapps/client/WEB-INF/lib/cloud-api.jar
    [unwar] Unable to expand to file /var/lib/jenkins/workspace/junit-test/tomcat6/webapps/client/WEB-INF/lib/scripts/vm/network/vnet/modifyvlan.sh
    [unwar] Unable to expand to file /var/lib/jenkins/workspace/junit-test/tomcat6/webapps/client/WEB-INF/lib/cloud-plugin-netapp.jar
    [unwar] Unable to expand to file /var/lib/jenkins/workspace/junit-test/tomcat6/webapps/client/images/sprites.png
    [unwar] Unable to expand to file /var/lib/jenkins/workspace/junit-test/tomcat6/webapps/client/scripts/ui/widgets/treeView.js
    [unwar] Unable to expand to file /var/lib/jenkins/workspace/junit-test/tomcat6/webapps/client/WEB-INF/lib/scripts/network/juniper/dest-nat-pool-getall.xml
    [unwar] Unable to expand to file /var/lib/jenkins/workspace/junit-test/tomcat6/webapps/client/WEB-INF/lib/scripts/vm/hypervisor/xenserver/xcposs/patch
    [unwar] Unable to expand to file /var/lib/jenkins/workspace/junit-test/tomcat6/webapps/client/WEB-INF/lib/scripts/network/ping/prepare_tftp_bootfile.py
    [unwar] Unable to expand to file /var/lib/jenkins/workspace/junit-test/tomcat6/webapps/client/WEB-INF/lib/scripts/network/juniper/ipsec-vpn-add.xml
    [unwar] Unable to expand to file /var/lib/jenkins/workspace/junit-test/tomcat6/webapps/client/WEB-INF/lib/scripts/network/domr/save_password_to_domr.sh
    [unwar] Unable to expand to file /var/lib/jenkins/workspace/junit-test/tomcat6/webapps/client/WEB-INF/lib/scripts/vm/hypervisor/xenserver/launch_hb.sh
    [unwar] Unable to expand to file /var/lib/jenkins/workspace/junit-test/tomcat6/webapps/client/WEB-INF/lib/db/db/schema-snapshot-223to224.sql
    [unwar] Unable to expand to file /var/lib/jenkins/workspace/junit-test/tomcat6/webapps/client/WEB-INF/lib/db/db/schema-227to228.sql
    [unwar] Unable to expand to file /var/lib/jenkins/workspace/junit-test/tomcat6/webapps/client/WEB-INF/lib/scripts/storage/qcow2/modifyvlan.sh
    [unwar] Unable to expand to file /var/lib/jenkins/workspace/junit-test/tomcat6/webapps/client/WEB-INF/lib/scripts/installer/createvolume.sh
    [unwar] Unable to expand to file /var/lib/jenkins/workspace/junit-test/tomcat6/webapps/client/WEB-INF/lib/scripts/network/juniper/commit.xml
    [unwar] Unable to expand to file /var/lib/jenkins/workspace/junit-test/tomcat6/webapps/client/WEB-INF/lib/scripts/vm/hypervisor/xenserver/xenserver56/InterfaceReconfigure.py
    [unwar] Unable to expand to file /var/lib/jenkins/workspace/junit-test/tomcat6/webapps/client/images/bg-panel-shadow.png
    [unwar] Failed to change file modification time
    [unwar] Unable to expand to file /var/lib/jenkins/workspace/junit-test/tomcat6/webapps/client/WEB-INF/lib/scripts/storage/secondary/listvmtmplt.sh
    [unwar] Unable to expand to file /var/lib/jenkins/workspace/junit-test/tomcat6/webapps/client/WEB-INF/classes/resources/messages_zh_CN.properties
    [unwar] Unable to expand to file /var/lib/jenkins/workspace/junit-test/tomcat6/webapps/client/WEB-INF/lib/scripts/network/juniper/dest-nat-pool-add.xml
    [unwar] Unable to expand to file /var/lib/jenkins/workspace/junit-test/tomcat6/webapps/client/WEB-INF/lib/scripts/vm/hypervisor/xenserver/setup_iscsi.sh
    [unwar] Unable to expand to file /var/lib/jenkins/workspace/junit-test/tomcat6/webapps/client/WEB-INF/lib/db/db/schema-2214to30-cleanup.sql
    [unwar] Unable to expand to file /var/lib/jenkins/workspace/junit-test/tomcat6/webapps/client/WEB-INF/lib/cloud-agent.jar
    [unwar] Unable to expand to file /var/lib/jenkins/workspace/junit-test/tomcat6/webapps/client/WEB-INF/lib/scripts/network/juniper/src-nat-rule-getall.xml
    [unwar] Unable to expand to file /var/lib/jenkins/workspace/junit-test/tomcat6/webapps/client/WEB-INF/lib/db/index-212to213.sql
    [unwar] Unable to expand to file /var/lib/jenkins/workspace/junit-test/tomcat6/webapps/client/lib/jquery.easing.js
    [unwar] Unable to expand to file /var/lib/jenkins/workspace/junit-test/tomcat6/webapps/client/images/bg-network.png
    [unwar] Failed to change file modification time
    [unwar] Unable to expand to file /var/lib/jenkins/workspace/junit-test/tomcat6/webapps/client/WEB-INF/lib/cloud-ovm.jar
    [unwar] Unable to expand to file /var/lib/jenkins/workspace/junit-test/tomcat6/webapps/client/WEB-INF/lib/scripts/network/juniper/security-policy-add.xml
    [unwar] Unable to expand to file /var/lib/jenkins/workspace/junit-test/tomcat6/webapps/client/WEB-INF/lib/scripts/installer/installdomp.sh
    [unwar] Unable to expand to file /var/lib/jenkins/workspace/junit-test/tomcat6/webapps/client/lib/jquery-ui/css/jquery-ui.css
    [unwar] Unable to expand to file /var/lib/jenkins/workspace/junit-test/tomcat6/webapps/client/lib/date.js
    [touch] Creating /var/lib/jenkins/workspace/junit-test/tomcat6/webapps/client/WEB-INF/lib/scripts/vm/hypervisor/xenserver/version

[8mha:AAAAYB+LCAAAAAAAAABb85aBtbiIQSGjNKU4P0+vJLE4u1gvPjGvRM8xr8S/tCQ5PzfVL78ktUuDM0uMry+HiYGhoohBCqo8OT+vOD8nVc8ZQoMUMkAAI0hhAQAUXUdTXgAAAA==[0mBUILD FAILED
/var/lib/jenkins/workspace/junit-test/build/developer.xml:188: Could not create /var/lib/jenkins/workspace/junit-test/tomcat6/webapps/client/WEB-INF/lib/scripts/vm/hypervisor/xenserver/version

Total time: 3 minutes 43 seconds
Build step 'Invoke Ant' marked build as failure
Archiving artifacts
Recording test results
Finished: FAILURE
