Started by timer
Checkout:Unit tests / /var/lib/jenkins/workspace/Unit tests - hudson.remoting.LocalChannel@16acd4a
Using strategy: Default
Last Built Revision: Revision 13020f2a461a9af732a7044e04c144f566d0adeb (origin/master)
Checkout:Unit tests / /var/lib/jenkins/workspace/Unit tests - hudson.remoting.LocalChannel@16acd4a
Fetching changes from 1 remote Git repository
Fetching upstream changes from git://github.com/CloudStack/CloudStack.git
Commencing build of Revision 184478f076cb513e88d7d5cd07281caa92f2d86d (origin/master)
Checking out Revision 184478f076cb513e88d7d5cd07281caa92f2d86d (origin/master)
[Unit tests] $ ant unittest
Buildfile: /var/lib/jenkins/workspace/Unit tests/build.xml
     [echo] Using build parameters from /var/lib/jenkins/workspace/Unit tests/build/build-cloud.properties
     [echo] Using company info from /var/lib/jenkins/workspace/Unit tests/build/cloud.properties
     [echo] Using override file from /var/lib/jenkins/workspace/Unit tests/build/replace.properties

[8mha:AAAAYB+LCAAAAAAAAABb85aBtbiIQT6jNKU4P0+vJLE4u1gvPjGvRM8xryQksSg9tcQvvyTVvqNr/s+Vl9uYGBgqihikoKqT8/OK83NS9ZwhNEghAwQwghQWAADROOumXQAAAA==[0m-init:
     [echo] builder: jenkins at domU-12-31-39-15-22-2D, on 2012-01-27T23:45:21Z
     [echo] Build number is 3.0.0.2012-01-27T23:45:21Z

[8mha:AAAAYB+LCAAAAAAAAABb85aBtbiIQT6jNKU4P0+vJLE4u1gvPjGvRM8xryQksSg9tcQvvyTVvqNr/s+Vl9uYGBgqihikoKqT8/OK83NS9ZwhNEghAwQwghQWAADROOumXQAAAA==[0mcompile-utils:
     [echo] Compiling /var/lib/jenkins/workspace/Unit tests/utils/src
      [jar] Updating jar: /var/lib/jenkins/workspace/Unit tests/target/jar/cloud-utils.jar

[8mha:AAAAYB+LCAAAAAAAAABb85aBtbiIQT6jNKU4P0+vJLE4u1gvPjGvRM8xryQksSg9tcQvvyTVvqNr/s+Vl9uYGBgqihikoKqT8/OK83NS9ZwhNEghAwQwghQWAADROOumXQAAAA==[0mcompile-api:
     [echo] Compiling /var/lib/jenkins/workspace/Unit tests/api/src
      [jar] Updating jar: /var/lib/jenkins/workspace/Unit tests/target/jar/cloud-api.jar

[8mha:AAAAYB+LCAAAAAAAAABb85aBtbiIQT6jNKU4P0+vJLE4u1gvPjGvRM8xryQksSg9tcQvvyTVvqNr/s+Vl9uYGBgqihikoKqT8/OK83NS9ZwhNEghAwQwghQWAADROOumXQAAAA==[0mcompile-vmware-base:
     [echo] Compiling /var/lib/jenkins/workspace/Unit tests/vmware-base/src
      [jar] Updating jar: /var/lib/jenkins/workspace/Unit tests/target/jar/cloud-vmware-base.jar

[8mha:AAAAYB+LCAAAAAAAAABb85aBtbiIQT6jNKU4P0+vJLE4u1gvPjGvRM8xryQksSg9tcQvvyTVvqNr/s+Vl9uYGBgqihikoKqT8/OK83NS9ZwhNEghAwQwghQWAADROOumXQAAAA==[0mcompile-core:
     [echo] Compiling /var/lib/jenkins/workspace/Unit tests/core/src
      [jar] Updating jar: /var/lib/jenkins/workspace/Unit tests/target/jar/cloud-core.jar

[8mha:AAAAYB+LCAAAAAAAAABb85aBtbiIQT6jNKU4P0+vJLE4u1gvPjGvRM8xryQksSg9tcQvvyTVvqNr/s+Vl9uYGBgqihikoKqT8/OK83NS9ZwhNEghAwQwghQWAADROOumXQAAAA==[0mcompile-agent:
     [echo] Compiling /var/lib/jenkins/workspace/Unit tests/agent/src
      [jar] Updating jar: /var/lib/jenkins/workspace/Unit tests/target/jar/cloud-agent.jar

[8mha:AAAAYB+LCAAAAAAAAABb85aBtbiIQT6jNKU4P0+vJLE4u1gvPjGvRM8xryQksSg9tcQvvyTVvqNr/s+Vl9uYGBgqihikoKqT8/OK83NS9ZwhNEghAwQwghQWAADROOumXQAAAA==[0mcompile-server:
   [depend] Deleted 2 out of date files in 0 seconds
     [echo] Compiling /var/lib/jenkins/workspace/Unit tests/server/src
    [javac] Compiling 2 source files to /var/lib/jenkins/workspace/Unit tests/target/classes/cloud-server.jar
      [jar] Updating jar: /var/lib/jenkins/workspace/Unit tests/target/jar/cloud-server.jar

[8mha:AAAAYB+LCAAAAAAAAABb85aBtbiIQT6jNKU4P0+vJLE4u1gvPjGvRM8xryQksSg9tcQvvyTVvqNr/s+Vl9uYGBgqihikoKqT8/OK83NS9ZwhNEghAwQwghQWAADROOumXQAAAA==[0mcompile-ovm:
     [echo] Compiling /var/lib/jenkins/workspace/Unit tests/ovm/src
      [jar] Updating jar: /var/lib/jenkins/workspace/Unit tests/target/jar/cloud-ovm.jar

[8mha:AAAAYB+LCAAAAAAAAABb85aBtbiIQT6jNKU4P0+vJLE4u1gvPjGvRM8xryQksSg9tcQvvyTVvqNr/s+Vl9uYGBgqihikoKqT8/OK83NS9ZwhNEghAwQwghQWAADROOumXQAAAA==[0mcompile-all:

[8mha:AAAAYB+LCAAAAAAAAABb85aBtbiIQT6jNKU4P0+vJLE4u1gvPjGvRM8xryQksSg9tcQvvyTVvqNr/s+Vl9uYGBgqihikoKqT8/OK83NS9ZwhNEghAwQwghQWAADROOumXQAAAA==[0mcompile-tests:
     [echo] Compiling /var/lib/jenkins/workspace/Unit tests/utils/test
     [echo] Compiling /var/lib/jenkins/workspace/Unit tests/server/test
    [javac] Compiling 35 source files to /var/lib/jenkins/workspace/Unit tests/unittest/classes/server-test.jar
      [jar] Building jar: /var/lib/jenkins/workspace/Unit tests/unittest/jar/server-test.jar

[8mha:AAAAYB+LCAAAAAAAAABb85aBtbiIQT6jNKU4P0+vJLE4u1gvPjGvRM8xryQksSg9tcQvvyTVvqNr/s+Vl9uYGBgqihikoKqT8/OK83NS9ZwhNEghAwQwghQWAADROOumXQAAAA==[0munittest:

[8mha:AAAAYB+LCAAAAAAAAABb85aBtbiIQSGjNKU4P0+vJLE4u1gvPjGvRM8xr8S/tCQ5PzfVL78ktUuDM0uMry+HiYGhoohBCqo8OT+vOD8nVc8ZQoMUMkAAI0hhAQAUXUdTXgAAAA==[0mBUILD FAILED
/var/lib/jenkins/workspace/Unit tests/build/developer.xml:293: Problem: failed to create task or type junit
Cause: the class org.apache.tools.ant.taskdefs.optional.junit.JUnitTask was not found.
        This looks like one of Ant's optional components.
Action: Check that the appropriate optional JAR exists in
        -/usr/share/ant/lib
        -/var/lib/jenkins/.ant/lib
        -a directory added on the command line with the -lib argument

Do not panic, this is a common problem.
The commonest cause is a missing JAR.

This is not a bug; it is a configuration problem


Total time: 19 seconds
Build step 'Invoke Ant' marked build as failure
Finished: FAILURE
