Started by timer
Checkout:Automated Test Runs / /var/lib/jenkins/workspace/Automated Test Runs - hudson.remoting.LocalChannel@16acd4a
Using strategy: Default
Last Built Revision: Revision 3193e1ec9fbec5cca65b434c8f529a702498c1fa (origin/master)
Checkout:Automated Test Runs / /var/lib/jenkins/workspace/Automated Test Runs - hudson.remoting.LocalChannel@16acd4a
Fetching changes from 1 remote Git repository
Fetching upstream changes from git@github.com:CloudStack/CloudStack.git
Commencing build of Revision df09a1f8d1000a17b68637fe16bcf3c4f4ea8a04 (origin/master)
Checking out Revision df09a1f8d1000a17b68637fe16bcf3c4f4ea8a04 (origin/master)
[Automated Test Runs] $ ant build-all deploy-server deploydb start-tomcat xmltest-hudson stop-tomcat clean-tomcat
Buildfile: /var/lib/jenkins/workspace/Automated Test Runs/build.xml
     [echo] Using build parameters from /var/lib/jenkins/workspace/Automated Test Runs/build/build-cloud.properties
     [echo] Using company info from /var/lib/jenkins/workspace/Automated Test Runs/build/cloud.properties
     [echo] Using override file from /var/lib/jenkins/workspace/Automated Test Runs/build/replace.properties

[8mha:AAAAYB+LCAAAAAAAAABb85aBtbiIQT6jNKU4P0+vJLE4u1gvPjGvRM8xryQksSg9tcQvvyTVvqNr/s+Vl9uYGBgqihikoKqT8/OK83NS9ZwhNEghAwQwghQWAADROOumXQAAAA==[0m-init:
     [echo] builder: jenkins at domU-12-31-39-15-22-2D, on 2012-02-02T17:00:21Z
     [echo] Build number is 3.0.0.2012-02-02T17:00:21Z

[8mha:AAAAYB+LCAAAAAAAAABb85aBtbiIQT6jNKU4P0+vJLE4u1gvPjGvRM8xryQksSg9tcQvvyTVvqNr/s+Vl9uYGBgqihikoKqT8/OK83NS9ZwhNEghAwQwghQWAADROOumXQAAAA==[0mcompile-utils:
     [echo] Compiling /var/lib/jenkins/workspace/Automated Test Runs/utils/src
      [jar] Updating jar: /var/lib/jenkins/workspace/Automated Test Runs/target/jar/cloud-utils.jar

[8mha:AAAAYB+LCAAAAAAAAABb85aBtbiIQT6jNKU4P0+vJLE4u1gvPjGvRM8xryQksSg9tcQvvyTVvqNr/s+Vl9uYGBgqihikoKqT8/OK83NS9ZwhNEghAwQwghQWAADROOumXQAAAA==[0mcompile-api:
     [echo] Compiling /var/lib/jenkins/workspace/Automated Test Runs/api/src
      [jar] Updating jar: /var/lib/jenkins/workspace/Automated Test Runs/target/jar/cloud-api.jar

[8mha:AAAAYB+LCAAAAAAAAABb85aBtbiIQT6jNKU4P0+vJLE4u1gvPjGvRM8xryQksSg9tcQvvyTVvqNr/s+Vl9uYGBgqihikoKqT8/OK83NS9ZwhNEghAwQwghQWAADROOumXQAAAA==[0mcompile-vmware-base:
     [echo] Compiling /var/lib/jenkins/workspace/Automated Test Runs/vmware-base/src
      [jar] Updating jar: /var/lib/jenkins/workspace/Automated Test Runs/target/jar/cloud-vmware-base.jar

[8mha:AAAAYB+LCAAAAAAAAABb85aBtbiIQT6jNKU4P0+vJLE4u1gvPjGvRM8xryQksSg9tcQvvyTVvqNr/s+Vl9uYGBgqihikoKqT8/OK83NS9ZwhNEghAwQwghQWAADROOumXQAAAA==[0mcompile-core:
   [depend] Deleted 1 out of date files in 0 seconds
     [echo] Compiling /var/lib/jenkins/workspace/Automated Test Runs/core/src
    [javac] Compiling 27 source files to /var/lib/jenkins/workspace/Automated Test Runs/target/classes/cloud-core.jar
    [javac] /var/lib/jenkins/workspace/Automated Test Runs/core/src/com/cloud/storage/SwiftVO.java:37: com.cloud.storage.SwiftVO is not abstract and does not override abstract method getToken() in com.cloud.storage.Swift
    [javac] public class SwiftVO implements Swift, Identity {
    [javac]        ^
    [javac] /var/lib/jenkins/workspace/Automated Test Runs/core/src/com/cloud/storage/SwiftVO.java:71: method does not override or implement a method from a supertype
    [javac]     @Override
    [javac]     ^
    [javac] /var/lib/jenkins/workspace/Automated Test Runs/core/src/com/cloud/storage/SwiftVO.java:75: method does not override or implement a method from a supertype
    [javac]     @Override
    [javac]     ^
    [javac] /var/lib/jenkins/workspace/Automated Test Runs/core/src/com/cloud/storage/SwiftVO.java:87: method does not override or implement a method from a supertype
    [javac]     @Override
    [javac]     ^
    [javac] /var/lib/jenkins/workspace/Automated Test Runs/core/src/com/cloud/storage/SwiftVO.java:96: method does not override or implement a method from a supertype
    [javac]     @Override
    [javac]     ^
    [javac] 5 errors

[8mha:AAAAYB+LCAAAAAAAAABb85aBtbiIQSGjNKU4P0+vJLE4u1gvPjGvRM8xr8S/tCQ5PzfVL78ktUuDM0uMry+HiYGhoohBCqo8OT+vOD8nVc8ZQoMUMkAAI0hhAQAUXUdTXgAAAA==[0mBUILD FAILED
/var/lib/jenkins/workspace/Automated Test Runs/build/build-cloud.xml:202: The following error occurred while executing this line:
/var/lib/jenkins/workspace/Automated Test Runs/build/build-common.xml:49: Compile failed; see the compiler error output for details.

Total time: 13 seconds
Build step 'Invoke Ant' marked build as failure
Finished: FAILURE
